#
# There is insufficient memory for the Java Runtime Environment to continue.
# Native memory allocation (malloc) failed to allocate 1953456 bytes for Chunk::new
# Possible reasons:
#   The system is out of physical RAM or swap space
#   The process is running with CompressedOops enabled, and the Java Heap may be blocking the growth of the native heap
# Possible solutions:
#   Reduce memory load on the system
#   Increase physical memory or swap space
#   Check if swap backing store is full
#   Decrease Java heap size (-Xmx/-Xms)
#   Decrease number of Java threads
#   Decrease Java thread stack sizes (-Xss)
#   Set larger code cache with -XX:ReservedCodeCacheSize=
#   JVM is running with Unscaled Compressed Oops mode in which the Java heap is
#     placed in the first 4GB address space. The Java Heap base address is the
#     maximum limit for the native heap growth. Please use -XX:HeapBaseMinAddress
#     to set the Java Heap base and to place the Java Heap above 4GB virtual address.
# This output file may be truncated or incomplete.
#
#  Out of Memory Error (./src/hotspot/share/memory/arena.cpp:197), pid=14660, tid=7000
#
# JRE version: OpenJDK Runtime Environment (11.0.11+9) (build 11.0.11+9-b60-7590822)
# Java VM: OpenJDK 64-Bit Server VM (11.0.11+9-b60-7590822, mixed mode, tiered, compressed oops, g1 gc, windows-amd64)
# No core dump will be written. Minidumps are not enabled by default on client versions of Windows
#

---------------  S U M M A R Y ------------

Command Line: -XX:MaxMetaspaceSize=256m -XX:+HeapDumpOnOutOfMemoryError --add-opens=java.base/java.util=ALL-UNNAMED --add-opens=java.base/java.lang=ALL-UNNAMED --add-opens=java.base/java.lang.invoke=ALL-UNNAMED --add-opens=java.base/java.util=ALL-UNNAMED --add-opens=java.prefs/java.util.prefs=ALL-UNNAMED --add-opens=java.prefs/java.util.prefs=ALL-UNNAMED --add-opens=java.base/java.nio.charset=ALL-UNNAMED --add-opens=java.base/java.net=ALL-UNNAMED --add-opens=java.base/java.util.concurrent.atomic=ALL-UNNAMED -Xms256m -Xmx512m -Dfile.encoding=windows-1252 -Duser.country=IT -Duser.language=it -Duser.variant org.gradle.launcher.daemon.bootstrap.GradleDaemon 7.3

Host: Intel(R) Core(TM) i5-8400 CPU @ 2.80GHz, 6 cores, 15G,  Windows 10 , 64 bit Build 19041 (10.0.19041.1503)
Time: Tue Mar  8 11:15:35 2022 ora solare Europa occidentale elapsed time: 26.957417 seconds (0d 0h 0m 26s)

---------------  T H R E A D  ---------------

Current thread (0x0000029f5463c000):  JavaThread "C2 CompilerThread1" daemon [_thread_in_native, id=7000, stack(0x000000a963800000,0x000000a963900000)]


Current CompileTask:
C2:  26957 13518       4       org.jetbrains.kotlin.com.intellij.lang.impl.PsiBuilderImpl::insertLeaves (88 bytes)

Stack: [0x000000a963800000,0x000000a963900000]
Native frames: (J=compiled Java code, j=interpreted, Vv=VM code, C=native code)
V  [jvm.dll+0x5f214a]
V  [jvm.dll+0x726fb5]
V  [jvm.dll+0x7285cd]
V  [jvm.dll+0x728c83]
V  [jvm.dll+0x243278]
V  [jvm.dll+0xbc53c]
V  [jvm.dll+0xbca3c]
V  [jvm.dll+0x353e7d]
V  [jvm.dll+0x19895c]
V  [jvm.dll+0x1fc2ee]
V  [jvm.dll+0x1fb3d4]
V  [jvm.dll+0x183d6c]
V  [jvm.dll+0x209a57]
V  [jvm.dll+0x2082a1]
V  [jvm.dll+0x6ef58f]
V  [jvm.dll+0x6e80b5]
V  [jvm.dll+0x5f1036]
C  [ucrtbase.dll+0x21bb2]
C  [KERNEL32.DLL+0x17034]
C  [ntdll.dll+0x52651]


---------------  P R O C E S S  ---------------

Threads class SMR info:
_java_thread_list=0x0000029f56c292e0, length=39, elements={
0x0000029f39120000, 0x0000029f4f856800, 0x0000029f4f859800, 0x0000029f4f879800,
0x0000029f4f87c000, 0x0000029f4f880000, 0x0000029f4f883800, 0x0000029f4f885000,
0x0000029f501fb000, 0x0000029f50367800, 0x0000029f51b29800, 0x0000029f50542000,
0x0000029f517a9000, 0x0000029f537c0000, 0x0000029f52863000, 0x0000029f539ba000,
0x0000029f524c1000, 0x0000029f524c1800, 0x0000029f52cd2000, 0x0000029f52a17000,
0x0000029f52a11000, 0x0000029f52a15800, 0x0000029f52a13000, 0x0000029f52a18000,
0x0000029f52a16000, 0x0000029f52a13800, 0x0000029f52a12000, 0x0000029f52a14800,
0x0000029f52561000, 0x0000029f5255e800, 0x0000029f5255e000, 0x0000029f5255b800,
0x0000029f5255f800, 0x0000029f52560800, 0x0000029f52562000, 0x0000029f5255c000,
0x0000029f5463d800, 0x0000029f54641000, 0x0000029f5463c000
}

Java Threads: ( => current thread )
  0x0000029f39120000 JavaThread "main" [_thread_blocked, id=1880, stack(0x000000a960700000,0x000000a960800000)]
  0x0000029f4f856800 JavaThread "Reference Handler" daemon [_thread_blocked, id=15416, stack(0x000000a960e00000,0x000000a960f00000)]
  0x0000029f4f859800 JavaThread "Finalizer" daemon [_thread_blocked, id=3572, stack(0x000000a960f00000,0x000000a961000000)]
  0x0000029f4f879800 JavaThread "Signal Dispatcher" daemon [_thread_blocked, id=6336, stack(0x000000a961000000,0x000000a961100000)]
  0x0000029f4f87c000 JavaThread "Attach Listener" daemon [_thread_blocked, id=14824, stack(0x000000a961100000,0x000000a961200000)]
  0x0000029f4f880000 JavaThread "Service Thread" daemon [_thread_blocked, id=2784, stack(0x000000a961200000,0x000000a961300000)]
  0x0000029f4f883800 JavaThread "C2 CompilerThread0" daemon [_thread_in_native, id=17084, stack(0x000000a961300000,0x000000a961400000)]
  0x0000029f4f885000 JavaThread "C1 CompilerThread0" daemon [_thread_in_native, id=12088, stack(0x000000a961400000,0x000000a961500000)]
  0x0000029f501fb000 JavaThread "Sweeper thread" daemon [_thread_blocked, id=12376, stack(0x000000a961500000,0x000000a961600000)]
  0x0000029f50367800 JavaThread "Common-Cleaner" daemon [_thread_blocked, id=5148, stack(0x000000a961600000,0x000000a961700000)]
  0x0000029f51b29800 JavaThread "Daemon health stats" [_thread_blocked, id=8248, stack(0x000000a961e00000,0x000000a961f00000)]
  0x0000029f50542000 JavaThread "Incoming local TCP Connector on port 53092" [_thread_in_native, id=12668, stack(0x000000a961800000,0x000000a961900000)]
  0x0000029f517a9000 JavaThread "Daemon periodic checks" [_thread_blocked, id=1468, stack(0x000000a961f00000,0x000000a962000000)]
  0x0000029f537c0000 JavaThread "Daemon" [_thread_blocked, id=14344, stack(0x000000a962000000,0x000000a962100000)]
  0x0000029f52863000 JavaThread "Handler for socket connection from /127.0.0.1:53092 to /127.0.0.1:53093" [_thread_in_native, id=17536, stack(0x000000a962100000,0x000000a962200000)]
  0x0000029f539ba000 JavaThread "Cancel handler" [_thread_blocked, id=668, stack(0x000000a962200000,0x000000a962300000)]
  0x0000029f524c1000 JavaThread "Daemon worker" [_thread_in_Java, id=8740, stack(0x000000a962300000,0x000000a962400000)]
  0x0000029f524c1800 JavaThread "Asynchronous log dispatcher for DefaultDaemonConnection: socket connection from /127.0.0.1:53092 to /127.0.0.1:53093" [_thread_blocked, id=14960, stack(0x000000a962400000,0x000000a962500000)]
  0x0000029f52cd2000 JavaThread "Stdin handler" [_thread_blocked, id=17768, stack(0x000000a962500000,0x000000a962600000)]
  0x0000029f52a17000 JavaThread "Daemon client event forwarder" [_thread_blocked, id=19868, stack(0x000000a962600000,0x000000a962700000)]
  0x0000029f52a11000 JavaThread "Cache worker for journal cache (C:\Users\Francesco\.gradle\caches\journal-1)" [_thread_blocked, id=7068, stack(0x000000a962700000,0x000000a962800000)]
  0x0000029f52a15800 JavaThread "File lock request listener" [_thread_in_native, id=7424, stack(0x000000a962800000,0x000000a962900000)]
  0x0000029f52a13000 JavaThread "Cache worker for file hash cache (C:\Users\Francesco\.gradle\caches\7.3\fileHashes)" [_thread_blocked, id=9436, stack(0x000000a962a00000,0x000000a962b00000)]
  0x0000029f52a18000 JavaThread "Cache worker for file hash cache (C:\Users\Francesco\Exercism\kotlin\hello-world\.gradle\7.3\fileHashes)" [_thread_blocked, id=5752, stack(0x000000a962c00000,0x000000a962d00000)]
  0x0000029f52a16000 JavaThread "File watcher server" daemon [_thread_in_native, id=20700, stack(0x000000a962d00000,0x000000a962e00000)]
  0x0000029f52a13800 JavaThread "File watcher consumer" daemon [_thread_blocked, id=13616, stack(0x000000a962e00000,0x000000a962f00000)]
  0x0000029f52a12000 JavaThread "jar transforms" [_thread_blocked, id=15852, stack(0x000000a962b00000,0x000000a962c00000)]
  0x0000029f52a14800 JavaThread "jar transforms Thread 2" [_thread_blocked, id=18376, stack(0x000000a962f00000,0x000000a963000000)]
  0x0000029f52561000 JavaThread "jar transforms Thread 3" [_thread_blocked, id=14580, stack(0x000000a963000000,0x000000a963100000)]
  0x0000029f5255e800 JavaThread "jar transforms Thread 4" [_thread_blocked, id=7520, stack(0x000000a963100000,0x000000a963200000)]
  0x0000029f5255e000 JavaThread "jar transforms Thread 5" [_thread_blocked, id=21124, stack(0x000000a963200000,0x000000a963300000)]
  0x0000029f5255b800 JavaThread "jar transforms Thread 6" [_thread_blocked, id=19460, stack(0x000000a963300000,0x000000a963400000)]
  0x0000029f5255f800 JavaThread "Cache worker for checksums cache (C:\Users\Francesco\Exercism\kotlin\hello-world\.gradle\7.3\checksums)" [_thread_blocked, id=7724, stack(0x000000a963400000,0x000000a963500000)]
  0x0000029f52560800 JavaThread "Cache worker for cache directory md-supplier (C:\Users\Francesco\.gradle\caches\7.3\md-supplier)" [_thread_blocked, id=1352, stack(0x000000a963500000,0x000000a963600000)]
  0x0000029f52562000 JavaThread "Cache worker for cache directory md-rule (C:\Users\Francesco\.gradle\caches\7.3\md-rule)" [_thread_blocked, id=11964, stack(0x000000a963600000,0x000000a963700000)]
  0x0000029f5255c000 JavaThread "Cache worker for execution history cache (C:\Users\Francesco\.gradle\caches\7.3\executionHistory)" [_thread_blocked, id=17852, stack(0x000000a963700000,0x000000a963800000)]
  0x0000029f5463d800 JavaThread "Cache worker for file content cache (C:\Users\Francesco\.gradle\caches\7.3\fileContent)" [_thread_blocked, id=16692, stack(0x000000a963900000,0x000000a963a00000)]
  0x0000029f54641000 JavaThread "Cache worker for kotlin-dsl (C:\Users\Francesco\.gradle\caches\7.3\kotlin-dsl)" [_thread_blocked, id=5024, stack(0x000000a963a00000,0x000000a963b00000)]
=>0x0000029f5463c000 JavaThread "C2 CompilerThread1" daemon [_thread_in_native, id=7000, stack(0x000000a963800000,0x000000a963900000)]

Other Threads:
  0x0000029f4f831000 VMThread "VM Thread" [stack: 0x000000a960d00000,0x000000a960e00000] [id=10260]
  0x0000029f5037b800 WatcherThread [stack: 0x000000a961700000,0x000000a961800000] [id=12532]
  0x0000029f39139800 GCTaskThread "GC Thread#0" [stack: 0x000000a960800000,0x000000a960900000] [id=6820]
  0x0000029f510bb800 GCTaskThread "GC Thread#1" [stack: 0x000000a961900000,0x000000a961a00000] [id=13172]
  0x0000029f5102f000 GCTaskThread "GC Thread#2" [stack: 0x000000a961a00000,0x000000a961b00000] [id=2884]
  0x0000029f50c8c800 GCTaskThread "GC Thread#3" [stack: 0x000000a961b00000,0x000000a961c00000] [id=11644]
  0x0000029f50f78800 GCTaskThread "GC Thread#4" [stack: 0x000000a961c00000,0x000000a961d00000] [id=7524]
  0x0000029f51108800 GCTaskThread "GC Thread#5" [stack: 0x000000a961d00000,0x000000a961e00000] [id=9192]
  0x0000029f39149800 ConcurrentGCThread "G1 Main Marker" [stack: 0x000000a960900000,0x000000a960a00000] [id=18888]
  0x0000029f3914c000 ConcurrentGCThread "G1 Conc#0" [stack: 0x000000a960a00000,0x000000a960b00000] [id=14504]
  0x0000029f52755800 ConcurrentGCThread "G1 Conc#1" [stack: 0x000000a962900000,0x000000a962a00000] [id=18808]
  0x0000029f4f6d0800 ConcurrentGCThread "G1 Refine#0" [stack: 0x000000a960b00000,0x000000a960c00000] [id=15268]
  0x0000029f4f6d1000 ConcurrentGCThread "G1 Young RemSet Sampling" [stack: 0x000000a960c00000,0x000000a960d00000] [id=16344]

Threads with active compile tasks:
C2 CompilerThread0  26973 14135       4       org.jetbrains.kotlin.serialization.deserialization.descriptors.DeserializedMemberScope$OptimizedImplementation::getContributedVariables (48 bytes)
C1 CompilerThread0  26974 14174       2       org.jetbrains.kotlin.types.AbstractTypeApproximator::approximateParametrizedType (1465 bytes)
C2 CompilerThread1  26974 13518       4       org.jetbrains.kotlin.com.intellij.lang.impl.PsiBuilderImpl::insertLeaves (88 bytes)

VM state:not at safepoint (normal execution)

VM Mutex/Monitor currently owned by a thread: None

Heap address: 0x00000000e0000000, size: 512 MB, Compressed Oops mode: 32-bit
Narrow klass base: 0x0000000000000000, Narrow klass shift: 3
Compressed class space size: 260046848 Address: 0x0000000100000000

Heap:
 garbage-first heap   total 262144K, used 126213K [0x00000000e0000000, 0x0000000100000000)
  region size 1024K, 20 young (20480K), 9 survivors (9216K)
 Metaspace       used 95186K, capacity 97083K, committed 97280K, reserved 339968K
  class space    used 11535K, capacity 12233K, committed 12288K, reserved 253952K
Heap Regions: E=young(eden), S=young(survivor), O=old, HS=humongous(starts), HC=humongous(continues), CS=collection set, F=free, A=archive, TAMS=top-at-mark-start (previous, next)
|   0|0x00000000e0000000, 0x00000000e0100000, 0x00000000e0100000|100%| O|  |TAMS 0x00000000e0100000, 0x00000000e0000000| Untracked 
|   1|0x00000000e0100000, 0x00000000e0200000, 0x00000000e0200000|100%| O|  |TAMS 0x00000000e0200000, 0x00000000e0100000| Untracked 
|   2|0x00000000e0200000, 0x00000000e0300000, 0x00000000e0300000|100%| O|  |TAMS 0x00000000e0300000, 0x00000000e0200000| Untracked 
|   3|0x00000000e0300000, 0x00000000e0400000, 0x00000000e0400000|100%|HS|  |TAMS 0x00000000e0400000, 0x00000000e0300000| Complete 
|   4|0x00000000e0400000, 0x00000000e0500000, 0x00000000e0500000|100%|HC|  |TAMS 0x00000000e0500000, 0x00000000e0400000| Complete 
|   5|0x00000000e0500000, 0x00000000e0600000, 0x00000000e0600000|100%|HC|  |TAMS 0x00000000e0600000, 0x00000000e0500000| Complete 
|   6|0x00000000e0600000, 0x00000000e0700000, 0x00000000e0700000|100%| O|  |TAMS 0x00000000e0700000, 0x00000000e0600000| Untracked 
|   7|0x00000000e0700000, 0x00000000e0800000, 0x00000000e0800000|100%| O|  |TAMS 0x00000000e0800000, 0x00000000e0700000| Untracked 
|   8|0x00000000e0800000, 0x00000000e0900000, 0x00000000e0900000|100%| O|  |TAMS 0x00000000e0900000, 0x00000000e0800000| Untracked 
|   9|0x00000000e0900000, 0x00000000e0a00000, 0x00000000e0a00000|100%| O|  |TAMS 0x00000000e0a00000, 0x00000000e0900000| Untracked 
|  10|0x00000000e0a00000, 0x00000000e0b00000, 0x00000000e0b00000|100%| O|  |TAMS 0x00000000e0b00000, 0x00000000e0a00000| Untracked 
|  11|0x00000000e0b00000, 0x00000000e0c00000, 0x00000000e0c00000|100%| O|  |TAMS 0x00000000e0c00000, 0x00000000e0b00000| Untracked 
|  12|0x00000000e0c00000, 0x00000000e0d00000, 0x00000000e0d00000|100%| O|  |TAMS 0x00000000e0d00000, 0x00000000e0c00000| Untracked 
|  13|0x00000000e0d00000, 0x00000000e0e00000, 0x00000000e0e00000|100%| O|  |TAMS 0x00000000e0e00000, 0x00000000e0d00000| Untracked 
|  14|0x00000000e0e00000, 0x00000000e0f00000, 0x00000000e0f00000|100%| O|  |TAMS 0x00000000e0f00000, 0x00000000e0e00000| Untracked 
|  15|0x00000000e0f00000, 0x00000000e1000000, 0x00000000e1000000|100%| O|  |TAMS 0x00000000e1000000, 0x00000000e0f00000| Untracked 
|  16|0x00000000e1000000, 0x00000000e1100000, 0x00000000e1100000|100%|HS|  |TAMS 0x00000000e1100000, 0x00000000e1000000| Complete 
|  17|0x00000000e1100000, 0x00000000e1200000, 0x00000000e1200000|100%|HC|  |TAMS 0x00000000e1200000, 0x00000000e1100000| Complete 
|  18|0x00000000e1200000, 0x00000000e1300000, 0x00000000e1300000|100%|HS|  |TAMS 0x00000000e1300000, 0x00000000e1200000| Complete 
|  19|0x00000000e1300000, 0x00000000e1400000, 0x00000000e1400000|100%|HC|  |TAMS 0x00000000e1400000, 0x00000000e1300000| Complete 
|  20|0x00000000e1400000, 0x00000000e1500000, 0x00000000e1500000|100%|HC|  |TAMS 0x00000000e1500000, 0x00000000e1400000| Complete 
|  21|0x00000000e1500000, 0x00000000e1600000, 0x00000000e1600000|100%|HS|  |TAMS 0x00000000e1600000, 0x00000000e1500000| Complete 
|  22|0x00000000e1600000, 0x00000000e1700000, 0x00000000e1700000|100%|HC|  |TAMS 0x00000000e1700000, 0x00000000e1600000| Complete 
|  23|0x00000000e1700000, 0x00000000e1800000, 0x00000000e1800000|100%|HC|  |TAMS 0x00000000e1800000, 0x00000000e1700000| Complete 
|  24|0x00000000e1800000, 0x00000000e1900000, 0x00000000e1900000|100%|HC|  |TAMS 0x00000000e1900000, 0x00000000e1800000| Complete 
|  25|0x00000000e1900000, 0x00000000e1a00000, 0x00000000e1a00000|100%| O|  |TAMS 0x00000000e1a00000, 0x00000000e1900000| Untracked 
|  26|0x00000000e1a00000, 0x00000000e1b00000, 0x00000000e1b00000|100%| O|  |TAMS 0x00000000e1b00000, 0x00000000e1a00000| Untracked 
|  27|0x00000000e1b00000, 0x00000000e1c00000, 0x00000000e1c00000|100%| O|  |TAMS 0x00000000e1c00000, 0x00000000e1b00000| Untracked 
|  28|0x00000000e1c00000, 0x00000000e1d00000, 0x00000000e1d00000|100%| O|  |TAMS 0x00000000e1d00000, 0x00000000e1c00000| Untracked 
|  29|0x00000000e1d00000, 0x00000000e1e00000, 0x00000000e1e00000|100%|HS|  |TAMS 0x00000000e1e00000, 0x00000000e1d00000| Complete 
|  30|0x00000000e1e00000, 0x00000000e1f00000, 0x00000000e1f00000|100%|HC|  |TAMS 0x00000000e1f00000, 0x00000000e1e00000| Complete 
|  31|0x00000000e1f00000, 0x00000000e2000000, 0x00000000e2000000|100%|HC|  |TAMS 0x00000000e2000000, 0x00000000e1f00000| Complete 
|  32|0x00000000e2000000, 0x00000000e2100000, 0x00000000e2100000|100%|HC|  |TAMS 0x00000000e2100000, 0x00000000e2000000| Complete 
|  33|0x00000000e2100000, 0x00000000e2200000, 0x00000000e2200000|100%| O|  |TAMS 0x00000000e2200000, 0x00000000e2100000| Untracked 
|  34|0x00000000e2200000, 0x00000000e2300000, 0x00000000e2300000|100%| O|  |TAMS 0x00000000e2300000, 0x00000000e2200000| Untracked 
|  35|0x00000000e2300000, 0x00000000e2400000, 0x00000000e2400000|100%| O|  |TAMS 0x00000000e2400000, 0x00000000e2300000| Untracked 
|  36|0x00000000e2400000, 0x00000000e2500000, 0x00000000e2500000|100%| O|  |TAMS 0x00000000e2500000, 0x00000000e2400000| Untracked 
|  37|0x00000000e2500000, 0x00000000e2600000, 0x00000000e2600000|100%| O|  |TAMS 0x00000000e2600000, 0x00000000e2500000| Untracked 
|  38|0x00000000e2600000, 0x00000000e2700000, 0x00000000e2700000|100%| O|  |TAMS 0x00000000e2700000, 0x00000000e2600000| Untracked 
|  39|0x00000000e2700000, 0x00000000e2800000, 0x00000000e2800000|100%| O|  |TAMS 0x00000000e2800000, 0x00000000e2700000| Untracked 
|  40|0x00000000e2800000, 0x00000000e2900000, 0x00000000e2900000|100%| O|  |TAMS 0x00000000e2900000, 0x00000000e2800000| Untracked 
|  41|0x00000000e2900000, 0x00000000e2a00000, 0x00000000e2a00000|100%| O|  |TAMS 0x00000000e2a00000, 0x00000000e2900000| Untracked 
|  42|0x00000000e2a00000, 0x00000000e2b00000, 0x00000000e2b00000|100%| O|  |TAMS 0x00000000e2b00000, 0x00000000e2a00000| Untracked 
|  43|0x00000000e2b00000, 0x00000000e2c00000, 0x00000000e2c00000|100%| O|  |TAMS 0x00000000e2c00000, 0x00000000e2b00000| Untracked 
|  44|0x00000000e2c00000, 0x00000000e2d00000, 0x00000000e2d00000|100%| O|  |TAMS 0x00000000e2d00000, 0x00000000e2c00000| Untracked 
|  45|0x00000000e2d00000, 0x00000000e2e00000, 0x00000000e2e00000|100%| O|  |TAMS 0x00000000e2e00000, 0x00000000e2d00000| Untracked 
|  46|0x00000000e2e00000, 0x00000000e2f00000, 0x00000000e2f00000|100%| O|  |TAMS 0x00000000e2f00000, 0x00000000e2e00000| Untracked 
|  47|0x00000000e2f00000, 0x00000000e3000000, 0x00000000e3000000|100%| O|  |TAMS 0x00000000e3000000, 0x00000000e2f00000| Untracked 
|  48|0x00000000e3000000, 0x00000000e3100000, 0x00000000e3100000|100%|HS|  |TAMS 0x00000000e3100000, 0x00000000e3000000| Complete 
|  49|0x00000000e3100000, 0x00000000e3200000, 0x00000000e3200000|100%|HC|  |TAMS 0x00000000e3200000, 0x00000000e3100000| Complete 
|  50|0x00000000e3200000, 0x00000000e3300000, 0x00000000e3300000|100%|HC|  |TAMS 0x00000000e3300000, 0x00000000e3200000| Complete 
|  51|0x00000000e3300000, 0x00000000e3400000, 0x00000000e3400000|100%| O|  |TAMS 0x00000000e3400000, 0x00000000e3300000| Untracked 
|  52|0x00000000e3400000, 0x00000000e3500000, 0x00000000e3500000|100%| O|  |TAMS 0x00000000e3500000, 0x00000000e3400000| Untracked 
|  53|0x00000000e3500000, 0x00000000e3600000, 0x00000000e3600000|100%| O|  |TAMS 0x00000000e3600000, 0x00000000e3500000| Untracked 
|  54|0x00000000e3600000, 0x00000000e3700000, 0x00000000e3700000|100%| O|  |TAMS 0x00000000e3700000, 0x00000000e3600000| Untracked 
|  55|0x00000000e3700000, 0x00000000e3800000, 0x00000000e3800000|100%| O|  |TAMS 0x00000000e3800000, 0x00000000e3700000| Untracked 
|  56|0x00000000e3800000, 0x00000000e3900000, 0x00000000e3900000|100%| O|  |TAMS 0x00000000e3900000, 0x00000000e3800000| Untracked 
|  57|0x00000000e3900000, 0x00000000e3a00000, 0x00000000e3a00000|100%| O|  |TAMS 0x00000000e3900000, 0x00000000e3900000| Untracked 
|  58|0x00000000e3a00000, 0x00000000e3b00000, 0x00000000e3b00000|100%| O|  |TAMS 0x00000000e3b00000, 0x00000000e3a00000| Untracked 
|  59|0x00000000e3b00000, 0x00000000e3c00000, 0x00000000e3c00000|100%| O|  |TAMS 0x00000000e3b00000, 0x00000000e3b00000| Untracked 
|  60|0x00000000e3c00000, 0x00000000e3d00000, 0x00000000e3d00000|100%| O|  |TAMS 0x00000000e3c00000, 0x00000000e3c00000| Untracked 
|  61|0x00000000e3d00000, 0x00000000e3e00000, 0x00000000e3e00000|100%| O|  |TAMS 0x00000000e3d00000, 0x00000000e3d00000| Untracked 
|  62|0x00000000e3e00000, 0x00000000e3f00000, 0x00000000e3f00000|100%| O|  |TAMS 0x00000000e3e00000, 0x00000000e3e00000| Untracked 
|  63|0x00000000e3f00000, 0x00000000e4000000, 0x00000000e4000000|100%| O|  |TAMS 0x00000000e3f00000, 0x00000000e3f00000| Untracked 
|  64|0x00000000e4000000, 0x00000000e4100000, 0x00000000e4100000|100%| O|  |TAMS 0x00000000e4000000, 0x00000000e4000000| Untracked 
|  65|0x00000000e4100000, 0x00000000e4200000, 0x00000000e4200000|100%| O|  |TAMS 0x00000000e4100000, 0x00000000e4100000| Untracked 
|  66|0x00000000e4200000, 0x00000000e4300000, 0x00000000e4300000|100%| O|  |TAMS 0x00000000e4200000, 0x00000000e4200000| Untracked 
|  67|0x00000000e4300000, 0x00000000e4400000, 0x00000000e4400000|100%| O|  |TAMS 0x00000000e4300000, 0x00000000e4300000| Untracked 
|  68|0x00000000e4400000, 0x00000000e4500000, 0x00000000e4500000|100%| O|  |TAMS 0x00000000e4400000, 0x00000000e4400000| Untracked 
|  69|0x00000000e4500000, 0x00000000e4600000, 0x00000000e4600000|100%| O|  |TAMS 0x00000000e4500000, 0x00000000e4500000| Untracked 
|  70|0x00000000e4600000, 0x00000000e4700000, 0x00000000e4700000|100%| O|  |TAMS 0x00000000e4600000, 0x00000000e4600000| Untracked 
|  71|0x00000000e4700000, 0x00000000e4800000, 0x00000000e4800000|100%| O|  |TAMS 0x00000000e4700000, 0x00000000e4700000| Untracked 
|  72|0x00000000e4800000, 0x00000000e4900000, 0x00000000e4900000|100%| O|  |TAMS 0x00000000e4900000, 0x00000000e4800000| Untracked 
|  73|0x00000000e4900000, 0x00000000e4a00000, 0x00000000e4a00000|100%| O|  |TAMS 0x00000000e4a00000, 0x00000000e4900000| Untracked 
|  74|0x00000000e4a00000, 0x00000000e4b00000, 0x00000000e4b00000|100%| O|  |TAMS 0x00000000e4b00000, 0x00000000e4a00000| Untracked 
|  75|0x00000000e4b00000, 0x00000000e4c00000, 0x00000000e4c00000|100%| O|  |TAMS 0x00000000e4b00000, 0x00000000e4b00000| Untracked 
|  76|0x00000000e4c00000, 0x00000000e4cd5200, 0x00000000e4d00000| 83%| O|  |TAMS 0x00000000e4c00000, 0x00000000e4c00000| Untracked 
|  77|0x00000000e4d00000, 0x00000000e4e00000, 0x00000000e4e00000|100%| O|  |TAMS 0x00000000e4e00000, 0x00000000e4d00000| Untracked 
|  78|0x00000000e4e00000, 0x00000000e4f00000, 0x00000000e4f00000|100%|HS|  |TAMS 0x00000000e4f00000, 0x00000000e4e00000| Complete 
|  79|0x00000000e4f00000, 0x00000000e5000000, 0x00000000e5000000|100%|HC|  |TAMS 0x00000000e5000000, 0x00000000e4f00000| Complete 
|  80|0x00000000e5000000, 0x00000000e5100000, 0x00000000e5100000|100%|HC|  |TAMS 0x00000000e5100000, 0x00000000e5000000| Complete 
|  81|0x00000000e5100000, 0x00000000e5200000, 0x00000000e5200000|100%|HS|  |TAMS 0x00000000e5200000, 0x00000000e5100000| Complete 
|  82|0x00000000e5200000, 0x00000000e5300000, 0x00000000e5300000|100%|HC|  |TAMS 0x00000000e5300000, 0x00000000e5200000| Complete 
|  83|0x00000000e5300000, 0x00000000e5400000, 0x00000000e5400000|100%|HC|  |TAMS 0x00000000e5400000, 0x00000000e5300000| Complete 
|  84|0x00000000e5400000, 0x00000000e5500000, 0x00000000e5500000|100%| O|  |TAMS 0x00000000e5500000, 0x00000000e5400000| Untracked 
|  85|0x00000000e5500000, 0x00000000e5600000, 0x00000000e5600000|100%| O|  |TAMS 0x00000000e5600000, 0x00000000e5500000| Untracked 
|  86|0x00000000e5600000, 0x00000000e5700000, 0x00000000e5700000|100%| O|  |TAMS 0x00000000e5700000, 0x00000000e5600000| Untracked 
|  87|0x00000000e5700000, 0x00000000e5800000, 0x00000000e5800000|100%| O|  |TAMS 0x00000000e5800000, 0x00000000e5700000| Untracked 
|  88|0x00000000e5800000, 0x00000000e5900000, 0x00000000e5900000|100%| O|  |TAMS 0x00000000e5900000, 0x00000000e5800000| Untracked 
|  89|0x00000000e5900000, 0x00000000e5a00000, 0x00000000e5a00000|100%| O|  |TAMS 0x00000000e5a00000, 0x00000000e5900000| Untracked 
|  90|0x00000000e5a00000, 0x00000000e5b00000, 0x00000000e5b00000|100%| O|  |TAMS 0x00000000e5b00000, 0x00000000e5a00000| Untracked 
|  91|0x00000000e5b00000, 0x00000000e5c00000, 0x00000000e5c00000|100%| O|  |TAMS 0x00000000e5c00000, 0x00000000e5b00000| Untracked 
|  92|0x00000000e5c00000, 0x00000000e5d00000, 0x00000000e5d00000|100%| O|  |TAMS 0x00000000e5d00000, 0x00000000e5c00000| Untracked 
|  93|0x00000000e5d00000, 0x00000000e5e00000, 0x00000000e5e00000|100%| O|  |TAMS 0x00000000e5e00000, 0x00000000e5d00000| Untracked 
|  94|0x00000000e5e00000, 0x00000000e5f00000, 0x00000000e5f00000|100%| O|  |TAMS 0x00000000e5f00000, 0x00000000e5e00000| Untracked 
|  95|0x00000000e5f00000, 0x00000000e6000000, 0x00000000e6000000|100%| O|  |TAMS 0x00000000e6000000, 0x00000000e5f00000| Untracked 
|  96|0x00000000e6000000, 0x00000000e6100000, 0x00000000e6100000|100%| O|  |TAMS 0x00000000e6100000, 0x00000000e6000000| Untracked 
|  97|0x00000000e6100000, 0x00000000e6200000, 0x00000000e6200000|100%| O|  |TAMS 0x00000000e6200000, 0x00000000e6100000| Untracked 
|  98|0x00000000e6200000, 0x00000000e6300000, 0x00000000e6300000|100%| O|  |TAMS 0x00000000e6300000, 0x00000000e6200000| Untracked 
|  99|0x00000000e6300000, 0x00000000e6400000, 0x00000000e6400000|100%| O|  |TAMS 0x00000000e6400000, 0x00000000e6300000| Untracked 
| 100|0x00000000e6400000, 0x00000000e6500000, 0x00000000e6500000|100%| O|  |TAMS 0x00000000e6500000, 0x00000000e6400000| Untracked 
| 101|0x00000000e6500000, 0x00000000e6600000, 0x00000000e6600000|100%| O|  |TAMS 0x00000000e6600000, 0x00000000e6500000| Untracked 
| 102|0x00000000e6600000, 0x00000000e6700000, 0x00000000e6700000|100%| O|  |TAMS 0x00000000e6685800, 0x00000000e6600000| Untracked 
| 103|0x00000000e6700000, 0x00000000e6800000, 0x00000000e6800000|100%| O|  |TAMS 0x00000000e6700000, 0x00000000e6700000| Untracked 
| 104|0x00000000e6800000, 0x00000000e6900000, 0x00000000e6900000|100%| O|  |TAMS 0x00000000e6800000, 0x00000000e6800000| Untracked 
| 105|0x00000000e6900000, 0x00000000e6900000, 0x00000000e6a00000|  0%| F|  |TAMS 0x00000000e6900000, 0x00000000e6900000| Untracked 
| 106|0x00000000e6a00000, 0x00000000e6a00000, 0x00000000e6b00000|  0%| F|  |TAMS 0x00000000e6a00000, 0x00000000e6a00000| Untracked 
| 107|0x00000000e6b00000, 0x00000000e6b00000, 0x00000000e6c00000|  0%| F|  |TAMS 0x00000000e6b00000, 0x00000000e6b00000| Untracked 
| 108|0x00000000e6c00000, 0x00000000e6c00000, 0x00000000e6d00000|  0%| F|  |TAMS 0x00000000e6c00000, 0x00000000e6c00000| Untracked 
| 109|0x00000000e6d00000, 0x00000000e6d00000, 0x00000000e6e00000|  0%| F|  |TAMS 0x00000000e6d00000, 0x00000000e6d00000| Untracked 
| 110|0x00000000e6e00000, 0x00000000e6e00000, 0x00000000e6f00000|  0%| F|  |TAMS 0x00000000e6e00000, 0x00000000e6e00000| Untracked 
| 111|0x00000000e6f00000, 0x00000000e6f00000, 0x00000000e7000000|  0%| F|  |TAMS 0x00000000e6f00000, 0x00000000e6f00000| Untracked 
| 112|0x00000000e7000000, 0x00000000e7000000, 0x00000000e7100000|  0%| F|  |TAMS 0x00000000e7000000, 0x00000000e7000000| Untracked 
| 113|0x00000000e7100000, 0x00000000e7100000, 0x00000000e7200000|  0%| F|  |TAMS 0x00000000e7100000, 0x00000000e7100000| Untracked 
| 114|0x00000000e7200000, 0x00000000e7200000, 0x00000000e7300000|  0%| F|  |TAMS 0x00000000e7200000, 0x00000000e7200000| Untracked 
| 115|0x00000000e7300000, 0x00000000e7300000, 0x00000000e7400000|  0%| F|  |TAMS 0x00000000e7300000, 0x00000000e7300000| Untracked 
| 116|0x00000000e7400000, 0x00000000e7400000, 0x00000000e7500000|  0%| F|  |TAMS 0x00000000e7400000, 0x00000000e7400000| Untracked 
| 117|0x00000000e7500000, 0x00000000e7500000, 0x00000000e7600000|  0%| F|  |TAMS 0x00000000e7500000, 0x00000000e7500000| Untracked 
| 118|0x00000000e7600000, 0x00000000e7600000, 0x00000000e7700000|  0%| F|  |TAMS 0x00000000e7600000, 0x00000000e7600000| Untracked 
| 119|0x00000000e7700000, 0x00000000e7700000, 0x00000000e7800000|  0%| F|  |TAMS 0x00000000e7700000, 0x00000000e7700000| Untracked 
| 120|0x00000000e7800000, 0x00000000e7800000, 0x00000000e7900000|  0%| F|  |TAMS 0x00000000e7800000, 0x00000000e7800000| Untracked 
| 121|0x00000000e7900000, 0x00000000e7900000, 0x00000000e7a00000|  0%| F|  |TAMS 0x00000000e7900000, 0x00000000e7900000| Untracked 
| 122|0x00000000e7a00000, 0x00000000e7a00000, 0x00000000e7b00000|  0%| F|  |TAMS 0x00000000e7a00000, 0x00000000e7a00000| Untracked 
| 123|0x00000000e7b00000, 0x00000000e7b00000, 0x00000000e7c00000|  0%| F|  |TAMS 0x00000000e7b00000, 0x00000000e7b00000| Untracked 
| 124|0x00000000e7c00000, 0x00000000e7c00000, 0x00000000e7d00000|  0%| F|  |TAMS 0x00000000e7c00000, 0x00000000e7c00000| Untracked 
| 125|0x00000000e7d00000, 0x00000000e7d00000, 0x00000000e7e00000|  0%| F|  |TAMS 0x00000000e7d00000, 0x00000000e7d00000| Untracked 
| 126|0x00000000e7e00000, 0x00000000e7e00000, 0x00000000e7f00000|  0%| F|  |TAMS 0x00000000e7e00000, 0x00000000e7e00000| Untracked 
| 127|0x00000000e7f00000, 0x00000000e7f00000, 0x00000000e8000000|  0%| F|  |TAMS 0x00000000e7f00000, 0x00000000e7f00000| Untracked 
| 128|0x00000000e8000000, 0x00000000e8000000, 0x00000000e8100000|  0%| F|  |TAMS 0x00000000e8000000, 0x00000000e8000000| Untracked 
| 129|0x00000000e8100000, 0x00000000e8100000, 0x00000000e8200000|  0%| F|  |TAMS 0x00000000e8100000, 0x00000000e8100000| Untracked 
| 130|0x00000000e8200000, 0x00000000e8200000, 0x00000000e8300000|  0%| F|  |TAMS 0x00000000e8200000, 0x00000000e8200000| Untracked 
| 131|0x00000000e8300000, 0x00000000e8300000, 0x00000000e8400000|  0%| F|  |TAMS 0x00000000e8300000, 0x00000000e8300000| Untracked 
| 132|0x00000000e8400000, 0x00000000e8400000, 0x00000000e8500000|  0%| F|  |TAMS 0x00000000e8400000, 0x00000000e8400000| Untracked 
| 133|0x00000000e8500000, 0x00000000e8500000, 0x00000000e8600000|  0%| F|  |TAMS 0x00000000e8500000, 0x00000000e8500000| Untracked 
| 134|0x00000000e8600000, 0x00000000e8600000, 0x00000000e8700000|  0%| F|  |TAMS 0x00000000e8600000, 0x00000000e8600000| Untracked 
| 135|0x00000000e8700000, 0x00000000e8700000, 0x00000000e8800000|  0%| F|  |TAMS 0x00000000e8700000, 0x00000000e8700000| Untracked 
| 136|0x00000000e8800000, 0x00000000e886c370, 0x00000000e8900000| 42%| S|CS|TAMS 0x00000000e8800000, 0x00000000e8800000| Complete 
| 137|0x00000000e8900000, 0x00000000e8a00000, 0x00000000e8a00000|100%| S|CS|TAMS 0x00000000e8900000, 0x00000000e8900000| Complete 
| 138|0x00000000e8a00000, 0x00000000e8b00000, 0x00000000e8b00000|100%| S|CS|TAMS 0x00000000e8a00000, 0x00000000e8a00000| Complete 
| 139|0x00000000e8b00000, 0x00000000e8c00000, 0x00000000e8c00000|100%| S|CS|TAMS 0x00000000e8b00000, 0x00000000e8b00000| Complete 
| 140|0x00000000e8c00000, 0x00000000e8c00000, 0x00000000e8d00000|  0%| F|  |TAMS 0x00000000e8c00000, 0x00000000e8c00000| Untracked 
| 141|0x00000000e8d00000, 0x00000000e8d00000, 0x00000000e8e00000|  0%| F|  |TAMS 0x00000000e8d00000, 0x00000000e8d00000| Untracked 
| 142|0x00000000e8e00000, 0x00000000e8e00000, 0x00000000e8f00000|  0%| F|  |TAMS 0x00000000e8e00000, 0x00000000e8e00000| Untracked 
| 143|0x00000000e8f00000, 0x00000000e8f00000, 0x00000000e9000000|  0%| F|  |TAMS 0x00000000e8f00000, 0x00000000e8f00000| Untracked 
| 144|0x00000000e9000000, 0x00000000e9000000, 0x00000000e9100000|  0%| F|  |TAMS 0x00000000e9000000, 0x00000000e9000000| Untracked 
| 145|0x00000000e9100000, 0x00000000e9100000, 0x00000000e9200000|  0%| F|  |TAMS 0x00000000e9100000, 0x00000000e9100000| Untracked 
| 146|0x00000000e9200000, 0x00000000e9200000, 0x00000000e9300000|  0%| F|  |TAMS 0x00000000e9200000, 0x00000000e9200000| Untracked 
| 147|0x00000000e9300000, 0x00000000e9300000, 0x00000000e9400000|  0%| F|  |TAMS 0x00000000e9300000, 0x00000000e9300000| Untracked 
| 148|0x00000000e9400000, 0x00000000e9400000, 0x00000000e9500000|  0%| F|  |TAMS 0x00000000e9400000, 0x00000000e9400000| Untracked 
| 149|0x00000000e9500000, 0x00000000e9600000, 0x00000000e9600000|100%| S|CS|TAMS 0x00000000e9500000, 0x00000000e9500000| Complete 
| 150|0x00000000e9600000, 0x00000000e9700000, 0x00000000e9700000|100%| S|CS|TAMS 0x00000000e9600000, 0x00000000e9600000| Complete 
| 151|0x00000000e9700000, 0x00000000e9800000, 0x00000000e9800000|100%| S|CS|TAMS 0x00000000e9700000, 0x00000000e9700000| Complete 
| 152|0x00000000e9800000, 0x00000000e9900000, 0x00000000e9900000|100%| S|CS|TAMS 0x00000000e9800000, 0x00000000e9800000| Complete 
| 153|0x00000000e9900000, 0x00000000e9a00000, 0x00000000e9a00000|100%| S|CS|TAMS 0x00000000e9900000, 0x00000000e9900000| Complete 
| 154|0x00000000e9a00000, 0x00000000e9a00000, 0x00000000e9b00000|  0%| F|  |TAMS 0x00000000e9a00000, 0x00000000e9a00000| Untracked 
| 155|0x00000000e9b00000, 0x00000000e9b00000, 0x00000000e9c00000|  0%| F|  |TAMS 0x00000000e9b00000, 0x00000000e9b00000| Untracked 
| 156|0x00000000e9c00000, 0x00000000e9c00000, 0x00000000e9d00000|  0%| F|  |TAMS 0x00000000e9c00000, 0x00000000e9c00000| Untracked 
| 157|0x00000000e9d00000, 0x00000000e9d00000, 0x00000000e9e00000|  0%| F|  |TAMS 0x00000000e9d00000, 0x00000000e9d00000| Untracked 
| 158|0x00000000e9e00000, 0x00000000e9e00000, 0x00000000e9f00000|  0%| F|  |TAMS 0x00000000e9e00000, 0x00000000e9e00000| Untracked 
| 159|0x00000000e9f00000, 0x00000000e9f00000, 0x00000000ea000000|  0%| F|  |TAMS 0x00000000e9f00000, 0x00000000e9f00000| Untracked 
| 160|0x00000000ea000000, 0x00000000ea000000, 0x00000000ea100000|  0%| F|  |TAMS 0x00000000ea000000, 0x00000000ea000000| Untracked 
| 161|0x00000000ea100000, 0x00000000ea100000, 0x00000000ea200000|  0%| F|  |TAMS 0x00000000ea100000, 0x00000000ea100000| Untracked 
| 162|0x00000000ea200000, 0x00000000ea200000, 0x00000000ea300000|  0%| F|  |TAMS 0x00000000ea200000, 0x00000000ea200000| Untracked 
| 163|0x00000000ea300000, 0x00000000ea300000, 0x00000000ea400000|  0%| F|  |TAMS 0x00000000ea300000, 0x00000000ea300000| Untracked 
| 164|0x00000000ea400000, 0x00000000ea400000, 0x00000000ea500000|  0%| F|  |TAMS 0x00000000ea400000, 0x00000000ea400000| Untracked 
| 165|0x00000000ea500000, 0x00000000ea500000, 0x00000000ea600000|  0%| F|  |TAMS 0x00000000ea500000, 0x00000000ea500000| Untracked 
| 166|0x00000000ea600000, 0x00000000ea600000, 0x00000000ea700000|  0%| F|  |TAMS 0x00000000ea600000, 0x00000000ea600000| Untracked 
| 167|0x00000000ea700000, 0x00000000ea700000, 0x00000000ea800000|  0%| F|  |TAMS 0x00000000ea700000, 0x00000000ea700000| Untracked 
| 168|0x00000000ea800000, 0x00000000ea800000, 0x00000000ea900000|  0%| F|  |TAMS 0x00000000ea800000, 0x00000000ea800000| Untracked 
| 169|0x00000000ea900000, 0x00000000ea900000, 0x00000000eaa00000|  0%| F|  |TAMS 0x00000000ea900000, 0x00000000ea900000| Untracked 
| 170|0x00000000eaa00000, 0x00000000eaa00000, 0x00000000eab00000|  0%| F|  |TAMS 0x00000000eaa00000, 0x00000000eaa00000| Untracked 
| 171|0x00000000eab00000, 0x00000000eab00000, 0x00000000eac00000|  0%| F|  |TAMS 0x00000000eab00000, 0x00000000eab00000| Untracked 
| 172|0x00000000eac00000, 0x00000000eac00000, 0x00000000ead00000|  0%| F|  |TAMS 0x00000000eac00000, 0x00000000eac00000| Untracked 
| 173|0x00000000ead00000, 0x00000000ead00000, 0x00000000eae00000|  0%| F|  |TAMS 0x00000000ead00000, 0x00000000ead00000| Untracked 
| 174|0x00000000eae00000, 0x00000000eae00000, 0x00000000eaf00000|  0%| F|  |TAMS 0x00000000eae00000, 0x00000000eae00000| Untracked 
| 175|0x00000000eaf00000, 0x00000000eaf00000, 0x00000000eb000000|  0%| F|  |TAMS 0x00000000eaf00000, 0x00000000eaf00000| Untracked 
| 176|0x00000000eb000000, 0x00000000eb000000, 0x00000000eb100000|  0%| F|  |TAMS 0x00000000eb000000, 0x00000000eb000000| Untracked 
| 177|0x00000000eb100000, 0x00000000eb100000, 0x00000000eb200000|  0%| F|  |TAMS 0x00000000eb100000, 0x00000000eb100000| Untracked 
| 178|0x00000000eb200000, 0x00000000eb200000, 0x00000000eb300000|  0%| F|  |TAMS 0x00000000eb200000, 0x00000000eb200000| Untracked 
| 179|0x00000000eb300000, 0x00000000eb300000, 0x00000000eb400000|  0%| F|  |TAMS 0x00000000eb300000, 0x00000000eb300000| Untracked 
| 180|0x00000000eb400000, 0x00000000eb400000, 0x00000000eb500000|  0%| F|  |TAMS 0x00000000eb400000, 0x00000000eb400000| Untracked 
| 181|0x00000000eb500000, 0x00000000eb500000, 0x00000000eb600000|  0%| F|  |TAMS 0x00000000eb500000, 0x00000000eb500000| Untracked 
| 182|0x00000000eb600000, 0x00000000eb600000, 0x00000000eb700000|  0%| F|  |TAMS 0x00000000eb600000, 0x00000000eb600000| Untracked 
| 183|0x00000000eb700000, 0x00000000eb700000, 0x00000000eb800000|  0%| F|  |TAMS 0x00000000eb700000, 0x00000000eb700000| Untracked 
| 184|0x00000000eb800000, 0x00000000eb800000, 0x00000000eb900000|  0%| F|  |TAMS 0x00000000eb800000, 0x00000000eb800000| Untracked 
| 185|0x00000000eb900000, 0x00000000eb900000, 0x00000000eba00000|  0%| F|  |TAMS 0x00000000eb900000, 0x00000000eb900000| Untracked 
| 186|0x00000000eba00000, 0x00000000eba00000, 0x00000000ebb00000|  0%| F|  |TAMS 0x00000000eba00000, 0x00000000eba00000| Untracked 
| 187|0x00000000ebb00000, 0x00000000ebb00000, 0x00000000ebc00000|  0%| F|  |TAMS 0x00000000ebb00000, 0x00000000ebb00000| Untracked 
| 188|0x00000000ebc00000, 0x00000000ebc00000, 0x00000000ebd00000|  0%| F|  |TAMS 0x00000000ebc00000, 0x00000000ebc00000| Untracked 
| 189|0x00000000ebd00000, 0x00000000ebd00000, 0x00000000ebe00000|  0%| F|  |TAMS 0x00000000ebd00000, 0x00000000ebd00000| Untracked 
| 190|0x00000000ebe00000, 0x00000000ebe00000, 0x00000000ebf00000|  0%| F|  |TAMS 0x00000000ebe00000, 0x00000000ebe00000| Untracked 
| 191|0x00000000ebf00000, 0x00000000ebf00000, 0x00000000ec000000|  0%| F|  |TAMS 0x00000000ebf00000, 0x00000000ebf00000| Untracked 
| 192|0x00000000ec000000, 0x00000000ec000000, 0x00000000ec100000|  0%| F|  |TAMS 0x00000000ec000000, 0x00000000ec000000| Untracked 
| 193|0x00000000ec100000, 0x00000000ec100000, 0x00000000ec200000|  0%| F|  |TAMS 0x00000000ec100000, 0x00000000ec100000| Untracked 
| 194|0x00000000ec200000, 0x00000000ec200000, 0x00000000ec300000|  0%| F|  |TAMS 0x00000000ec200000, 0x00000000ec200000| Untracked 
| 195|0x00000000ec300000, 0x00000000ec300000, 0x00000000ec400000|  0%| F|  |TAMS 0x00000000ec300000, 0x00000000ec300000| Untracked 
| 196|0x00000000ec400000, 0x00000000ec400000, 0x00000000ec500000|  0%| F|  |TAMS 0x00000000ec400000, 0x00000000ec400000| Untracked 
| 197|0x00000000ec500000, 0x00000000ec500000, 0x00000000ec600000|  0%| F|  |TAMS 0x00000000ec500000, 0x00000000ec500000| Untracked 
| 198|0x00000000ec600000, 0x00000000ec600000, 0x00000000ec700000|  0%| F|  |TAMS 0x00000000ec600000, 0x00000000ec600000| Untracked 
| 199|0x00000000ec700000, 0x00000000ec700000, 0x00000000ec800000|  0%| F|  |TAMS 0x00000000ec700000, 0x00000000ec700000| Untracked 
| 200|0x00000000ec800000, 0x00000000ec800000, 0x00000000ec900000|  0%| F|  |TAMS 0x00000000ec800000, 0x00000000ec800000| Untracked 
| 201|0x00000000ec900000, 0x00000000ec900000, 0x00000000eca00000|  0%| F|  |TAMS 0x00000000ec900000, 0x00000000ec900000| Untracked 
| 202|0x00000000eca00000, 0x00000000eca00000, 0x00000000ecb00000|  0%| F|  |TAMS 0x00000000eca00000, 0x00000000eca00000| Untracked 
| 203|0x00000000ecb00000, 0x00000000ecb00000, 0x00000000ecc00000|  0%| F|  |TAMS 0x00000000ecb00000, 0x00000000ecb00000| Untracked 
| 204|0x00000000ecc00000, 0x00000000ecc00000, 0x00000000ecd00000|  0%| F|  |TAMS 0x00000000ecc00000, 0x00000000ecc00000| Untracked 
| 205|0x00000000ecd00000, 0x00000000ecd00000, 0x00000000ece00000|  0%| F|  |TAMS 0x00000000ecd00000, 0x00000000ecd00000| Untracked 
| 206|0x00000000ece00000, 0x00000000ece00000, 0x00000000ecf00000|  0%| F|  |TAMS 0x00000000ece00000, 0x00000000ece00000| Untracked 
| 207|0x00000000ecf00000, 0x00000000ecf00000, 0x00000000ed000000|  0%| F|  |TAMS 0x00000000ecf00000, 0x00000000ecf00000| Untracked 
| 208|0x00000000ed000000, 0x00000000ed000000, 0x00000000ed100000|  0%| F|  |TAMS 0x00000000ed000000, 0x00000000ed000000| Untracked 
| 209|0x00000000ed100000, 0x00000000ed100000, 0x00000000ed200000|  0%| F|  |TAMS 0x00000000ed100000, 0x00000000ed100000| Untracked 
| 210|0x00000000ed200000, 0x00000000ed200000, 0x00000000ed300000|  0%| F|  |TAMS 0x00000000ed200000, 0x00000000ed200000| Untracked 
| 211|0x00000000ed300000, 0x00000000ed300000, 0x00000000ed400000|  0%| F|  |TAMS 0x00000000ed300000, 0x00000000ed300000| Untracked 
| 212|0x00000000ed400000, 0x00000000ed400000, 0x00000000ed500000|  0%| F|  |TAMS 0x00000000ed400000, 0x00000000ed400000| Untracked 
| 213|0x00000000ed500000, 0x00000000ed500000, 0x00000000ed600000|  0%| F|  |TAMS 0x00000000ed500000, 0x00000000ed500000| Untracked 
| 214|0x00000000ed600000, 0x00000000ed600000, 0x00000000ed700000|  0%| F|  |TAMS 0x00000000ed600000, 0x00000000ed600000| Untracked 
| 215|0x00000000ed700000, 0x00000000ed700000, 0x00000000ed800000|  0%| F|  |TAMS 0x00000000ed700000, 0x00000000ed700000| Untracked 
| 216|0x00000000ed800000, 0x00000000ed800000, 0x00000000ed900000|  0%| F|  |TAMS 0x00000000ed800000, 0x00000000ed800000| Untracked 
| 217|0x00000000ed900000, 0x00000000ed900000, 0x00000000eda00000|  0%| F|  |TAMS 0x00000000ed900000, 0x00000000ed900000| Untracked 
| 218|0x00000000eda00000, 0x00000000eda00000, 0x00000000edb00000|  0%| F|  |TAMS 0x00000000eda00000, 0x00000000eda00000| Untracked 
| 219|0x00000000edb00000, 0x00000000edb00000, 0x00000000edc00000|  0%| F|  |TAMS 0x00000000edb00000, 0x00000000edb00000| Untracked 
| 220|0x00000000edc00000, 0x00000000edc00000, 0x00000000edd00000|  0%| F|  |TAMS 0x00000000edc00000, 0x00000000edc00000| Untracked 
| 221|0x00000000edd00000, 0x00000000edd00000, 0x00000000ede00000|  0%| F|  |TAMS 0x00000000edd00000, 0x00000000edd00000| Untracked 
| 222|0x00000000ede00000, 0x00000000ede00000, 0x00000000edf00000|  0%| F|  |TAMS 0x00000000ede00000, 0x00000000ede00000| Untracked 
| 223|0x00000000edf00000, 0x00000000edf00000, 0x00000000ee000000|  0%| F|  |TAMS 0x00000000edf00000, 0x00000000edf00000| Untracked 
| 224|0x00000000ee000000, 0x00000000ee000000, 0x00000000ee100000|  0%| F|  |TAMS 0x00000000ee000000, 0x00000000ee000000| Untracked 
| 225|0x00000000ee100000, 0x00000000ee100000, 0x00000000ee200000|  0%| F|  |TAMS 0x00000000ee100000, 0x00000000ee100000| Untracked 
| 226|0x00000000ee200000, 0x00000000ee200000, 0x00000000ee300000|  0%| F|  |TAMS 0x00000000ee200000, 0x00000000ee200000| Untracked 
| 227|0x00000000ee300000, 0x00000000ee300000, 0x00000000ee400000|  0%| F|  |TAMS 0x00000000ee300000, 0x00000000ee300000| Untracked 
| 228|0x00000000ee400000, 0x00000000ee400000, 0x00000000ee500000|  0%| F|  |TAMS 0x00000000ee400000, 0x00000000ee400000| Untracked 
| 229|0x00000000ee500000, 0x00000000ee500000, 0x00000000ee600000|  0%| F|  |TAMS 0x00000000ee500000, 0x00000000ee500000| Untracked 
| 230|0x00000000ee600000, 0x00000000ee600000, 0x00000000ee700000|  0%| F|  |TAMS 0x00000000ee600000, 0x00000000ee600000| Untracked 
| 231|0x00000000ee700000, 0x00000000ee700000, 0x00000000ee800000|  0%| F|  |TAMS 0x00000000ee700000, 0x00000000ee700000| Untracked 
| 232|0x00000000ee800000, 0x00000000ee800000, 0x00000000ee900000|  0%| F|  |TAMS 0x00000000ee800000, 0x00000000ee800000| Untracked 
| 233|0x00000000ee900000, 0x00000000ee900000, 0x00000000eea00000|  0%| F|  |TAMS 0x00000000ee900000, 0x00000000ee900000| Untracked 
| 234|0x00000000eea00000, 0x00000000eea00000, 0x00000000eeb00000|  0%| F|  |TAMS 0x00000000eea00000, 0x00000000eea00000| Untracked 
| 235|0x00000000eeb00000, 0x00000000eeb00000, 0x00000000eec00000|  0%| F|  |TAMS 0x00000000eeb00000, 0x00000000eeb00000| Untracked 
| 236|0x00000000eec00000, 0x00000000eec00000, 0x00000000eed00000|  0%| F|  |TAMS 0x00000000eec00000, 0x00000000eec00000| Untracked 
| 237|0x00000000eed00000, 0x00000000eed00000, 0x00000000eee00000|  0%| F|  |TAMS 0x00000000eed00000, 0x00000000eed00000| Untracked 
| 238|0x00000000eee00000, 0x00000000eee00000, 0x00000000eef00000|  0%| F|  |TAMS 0x00000000eee00000, 0x00000000eee00000| Untracked 
| 239|0x00000000eef00000, 0x00000000eef00000, 0x00000000ef000000|  0%| F|  |TAMS 0x00000000eef00000, 0x00000000eef00000| Untracked 
| 240|0x00000000ef000000, 0x00000000ef000000, 0x00000000ef100000|  0%| F|  |TAMS 0x00000000ef000000, 0x00000000ef000000| Untracked 
| 241|0x00000000ef100000, 0x00000000ef100000, 0x00000000ef200000|  0%| F|  |TAMS 0x00000000ef100000, 0x00000000ef100000| Untracked 
| 242|0x00000000ef200000, 0x00000000ef200000, 0x00000000ef300000|  0%| F|  |TAMS 0x00000000ef200000, 0x00000000ef200000| Untracked 
| 243|0x00000000ef300000, 0x00000000ef300000, 0x00000000ef400000|  0%| F|  |TAMS 0x00000000ef300000, 0x00000000ef300000| Untracked 
| 244|0x00000000ef400000, 0x00000000ef400000, 0x00000000ef500000|  0%| F|  |TAMS 0x00000000ef400000, 0x00000000ef400000| Untracked 
| 245|0x00000000ef500000, 0x00000000ef580800, 0x00000000ef600000| 50%| E|  |TAMS 0x00000000ef500000, 0x00000000ef500000| Complete 
| 246|0x00000000ef600000, 0x00000000ef700000, 0x00000000ef700000|100%| E|CS|TAMS 0x00000000ef600000, 0x00000000ef600000| Complete 
| 247|0x00000000ef700000, 0x00000000ef800000, 0x00000000ef800000|100%| E|CS|TAMS 0x00000000ef700000, 0x00000000ef700000| Complete 
| 248|0x00000000ef800000, 0x00000000ef900000, 0x00000000ef900000|100%| E|CS|TAMS 0x00000000ef800000, 0x00000000ef800000| Complete 
| 249|0x00000000ef900000, 0x00000000efa00000, 0x00000000efa00000|100%| E|CS|TAMS 0x00000000ef900000, 0x00000000ef900000| Complete 
| 250|0x00000000efa00000, 0x00000000efb00000, 0x00000000efb00000|100%| E|CS|TAMS 0x00000000efa00000, 0x00000000efa00000| Complete 
| 251|0x00000000efb00000, 0x00000000efc00000, 0x00000000efc00000|100%| E|CS|TAMS 0x00000000efb00000, 0x00000000efb00000| Complete 
| 252|0x00000000efc00000, 0x00000000efd00000, 0x00000000efd00000|100%| E|CS|TAMS 0x00000000efc00000, 0x00000000efc00000| Complete 
| 253|0x00000000efd00000, 0x00000000efe00000, 0x00000000efe00000|100%| E|CS|TAMS 0x00000000efd00000, 0x00000000efd00000| Complete 
| 254|0x00000000efe00000, 0x00000000eff00000, 0x00000000eff00000|100%| E|CS|TAMS 0x00000000efe00000, 0x00000000efe00000| Complete 
| 255|0x00000000eff00000, 0x00000000f0000000, 0x00000000f0000000|100%| E|CS|TAMS 0x00000000eff00000, 0x00000000eff00000| Complete 

Card table byte_map: [0x0000029f4be30000,0x0000029f4bf30000] _byte_map_base: 0x0000029f4b730000

Marking Bits (Prev, Next): (CMBitMap*) 0x0000029f39146958, (CMBitMap*) 0x0000029f39146990
 Prev Bits: [0x0000029f4c030000, 0x0000029f4c830000)
 Next Bits: [0x0000029f4c830000, 0x0000029f4d030000)

Polling page: 0x0000029f37110000

Metaspace:

Usage:
  Non-class:     82.86 MB capacity,    81.70 MB ( 99%) used,   971.29 KB (  1%) free+waste,   213.44 KB ( <1%) overhead. 
      Class:     11.95 MB capacity,    11.27 MB ( 94%) used,   597.86 KB (  5%) free+waste,    97.75 KB ( <1%) overhead. 
       Both:     94.81 MB capacity,    92.97 MB ( 98%) used,     1.53 MB (  2%) free+waste,   311.19 KB ( <1%) overhead. 

Virtual space:
  Non-class space:       84.00 MB reserved,      83.00 MB ( 99%) committed 
      Class space:      248.00 MB reserved,      12.00 MB (  5%) committed 
             Both:      332.00 MB reserved,      95.00 MB ( 29%) committed 

Chunk freelists:
   Non-Class:  14.00 KB
       Class:  23.00 KB
        Both:  37.00 KB

MaxMetaspaceSize: 256.00 MB
CompressedClassSpaceSize: 248.00 MB

CodeHeap 'non-profiled nmethods': size=120064Kb used=10437Kb max_used=11085Kb free=109626Kb
 bounds [0x0000029f446e0000, 0x0000029f451c0000, 0x0000029f4bc20000]
CodeHeap 'profiled nmethods': size=120000Kb used=29595Kb max_used=29595Kb free=90404Kb
 bounds [0x0000029f3d1b0000, 0x0000029f3eeb0000, 0x0000029f446e0000]
CodeHeap 'non-nmethods': size=5696Kb used=2315Kb max_used=2374Kb free=3380Kb
 bounds [0x0000029f3cc20000, 0x0000029f3ce90000, 0x0000029f3d1b0000]
 total_blobs=13818 nmethods=12893 adapters=833
 compilation: enabled
              stopped_count=0, restarted_count=0
 full_count=0

Compilation events (20 events):
Event: 26.951 Thread 0x0000029f4f885000 nmethod 14125 0x0000029f3ee7ff10 code [0x0000029f3ee800c0, 0x0000029f3ee80288]
Event: 26.951 Thread 0x0000029f4f885000 14126       1       org.jetbrains.kotlin.resolve.calls.tower.NewResolvedCallImpl::isCompleted (5 bytes)
Event: 26.951 Thread 0x0000029f4f885000 nmethod 14126 0x0000029f44a65490 code [0x0000029f44a65640, 0x0000029f44a656f8]
Event: 26.951 Thread 0x0000029f4f883800 nmethod 13780 0x0000029f44a65210 code [0x0000029f44a653a0, 0x0000029f44a65418]
Event: 26.951 Thread 0x0000029f4f883800 14127       4       java.util.Collections$1::next (25 bytes)
Event: 26.952 Thread 0x0000029f4f883800 nmethod 14127 0x0000029f44a64f10 code [0x0000029f44a650a0, 0x0000029f44a65138]
Event: 26.952 Thread 0x0000029f4f883800 13934   !   4       org.jetbrains.kotlin.storage.LockBasedStorageManager::compute (60 bytes)
Event: 26.952 Thread 0x0000029f4f885000 14128       3       org.jetbrains.kotlin.resolve.calls.util.IsFromStdlibJre7Or8Kt::isLowPriorityFromStdlibJre7Or8 (276 bytes)
Event: 26.953 Thread 0x0000029f4f885000 nmethod 14128 0x0000029f3ee80390 code [0x0000029f3ee808a0, 0x0000029f3ee82f88]
Event: 26.953 Thread 0x0000029f4f885000 14130       3       org.jetbrains.kotlin.serialization.deserialization.descriptors.DeserializedMemberScope::getContributedVariables (24 bytes)
Event: 26.953 Thread 0x0000029f4f883800 nmethod 13934 0x0000029f44a64790 code [0x0000029f44a64960, 0x0000029f44a64bd8]
Event: 26.953 Thread 0x0000029f4f883800 13831       4       org.jetbrains.kotlin.storage.LockBasedStorageManager$LockBasedLazyValue::<init> (38 bytes)
Event: 26.954 Thread 0x0000029f4f885000 nmethod 14130 0x0000029f3ee83990 code [0x0000029f3ee83c40, 0x0000029f3ee846c8]
Event: 26.954 Thread 0x0000029f4f885000 14129       3       org.jetbrains.kotlin.resolve.calls.tower.CandidateWithBoundDispatchReceiver::<init> (32 bytes)
Event: 26.954 Thread 0x0000029f4f885000 nmethod 14129 0x0000029f3ee84b10 code [0x0000029f3ee84dc0, 0x0000029f3ee85978]
Event: 26.954 Thread 0x0000029f4f885000 14131       3       org.jetbrains.kotlin.resolve.calls.inference.model.Constraint::<init> (69 bytes)
Event: 26.955 Thread 0x0000029f4f885000 nmethod 14131 0x0000029f3ee85d90 code [0x0000029f3ee86140, 0x0000029f3ee876f8]
Event: 26.955 Thread 0x0000029f4f885000 14133       3       org.jetbrains.kotlin.resolve.calls.tower.ResolvedAtomCompleter::completeResolvedCall (453 bytes)
Event: 26.955 Thread 0x0000029f4f883800 nmethod 13831 0x0000029f44a64210 code [0x0000029f44a643a0, 0x0000029f44a64698]
Event: 26.955 Thread 0x0000029f4f883800 14135       4       org.jetbrains.kotlin.serialization.deserialization.descriptors.DeserializedMemberScope$OptimizedImplementation::getContributedVariables (48 bytes)

GC Heap History (20 events):
Event: 22.637 GC heap before
{Heap before GC invocations=86 (full 0):
 garbage-first heap   total 262144K, used 228687K [0x00000000e0000000, 0x0000000100000000)
  region size 1024K, 148 young (151552K), 6 survivors (6144K)
 Metaspace       used 56319K, capacity 57868K, committed 58112K, reserved 305152K
  class space    used 7003K, capacity 7565K, committed 7680K, reserved 253952K
}
Event: 22.639 GC heap after
{Heap after GC invocations=87 (full 0):
 garbage-first heap   total 262144K, used 83163K [0x00000000e0000000, 0x0000000100000000)
  region size 1024K, 5 young (5120K), 5 survivors (5120K)
 Metaspace       used 56319K, capacity 57868K, committed 58112K, reserved 305152K
  class space    used 7003K, capacity 7565K, committed 7680K, reserved 253952K
}
Event: 22.816 GC heap before
{Heap before GC invocations=87 (full 0):
 garbage-first heap   total 262144K, used 229595K [0x00000000e0000000, 0x0000000100000000)
  region size 1024K, 148 young (151552K), 5 survivors (5120K)
 Metaspace       used 56319K, capacity 57868K, committed 58112K, reserved 305152K
  class space    used 7003K, capacity 7565K, committed 7680K, reserved 253952K
}
Event: 22.818 GC heap after
{Heap after GC invocations=88 (full 0):
 garbage-first heap   total 262144K, used 83522K [0x00000000e0000000, 0x0000000100000000)
  region size 1024K, 5 young (5120K), 5 survivors (5120K)
 Metaspace       used 56319K, capacity 57868K, committed 58112K, reserved 305152K
  class space    used 7003K, capacity 7565K, committed 7680K, reserved 253952K
}
Event: 23.064 GC heap before
{Heap before GC invocations=88 (full 0):
 garbage-first heap   total 262144K, used 164418K [0x00000000e0000000, 0x0000000100000000)
  region size 1024K, 85 young (87040K), 5 survivors (5120K)
 Metaspace       used 58443K, capacity 60035K, committed 60160K, reserved 307200K
  class space    used 7244K, capacity 7798K, committed 7808K, reserved 253952K
}
Event: 23.067 GC heap after
{Heap after GC invocations=89 (full 0):
 garbage-first heap   total 262144K, used 85083K [0x00000000e0000000, 0x0000000100000000)
  region size 1024K, 6 young (6144K), 6 survivors (6144K)
 Metaspace       used 58443K, capacity 60035K, committed 60160K, reserved 307200K
  class space    used 7244K, capacity 7798K, committed 7808K, reserved 253952K
}
Event: 23.742 GC heap before
{Heap before GC invocations=90 (full 0):
 garbage-first heap   total 262144K, used 213083K [0x00000000e0000000, 0x0000000100000000)
  region size 1024K, 125 young (128000K), 6 survivors (6144K)
 Metaspace       used 67263K, capacity 68954K, committed 69120K, reserved 315392K
  class space    used 8558K, capacity 9185K, committed 9216K, reserved 253952K
}
Event: 23.753 GC heap after
{Heap after GC invocations=91 (full 0):
 garbage-first heap   total 262144K, used 104919K [0x00000000e0000000, 0x0000000100000000)
  region size 1024K, 16 young (16384K), 16 survivors (16384K)
 Metaspace       used 67263K, capacity 68954K, committed 69120K, reserved 315392K
  class space    used 8558K, capacity 9185K, committed 9216K, reserved 253952K
}
Event: 23.756 GC heap before
{Heap before GC invocations=91 (full 0):
 garbage-first heap   total 262144K, used 105943K [0x00000000e0000000, 0x0000000100000000)
  region size 1024K, 17 young (17408K), 16 survivors (16384K)
 Metaspace       used 67263K, capacity 68954K, committed 69120K, reserved 315392K
  class space    used 8558K, capacity 9185K, committed 9216K, reserved 253952K
}
Event: 23.764 GC heap after
{Heap after GC invocations=92 (full 0):
 garbage-first heap   total 262144K, used 98703K [0x00000000e0000000, 0x0000000100000000)
  region size 1024K, 2 young (2048K), 2 survivors (2048K)
 Metaspace       used 67263K, capacity 68954K, committed 69120K, reserved 315392K
  class space    used 8558K, capacity 9185K, committed 9216K, reserved 253952K
}
Event: 24.400 GC heap before
{Heap before GC invocations=92 (full 0):
 garbage-first heap   total 262144K, used 206223K [0x00000000e0000000, 0x0000000100000000)
  region size 1024K, 107 young (109568K), 2 survivors (2048K)
 Metaspace       used 74345K, capacity 76100K, committed 76288K, reserved 321536K
  class space    used 9480K, capacity 10130K, committed 10240K, reserved 253952K
}
Event: 24.405 GC heap after
{Heap after GC invocations=93 (full 0):
 garbage-first heap   total 262144K, used 102622K [0x00000000e0000000, 0x0000000100000000)
  region size 1024K, 6 young (6144K), 6 survivors (6144K)
 Metaspace       used 74345K, capacity 76100K, committed 76288K, reserved 321536K
  class space    used 9480K, capacity 10130K, committed 10240K, reserved 253952K
}
Event: 24.990 GC heap before
{Heap before GC invocations=94 (full 0):
 garbage-first heap   total 262144K, used 209118K [0x00000000e0000000, 0x0000000100000000)
  region size 1024K, 109 young (111616K), 6 survivors (6144K)
 Metaspace       used 82382K, capacity 84204K, committed 84480K, reserved 327680K
  class space    used 10326K, capacity 10985K, committed 11008K, reserved 253952K
}
Event: 24.996 GC heap after
{Heap after GC invocations=95 (full 0):
 garbage-first heap   total 262144K, used 107934K [0x00000000e0000000, 0x0000000100000000)
  region size 1024K, 11 young (11264K), 11 survivors (11264K)
 Metaspace       used 82382K, capacity 84204K, committed 84480K, reserved 327680K
  class space    used 10326K, capacity 10985K, committed 11008K, reserved 253952K
}
Event: 24.997 GC heap before
{Heap before GC invocations=95 (full 0):
 garbage-first heap   total 262144K, used 108958K [0x00000000e0000000, 0x0000000100000000)
  region size 1024K, 12 young (12288K), 11 survivors (11264K)
 Metaspace       used 82383K, capacity 84204K, committed 84480K, reserved 327680K
  class space    used 10326K, capacity 10985K, committed 11008K, reserved 253952K
}
Event: 25.003 GC heap after
{Heap after GC invocations=96 (full 0):
 garbage-first heap   total 262144K, used 100219K [0x00000000e0000000, 0x0000000100000000)
  region size 1024K, 1 young (1024K), 1 survivors (1024K)
 Metaspace       used 82383K, capacity 84204K, committed 84480K, reserved 327680K
  class space    used 10326K, capacity 10985K, committed 11008K, reserved 253952K
}
Event: 25.694 GC heap before
{Heap before GC invocations=96 (full 0):
 garbage-first heap   total 262144K, used 208763K [0x00000000e0000000, 0x0000000100000000)
  region size 1024K, 107 young (109568K), 1 survivors (1024K)
 Metaspace       used 89591K, capacity 91415K, committed 91520K, reserved 333824K
  class space    used 11133K, capacity 11825K, committed 11904K, reserved 253952K
}
Event: 25.700 GC heap after
{Heap after GC invocations=97 (full 0):
 garbage-first heap   total 262144K, used 107557K [0x00000000e0000000, 0x0000000100000000)
  region size 1024K, 9 young (9216K), 9 survivors (9216K)
 Metaspace       used 89591K, capacity 91415K, committed 91520K, reserved 333824K
  class space    used 11133K, capacity 11825K, committed 11904K, reserved 253952K
}
Event: 26.781 GC heap before
{Heap before GC invocations=97 (full 0):
 garbage-first heap   total 262144K, used 212005K [0x00000000e0000000, 0x0000000100000000)
  region size 1024K, 111 young (113664K), 9 survivors (9216K)
 Metaspace       used 94705K, capacity 96631K, committed 96768K, reserved 339968K
  class space    used 11526K, capacity 12233K, committed 12288K, reserved 253952K
}
Event: 26.789 GC heap after
{Heap after GC invocations=98 (full 0):
 garbage-first heap   total 262144K, used 115973K [0x00000000e0000000, 0x0000000100000000)
  region size 1024K, 9 young (9216K), 9 survivors (9216K)
 Metaspace       used 94705K, capacity 96631K, committed 96768K, reserved 339968K
  class space    used 11526K, capacity 12233K, committed 12288K, reserved 253952K
}

Deoptimization events (20 events):
Event: 26.809 Thread 0x0000029f524c1000 Uncommon trap: trap_request=0xffffff6e fr.pc=0x0000029f44a247fc relative=0x000000000000027c
Event: 26.809 Thread 0x0000029f524c1000 Uncommon trap: reason=speculate_class_check action=maybe_recompile pc=0x0000029f44a247fc method=org.jetbrains.kotlin.types.TypeWithEnhancementKt.getEnhancement(Lorg/jetbrains/kotlin/types/KotlinType;)Lorg/jetbrains/kotlin/types/KotlinType; @ 9 c2
Event: 26.809 Thread 0x0000029f524c1000 DEOPT PACKING pc=0x0000029f44a247fc sp=0x000000a9623f3ea0
Event: 26.809 Thread 0x0000029f524c1000 DEOPT UNPACKING pc=0x0000029f3cc4662f sp=0x000000a9623f3d28 mode 2
Event: 26.809 Thread 0x0000029f524c1000 Uncommon trap: trap_request=0xffffff6e fr.pc=0x0000029f44a247fc relative=0x000000000000027c
Event: 26.809 Thread 0x0000029f524c1000 Uncommon trap: reason=speculate_class_check action=maybe_recompile pc=0x0000029f44a247fc method=org.jetbrains.kotlin.types.TypeWithEnhancementKt.getEnhancement(Lorg/jetbrains/kotlin/types/KotlinType;)Lorg/jetbrains/kotlin/types/KotlinType; @ 9 c2
Event: 26.809 Thread 0x0000029f524c1000 DEOPT PACKING pc=0x0000029f44a247fc sp=0x000000a9623f4680
Event: 26.809 Thread 0x0000029f524c1000 DEOPT UNPACKING pc=0x0000029f3cc4662f sp=0x000000a9623f4508 mode 2
Event: 26.809 Thread 0x0000029f524c1000 Uncommon trap: trap_request=0xffffff6e fr.pc=0x0000029f44a247fc relative=0x000000000000027c
Event: 26.809 Thread 0x0000029f524c1000 Uncommon trap: reason=speculate_class_check action=maybe_recompile pc=0x0000029f44a247fc method=org.jetbrains.kotlin.types.TypeWithEnhancementKt.getEnhancement(Lorg/jetbrains/kotlin/types/KotlinType;)Lorg/jetbrains/kotlin/types/KotlinType; @ 9 c2
Event: 26.809 Thread 0x0000029f524c1000 DEOPT PACKING pc=0x0000029f44a247fc sp=0x000000a9623f3890
Event: 26.809 Thread 0x0000029f524c1000 DEOPT UNPACKING pc=0x0000029f3cc4662f sp=0x000000a9623f3718 mode 2
Event: 26.809 Thread 0x0000029f524c1000 Uncommon trap: trap_request=0xffffff6e fr.pc=0x0000029f44a247fc relative=0x000000000000027c
Event: 26.809 Thread 0x0000029f524c1000 Uncommon trap: reason=speculate_class_check action=maybe_recompile pc=0x0000029f44a247fc method=org.jetbrains.kotlin.types.TypeWithEnhancementKt.getEnhancement(Lorg/jetbrains/kotlin/types/KotlinType;)Lorg/jetbrains/kotlin/types/KotlinType; @ 9 c2
Event: 26.809 Thread 0x0000029f524c1000 DEOPT PACKING pc=0x0000029f44a247fc sp=0x000000a9623f3890
Event: 26.809 Thread 0x0000029f524c1000 DEOPT UNPACKING pc=0x0000029f3cc4662f sp=0x000000a9623f3718 mode 2
Event: 26.833 Thread 0x0000029f524c1000 Uncommon trap: trap_request=0xffffffc6 fr.pc=0x0000029f449a60cc relative=0x000000000000008c
Event: 26.834 Thread 0x0000029f524c1000 Uncommon trap: reason=bimorphic_or_optimized_type_check action=maybe_recompile pc=0x0000029f449a60cc method=org.jetbrains.kotlin.types.DelegatingSimpleType.isMarkedNullable()Z @ 4 c2
Event: 26.834 Thread 0x0000029f524c1000 DEOPT PACKING pc=0x0000029f449a60cc sp=0x000000a9623f51b0
Event: 26.834 Thread 0x0000029f524c1000 DEOPT UNPACKING pc=0x0000029f3cc4662f sp=0x000000a9623f5138 mode 2

Classes redefined (0 events):
No events

Internal exceptions (20 events):
Event: 12.227 Thread 0x0000029f524c1000 Implicit null exception at 0x0000029f449abe44 to 0x0000029f449ac454
Event: 18.079 Thread 0x0000029f524c1000 Exception <a 'sun/nio/fs/WindowsException'{0x00000000ee2fbe10}> (0x00000000ee2fbe10) thrown at [./src/hotspot/share/prims/jni.cpp, line 615]
Event: 18.080 Thread 0x0000029f524c1000 Exception <a 'sun/nio/fs/WindowsException'{0x00000000ee2fbf98}> (0x00000000ee2fbf98) thrown at [./src/hotspot/share/prims/jni.cpp, line 615]
Event: 20.720 Thread 0x0000029f524c1000 Implicit null exception at 0x0000029f4485460b to 0x0000029f448546e4
Event: 20.747 Thread 0x0000029f524c1000 Implicit null exception at 0x0000029f4484942c to 0x0000029f448495da
Event: 23.077 Thread 0x0000029f524c1000 Exception <a 'java/lang/NoSuchMethodError'{0x00000000efec4ec0}: 'java.lang.Object java.lang.invoke.DirectMethodHandle$Holder.invokeStaticInit(java.lang.Object, int)'> (0x00000000efec4ec0) thrown at [./src/hotspot/share/interpreter/linkResolver.cpp, line 773]
Event: 23.111 Thread 0x0000029f524c1000 Exception <a 'java/lang/NoSuchMethodError'{0x00000000efaefa18}: 'long java.lang.invoke.DirectMethodHandle$Holder.invokeStatic(java.lang.Object)'> (0x00000000efaefa18) thrown at [./src/hotspot/share/interpreter/linkResolver.cpp, line 773]
Event: 23.111 Thread 0x0000029f524c1000 Exception <a 'java/lang/NoSuchMethodError'{0x00000000efaf3860}: 'long java.lang.invoke.DirectMethodHandle$Holder.invokeStaticInit(java.lang.Object)'> (0x00000000efaf3860) thrown at [./src/hotspot/share/interpreter/linkResolver.cpp, line 773]
Event: 23.257 Thread 0x0000029f524c1000 Exception <a 'java/lang/NoSuchMethodError'{0x00000000ee1ccd70}: 'java.lang.Object java.lang.invoke.DirectMethodHandle$Holder.invokeSpecial(java.lang.Object, java.lang.Object, int, int, java.lang.Object, java.lang.Object, java.lang.Object)'> (0x00000000ee1ccd70) thrown at [./src/hotspot/share/interpreter/linkResolver.cpp, line 773]
Event: 23.257 Thread 0x0000029f524c1000 Exception <a 'java/lang/NoSuchMethodError'{0x00000000ee1d1598}: 'java.lang.Object java.lang.invoke.DelegatingMethodHandle$Holder.reinvoke_L(java.lang.Object, int, int, java.lang.Object, java.lang.Object, java.lang.Object)'> (0x00000000ee1d1598) thrown at [./src/hotspot/share/interpreter/linkResolver.cpp, line 773]
Event: 23.258 Thread 0x0000029f524c1000 Exception <a 'java/lang/NoSuchMethodError'{0x00000000ee1d6808}: 'java.lang.Object java.lang.invoke.DirectMethodHandle$Holder.invokeStatic(java.lang.Object, java.lang.Object, java.lang.Object, java.lang.Object, int)'> (0x00000000ee1d6808) thrown at [./src/hotspot/share/interpreter/linkResolver.cpp, line 773]
Event: 23.376 Thread 0x0000029f524c1000 Exception <a 'java/lang/NoSuchMethodError'{0x00000000ecf959f0}: 'void java.lang.invoke.DirectMethodHandle$Holder.invokeInterface(java.lang.Object, java.lang.Object)'> (0x00000000ecf959f0) thrown at [./src/hotspot/share/interpreter/linkResolver.cpp, line 773]
Event: 23.497 Thread 0x0000029f524c1000 Implicit null exception at 0x0000029f447a4eb3 to 0x0000029f447a4fb4
Event: 24.041 Thread 0x0000029f524c1000 Implicit null exception at 0x0000029f4501b72c to 0x0000029f4501b758
Event: 24.051 Thread 0x0000029f524c1000 Implicit null exception at 0x0000029f4501a470 to 0x0000029f4501a530
Event: 25.290 Thread 0x0000029f524c1000 Exception <a 'java/lang/NoSuchMethodError'{0x00000000ec02f928}: 'java.lang.Object java.lang.invoke.DirectMethodHandle$Holder.invokeSpecial(java.lang.Object, java.lang.Object, java.lang.Object, java.lang.Object, java.lang.Object, int)'> (0x00000000ec02f928) thrown at [./src/hotspot/share/interpreter/linkResolver.cpp, line 773]
Event: 25.290 Thread 0x0000029f524c1000 Exception <a 'java/lang/NoSuchMethodError'{0x00000000ec034760}: 'java.lang.Object java.lang.invoke.Invokers$Holder.linkToTargetMethod(java.lang.Object, java.lang.Object, java.lang.Object, int, java.lang.Object)'> (0x00000000ec034760) thrown at [./src/hotspot/share/interpreter/linkResolver.cpp, line 773]
Event: 25.308 Thread 0x0000029f524c1000 Implicit null exception at 0x0000029f450d3d64 to 0x0000029f450d6b24
Event: 26.195 Thread 0x0000029f524c1000 Implicit null exception at 0x0000029f45173611 to 0x0000029f45174200
Event: 26.483 Thread 0x0000029f524c1000 Exception <a 'java/lang/NoSuchMethodError'{0x00000000eb4164f0}: 'java.lang.Object java.lang.invoke.Invokers$Holder.linkToTargetMethod(java.lang.Object, java.lang.Object, java.lang.Object, int, int, java.lang.Object)'> (0x00000000eb4164f0) thrown at [./src/hotspot/share/interpreter/linkResolver.cpp, line 773]

Events (20 events):
Event: 26.795 loading class org/jetbrains/kotlin/resolve/OverridingUtil$3
Event: 26.795 loading class org/jetbrains/kotlin/resolve/OverridingUtil$3 done
Event: 26.796 loading class org/jetbrains/kotlin/load/java/components/DescriptorResolverUtils$1$1
Event: 26.796 loading class org/jetbrains/kotlin/load/java/components/DescriptorResolverUtils$1$1 done
Event: 26.797 loading class org/jetbrains/kotlin/descriptors/impl/FunctionDescriptorImpl$1
Event: 26.797 loading class org/jetbrains/kotlin/descriptors/impl/FunctionDescriptorImpl$1 done
Event: 26.862 Executing VM operation: ICBufferFull
Event: 26.862 Executing VM operation: ICBufferFull done
Event: 26.863 loading class org/jetbrains/kotlin/load/java/ErasedOverridabilityCondition$isOverridable$signatureTypes$1
Event: 26.863 loading class org/jetbrains/kotlin/load/java/ErasedOverridabilityCondition$isOverridable$signatureTypes$1 done
Event: 26.863 loading class org/jetbrains/kotlin/resolve/calls/inference/CapturedTypeConstructorKt$wrapWithCapturingSubstitution$2
Event: 26.863 loading class org/jetbrains/kotlin/resolve/calls/inference/CapturedTypeConstructorKt$wrapWithCapturingSubstitution$2 done
Event: 26.864 loading class org/jetbrains/kotlin/load/java/lazy/types/RawSubstitution$eraseInflexibleBasedOnClassDescriptor$2
Event: 26.864 loading class org/jetbrains/kotlin/load/java/lazy/types/RawSubstitution$eraseInflexibleBasedOnClassDescriptor$2 done
Event: 26.864 loading class org/jetbrains/kotlin/load/java/ErasedOverridabilityCondition$WhenMappings
Event: 26.864 loading class org/jetbrains/kotlin/load/java/ErasedOverridabilityCondition$WhenMappings done
Event: 26.897 loading class org/jetbrains/kotlin/codegen/AsmUtil
Event: 26.898 loading class org/jetbrains/kotlin/codegen/AsmUtil done
Event: 26.955 Executing VM operation: ICBufferFull
Event: 26.955 Executing VM operation: ICBufferFull done


Dynamic libraries:
0x00007ff6caed0000 - 0x00007ff6caeda000 	C:\Program Files\Android\Android Studio\jre\bin\java.exe
0x00007fff40830000 - 0x00007fff40a25000 	C:\WINDOWS\SYSTEM32\ntdll.dll
0x00007fff3e920000 - 0x00007fff3e9de000 	C:\WINDOWS\System32\KERNEL32.DLL
0x00007fff3e0a0000 - 0x00007fff3e368000 	C:\WINDOWS\System32\KERNELBASE.dll
0x00007fff3e5f0000 - 0x00007fff3e6f0000 	C:\WINDOWS\System32\ucrtbase.dll
0x00007fff34500000 - 0x00007fff34517000 	C:\Program Files\Android\Android Studio\jre\bin\VCRUNTIME140.dll
0x00007fff2ce20000 - 0x00007fff2ce39000 	C:\Program Files\Android\Android Studio\jre\bin\jli.dll
0x00007fff40120000 - 0x00007fff402c0000 	C:\WINDOWS\System32\USER32.dll
0x00007fff2d450000 - 0x00007fff2d6ea000 	C:\WINDOWS\WinSxS\amd64_microsoft.windows.common-controls_6595b64144ccf1df_6.0.19041.1110_none_60b5254171f9507e\COMCTL32.dll
0x00007fff3e410000 - 0x00007fff3e432000 	C:\WINDOWS\System32\win32u.dll
0x00007fff3ecf0000 - 0x00007fff3ed1b000 	C:\WINDOWS\System32\GDI32.dll
0x00007fff3eb20000 - 0x00007fff3ebbe000 	C:\WINDOWS\System32\msvcrt.dll
0x00007fff3e740000 - 0x00007fff3e84d000 	C:\WINDOWS\System32\gdi32full.dll
0x00007fff3e370000 - 0x00007fff3e40d000 	C:\WINDOWS\System32\msvcp_win.dll
0x00007fff3fbf0000 - 0x00007fff3fc20000 	C:\WINDOWS\System32\IMM32.DLL
0x00007fff21c90000 - 0x00007fff21d2d000 	C:\Program Files\Android\Android Studio\jre\bin\msvcp140.dll
0x00007fff04710000 - 0x00007fff051e5000 	C:\Program Files\Android\Android Studio\jre\bin\server\jvm.dll
0x00007fff3fc20000 - 0x00007fff3fcce000 	C:\WINDOWS\System32\ADVAPI32.dll
0x00007fff3e880000 - 0x00007fff3e91c000 	C:\WINDOWS\System32\sechost.dll
0x00007fff3ebc0000 - 0x00007fff3ece5000 	C:\WINDOWS\System32\RPCRT4.dll
0x00007fff40110000 - 0x00007fff40118000 	C:\WINDOWS\System32\PSAPI.DLL
0x00007fff34190000 - 0x00007fff341b7000 	C:\WINDOWS\SYSTEM32\WINMM.dll
0x00007fff2e070000 - 0x00007fff2e079000 	C:\WINDOWS\SYSTEM32\WSOCK32.dll
0x00007fff38d10000 - 0x00007fff38d1a000 	C:\WINDOWS\SYSTEM32\VERSION.dll
0x00007fff3fe80000 - 0x00007fff3feeb000 	C:\WINDOWS\System32\WS2_32.dll
0x00007fff3be30000 - 0x00007fff3be42000 	C:\WINDOWS\SYSTEM32\kernel.appcore.dll
0x00007fff39b00000 - 0x00007fff39b11000 	C:\Program Files\Android\Android Studio\jre\bin\verify.dll
0x00007fff316f0000 - 0x00007fff318d4000 	C:\WINDOWS\SYSTEM32\DBGHELP.DLL
0x00007fff2e080000 - 0x00007fff2e0ac000 	C:\WINDOWS\SYSTEM32\dbgcore.DLL
0x00007fff3e4b0000 - 0x00007fff3e532000 	C:\WINDOWS\System32\bcryptPrimitives.dll
0x00007fff382d0000 - 0x00007fff382f9000 	C:\Program Files\Android\Android Studio\jre\bin\java.dll
0x00007fff39c10000 - 0x00007fff39c1b000 	C:\Program Files\Android\Android Studio\jre\bin\jimage.dll
0x00007fff37e50000 - 0x00007fff37e68000 	C:\Program Files\Android\Android Studio\jre\bin\zip.dll
0x00007fff3eec0000 - 0x00007fff3f604000 	C:\WINDOWS\System32\SHELL32.dll
0x00007fff3c030000 - 0x00007fff3c7c4000 	C:\WINDOWS\SYSTEM32\windows.storage.dll
0x00007fff3f7b0000 - 0x00007fff3fb05000 	C:\WINDOWS\System32\combase.dll
0x00007fff3d990000 - 0x00007fff3d9be000 	C:\WINDOWS\SYSTEM32\Wldp.dll
0x00007fff3ee00000 - 0x00007fff3eead000 	C:\WINDOWS\System32\SHCORE.dll
0x00007fff3f630000 - 0x00007fff3f685000 	C:\WINDOWS\System32\shlwapi.dll
0x00007fff3de80000 - 0x00007fff3de9f000 	C:\WINDOWS\SYSTEM32\profapi.dll
0x00007fff37e30000 - 0x00007fff37e4a000 	C:\Program Files\Android\Android Studio\jre\bin\net.dll
0x00007fff385b0000 - 0x00007fff386bc000 	C:\WINDOWS\SYSTEM32\WINHTTP.dll
0x00007fff3d6f0000 - 0x00007fff3d75a000 	C:\WINDOWS\system32\mswsock.dll
0x00007fff372c0000 - 0x00007fff372d4000 	C:\Program Files\Android\Android Studio\jre\bin\nio.dll
0x00007fff2e700000 - 0x00007fff2e727000 	C:\Users\Francesco\.gradle\native\e1d6ef7f7dcc3fd88c89a11ec53ec762bb8ba0a96d01ffa2cd45eb1d1d8dd5c5\windows-amd64\native-platform.dll
0x00007fff15aa0000 - 0x00007fff15be4000 	C:\Users\Francesco\.gradle\native\5664cfc778a61ccfe75a443a1ab52a65af34e5dc3c78e0209fed803814484fcb\windows-amd64\native-platform-file-events.dll
0x00007fff39b90000 - 0x00007fff39b9a000 	C:\Program Files\Android\Android Studio\jre\bin\management.dll
0x00007fff39340000 - 0x00007fff3934d000 	C:\Program Files\Android\Android Studio\jre\bin\management_ext.dll
0x00007fff3d8e0000 - 0x00007fff3d8f8000 	C:\WINDOWS\SYSTEM32\CRYPTSP.dll
0x00007fff3d000000 - 0x00007fff3d034000 	C:\WINDOWS\system32\rsaenh.dll
0x00007fff3e850000 - 0x00007fff3e877000 	C:\WINDOWS\System32\bcrypt.dll
0x00007fff3de40000 - 0x00007fff3de6e000 	C:\WINDOWS\SYSTEM32\USERENV.dll
0x00007fff3d900000 - 0x00007fff3d90c000 	C:\WINDOWS\SYSTEM32\CRYPTBASE.dll
0x00007fff3d390000 - 0x00007fff3d3cb000 	C:\WINDOWS\SYSTEM32\IPHLPAPI.DLL
0x00007fff3ed20000 - 0x00007fff3ed28000 	C:\WINDOWS\System32\NSI.dll
0x00007fff38bf0000 - 0x00007fff38c07000 	C:\WINDOWS\SYSTEM32\dhcpcsvc6.DLL
0x00007fff38bd0000 - 0x00007fff38bed000 	C:\WINDOWS\SYSTEM32\dhcpcsvc.DLL
0x00007fff3d3d0000 - 0x00007fff3d49b000 	C:\WINDOWS\SYSTEM32\DNSAPI.dll
0x00007fff2f9e0000 - 0x00007fff2fa07000 	C:\Program Files\Android\Android Studio\jre\bin\sunec.dll

dbghelp: loaded successfully - version: 4.0.5 - missing functions: none
symbol engine: initialized successfully - sym options: 0x614 - pdb path: .;C:\Program Files\Android\Android Studio\jre\bin;C:\WINDOWS\SYSTEM32;C:\WINDOWS\WinSxS\amd64_microsoft.windows.common-controls_6595b64144ccf1df_6.0.19041.1110_none_60b5254171f9507e;C:\Program Files\Android\Android Studio\jre\bin\server;C:\Users\Francesco\.gradle\native\e1d6ef7f7dcc3fd88c89a11ec53ec762bb8ba0a96d01ffa2cd45eb1d1d8dd5c5\windows-amd64;C:\Users\Francesco\.gradle\native\5664cfc778a61ccfe75a443a1ab52a65af34e5dc3c78e0209fed803814484fcb\windows-amd64

VM Arguments:
jvm_args: -XX:MaxMetaspaceSize=256m -XX:+HeapDumpOnOutOfMemoryError --add-opens=java.base/java.util=ALL-UNNAMED --add-opens=java.base/java.lang=ALL-UNNAMED --add-opens=java.base/java.lang.invoke=ALL-UNNAMED --add-opens=java.base/java.util=ALL-UNNAMED --add-opens=java.prefs/java.util.prefs=ALL-UNNAMED --add-opens=java.prefs/java.util.prefs=ALL-UNNAMED --add-opens=java.base/java.nio.charset=ALL-UNNAMED --add-opens=java.base/java.net=ALL-UNNAMED --add-opens=java.base/java.util.concurrent.atomic=ALL-UNNAMED -Xms256m -Xmx512m -Dfile.encoding=windows-1252 -Duser.country=IT -Duser.language=it -Duser.variant 
java_command: org.gradle.launcher.daemon.bootstrap.GradleDaemon 7.3
java_class_path (initial): C:\Users\Francesco\.gradle\wrapper\dists\gradle-7.3-bin\ddwl0k7mt9g6ak16i1m905vyv\gradle-7.3\lib\gradle-launcher-7.3.jar
Launcher Type: SUN_STANDARD

[Global flags]
     intx CICompilerCount                          = 3                                         {product} {ergonomic}
   size_t CompressedClassSpaceSize                 = 260046848                                 {product} {ergonomic}
     uint ConcGCThreads                            = 2                                         {product} {ergonomic}
     uint G1ConcRefinementThreads                  = 6                                         {product} {ergonomic}
   size_t G1HeapRegionSize                         = 1048576                                   {product} {ergonomic}
    uintx GCDrainStackTargetSize                   = 64                                        {product} {ergonomic}
     bool HeapDumpOnOutOfMemoryError               = true                                   {manageable} {command line}
   size_t InitialHeapSize                          = 268435456                                 {product} {command line}
   size_t MarkStackSize                            = 4194304                                   {product} {ergonomic}
   size_t MaxHeapSize                              = 536870912                                 {product} {command line}
   size_t MaxMetaspaceSize                         = 268435456                                 {product} {command line}
   size_t MaxNewSize                               = 321912832                                 {product} {ergonomic}
   size_t MinHeapDeltaBytes                        = 1048576                                   {product} {ergonomic}
    uintx NonNMethodCodeHeapSize                   = 5830732                                {pd product} {ergonomic}
    uintx NonProfiledCodeHeapSize                  = 122913754                              {pd product} {ergonomic}
    uintx ProfiledCodeHeapSize                     = 122913754                              {pd product} {ergonomic}
    uintx ReservedCodeCacheSize                    = 251658240                              {pd product} {ergonomic}
     bool SegmentedCodeCache                       = true                                      {product} {ergonomic}
     bool UseCompressedClassPointers               = true                                 {lp64_product} {ergonomic}
     bool UseCompressedOops                        = true                                 {lp64_product} {ergonomic}
     bool UseG1GC                                  = true                                      {product} {ergonomic}
     bool UseLargePagesIndividualAllocation        = false                                  {pd product} {ergonomic}

Logging:
Log output configuration:
 #0: stdout all=warning uptime,level,tags
 #1: stderr all=off uptime,level,tags

Environment Variables:
PATH=C:\Users\Francesco\gcc\bin;C:\Users\Francesco\gcc\libexec\gcc\x86_64-pc-mingw32\4.7.0;C:\Program Files (x86)\Common Files\Oracle\Java\javapath;C:\Program Files (x86)\Intel\Intel(R) Management Engine Components\iCLS\;C:\Program Files\Intel\Intel(R) Management Engine Components\iCLS\;C:\Windows\system32;C:\Windows;C:\Windows\System32\Wbem;C:\Windows\System32\WindowsPowerShell\v1.0\;C:\Windows\System32\OpenSSH\;C:\Program Files (x86)\Intel\Intel(R) Management Engine Components\DAL;C:\Program Files\Intel\Intel(R) Management Engine Components\DAL;C:\Program Files (x86)\Intel\Intel(R) Management Engine Components\IPT;C:\Program Files\Intel\Intel(R) Management Engine Components\IPT;C:\Program Files (x86)\NVIDIA Corporation\PhysX\Common;C:\Program Files\NVIDIA Corporation\NVIDIA NvDLISR;C:\WINDOWS\system32;C:\WINDOWS;C:\WINDOWS\System32\Wbem;C:\WINDOWS\System32\WindowsPowerShell\v1.0\;C:\WINDOWS\System32\OpenSSH\;C:\Program Files\dotnet\;C:\Program Files\Microsoft SQL Server\130\Tools\Binn\;C:\Program Files\Microsoft SQL Server\Client SDK\ODBC\170\Tools\Binn\;C:\Program Files\Git\cmd;C:\Program Files (x86)\nodejs\;C:\sqlite3;%USERPROFILE%\AppData\Local\Microsoft\WindowsApps;%USERPROFILE%\.dotnet\tools;;C:\Users\Francesco\AppData\Local\Programs\Microsoft VS Code\bin;C:\Users\Francesco\AppData\Roaming\npm;C:\Exercism
USERNAME=Francesco
OS=Windows_NT
PROCESSOR_IDENTIFIER=Intel64 Family 6 Model 158 Stepping 10, GenuineIntel



---------------  S Y S T E M  ---------------

OS: Windows 10 , 64 bit Build 19041 (10.0.19041.1503)
OS uptime: 8 days 21:18 hours

CPU:total 6 (initial active 6) (6 cores per cpu, 1 threads per core) family 6 model 158 stepping 10 microcode 0xb4, cmov, cx8, fxsr, mmx, sse, sse2, sse3, ssse3, sse4.1, sse4.2, popcnt, avx, avx2, aes, clmul, erms, 3dnowpref, lzcnt, tsc, tscinvbit, bmi1, bmi2, adx, fma

Memory: 4k page, system-wide physical 16297M (7927M free)
TotalPageFile size 45971M (AvailPageFile size 5M)
current process WorkingSet (physical memory assigned to process): 545M, peak: 548M
current process commit charge ("private bytes"): 573M, peak: 575M

vm_info: OpenJDK 64-Bit Server VM (11.0.11+9-b60-7590822) for windows-amd64 JRE (11.0.11+9-b60-7590822), built on Jul 29 2021 21:43:44 by "builder" with MS VC++ 14.0 (VS2015)

END.
