#
# There is insufficient memory for the Java Runtime Environment to continue.
# Native memory allocation (malloc) failed to allocate 32744 bytes for ChunkPool::allocate
# Possible reasons:
#   The system is out of physical RAM or swap space
#   The process is running with CompressedOops enabled, and the Java Heap may be blocking the growth of the native heap
# Possible solutions:
#   Reduce memory load on the system
#   Increase physical memory or swap space
#   Check if swap backing store is full
#   Decrease Java heap size (-Xmx/-Xms)
#   Decrease number of Java threads
#   Decrease Java thread stack sizes (-Xss)
#   Set larger code cache with -XX:ReservedCodeCacheSize=
#   JVM is running with Unscaled Compressed Oops mode in which the Java heap is
#     placed in the first 4GB address space. The Java Heap base address is the
#     maximum limit for the native heap growth. Please use -XX:HeapBaseMinAddress
#     to set the Java Heap base and to place the Java Heap above 4GB virtual address.
# This output file may be truncated or incomplete.
#
#  Out of Memory Error (./src/hotspot/share/memory/arena.cpp:81), pid=7752, tid=14944
#
# JRE version: OpenJDK Runtime Environment (11.0.11+9) (build 11.0.11+9-b60-7590822)
# Java VM: OpenJDK 64-Bit Server VM (11.0.11+9-b60-7590822, mixed mode, tiered, compressed oops, g1 gc, windows-amd64)
# No core dump will be written. Minidumps are not enabled by default on client versions of Windows
#

---------------  S U M M A R Y ------------

Command Line: -XX:MaxMetaspaceSize=256m -XX:+HeapDumpOnOutOfMemoryError --add-opens=java.base/java.util=ALL-UNNAMED --add-opens=java.base/java.lang=ALL-UNNAMED --add-opens=java.base/java.lang.invoke=ALL-UNNAMED --add-opens=java.base/java.util=ALL-UNNAMED --add-opens=java.prefs/java.util.prefs=ALL-UNNAMED --add-opens=java.prefs/java.util.prefs=ALL-UNNAMED --add-opens=java.base/java.nio.charset=ALL-UNNAMED --add-opens=java.base/java.net=ALL-UNNAMED --add-opens=java.base/java.util.concurrent.atomic=ALL-UNNAMED -Xms256m -Xmx512m -Dfile.encoding=windows-1252 -Duser.country=IT -Duser.language=it -Duser.variant org.gradle.launcher.daemon.bootstrap.GradleDaemon 7.3

Host: Intel(R) Core(TM) i5-8400 CPU @ 2.80GHz, 6 cores, 15G,  Windows 10 , 64 bit Build 19041 (10.0.19041.1503)
Time: Tue Mar  8 11:22:46 2022 ora solare Europa occidentale elapsed time: 89.917901 seconds (0d 0h 1m 29s)

---------------  T H R E A D  ---------------

Current thread (0x00000220b2667800):  JavaThread "C2 CompilerThread0" daemon [_thread_in_native, id=14944, stack(0x0000009403500000,0x0000009403600000)]


Current CompileTask:
C2:  89917 22197       4      
[error occurred during error reporting (printing current compile task), id 0xe0000001, Out of Memory Error (./src/hotspot/share/memory/arena.cpp:81)]

Stack: [0x0000009403500000,0x0000009403600000]
Native frames: (J=compiled Java code, j=interpreted, Vv=VM code, C=native code)
V  [jvm.dll+0x5f214a]
V  [jvm.dll+0x726fb5]
V  [jvm.dll+0x7285cd]
V  [jvm.dll+0x728c83]
V  [jvm.dll+0x243278]
V  [jvm.dll+0xbc78b]
V  [jvm.dll+0xbca3c]
V  [jvm.dll+0x6ba12a]
V  [jvm.dll+0x6ba279]
V  [jvm.dll+0x4c9902]
V  [jvm.dll+0x5aa159]
V  [jvm.dll+0x20e225]
V  [jvm.dll+0x20e637]
V  [jvm.dll+0x726e53]
V  [jvm.dll+0x7285cd]
V  [jvm.dll+0x728c83]
V  [jvm.dll+0x243278]
V  [jvm.dll+0xbc78b]
V  [jvm.dll+0xbca3c]
V  [jvm.dll+0xbc638]
V  [jvm.dll+0x711939]
V  [jvm.dll+0x711252]
V  [jvm.dll+0x50921b]
V  [jvm.dll+0x5087a7]
V  [jvm.dll+0x1fd70e]
V  [jvm.dll+0x1fb35f]
V  [jvm.dll+0x183d6c]
V  [jvm.dll+0x209a57]
V  [jvm.dll+0x2082a1]
V  [jvm.dll+0x6ef58f]
V  [jvm.dll+0x6e80b5]
V  [jvm.dll+0x5f1036]
C  [ucrtbase.dll+0x21bb2]
C  [KERNEL32.DLL+0x17034]
C  [ntdll.dll+0x52651]


---------------  P R O C E S S  ---------------

Threads class SMR info:
_java_thread_list=0x00000220b60ff170, length=104, elements={
0x000002209b691000, 0x00000220b1dd5000, 0x00000220b1ddc000, 0x00000220b1dfe000,
0x00000220b2664800, 0x00000220b2666800, 0x00000220b2667800, 0x00000220b266a800,
0x00000220b266d800, 0x00000220b27df000, 0x00000220b517b000, 0x00000220b2b62800,
0x00000220b3b35800, 0x00000220b5570800, 0x00000220b4b96800, 0x00000220b61e2800,
0x00000220b61e0800, 0x00000220b61e1800, 0x00000220b538a800, 0x00000220b538e000,
0x00000220b538d000, 0x00000220b538c800, 0x00000220b5389000, 0x00000220b5388800,
0x00000220b538f000, 0x00000220b538b800, 0x00000220b5391000, 0x00000220b5393000,
0x00000220b5396000, 0x00000220ba0f9000, 0x00000220ba0f5800, 0x00000220ba0f5000,
0x00000220ba0f9800, 0x00000220ba0fa800, 0x00000220ba0fb800, 0x00000220ba0f6800,
0x00000220ba0ff800, 0x00000220ba100000, 0x00000220ba0fe800, 0x00000220ba101000,
0x00000220ba102000, 0x00000220ba102800, 0x00000220ba0fd000, 0x00000220ba103800,
0x00000220ba0fe000, 0x00000220b538f800, 0x00000220b538a000, 0x00000220b5392000,
0x00000220b5395800, 0x00000220b61e3000, 0x00000220bb191800, 0x00000220bb192800,
0x00000220bb193000, 0x00000220bb196800, 0x00000220bb194000, 0x00000220bb195000,
0x00000220bb195800, 0x00000220bb19d000, 0x00000220bb19b800, 0x00000220bb199800,
0x00000220bb198000, 0x00000220bb197800, 0x00000220bb19a800, 0x00000220bb19e000,
0x00000220bb19e800, 0x00000220bb199000, 0x00000220bb19f800, 0x00000220ba0fc000,
0x00000220bb2b4800, 0x00000220bb2bb000, 0x00000220bb2ba800, 0x00000220bb2b8800,
0x00000220bb2b5800, 0x00000220bb2bc000, 0x00000220bb2b6000, 0x00000220bb2b9800,
0x00000220bb2bc800, 0x00000220bb2b7000, 0x00000220bb2b8000, 0x00000220bb2c2800,
0x00000220bb2be800, 0x00000220bb2c3800, 0x00000220bb2bd800, 0x00000220bb2bf000,
0x00000220bb2c0000, 0x00000220bb2c1000, 0x00000220bb2c1800, 0x00000220b4e77800,
0x00000220b4e7a000, 0x00000220b4e78800, 0x00000220b4e79800, 0x00000220b4e7c000,
0x00000220b4e76000, 0x00000220b4e7b000, 0x00000220b4e7c800, 0x00000220b4e77000,
0x00000220b4e7e000, 0x00000220b4e82800, 0x00000220b4e7d800, 0x00000220b4e85000,
0x00000220b4e84000, 0x00000220b4e83000, 0x00000220b4e7f000, 0x00000220bb19c000
}

Java Threads: ( => current thread )
  0x000002209b691000 JavaThread "main" [_thread_blocked, id=2892, stack(0x0000009402900000,0x0000009402a00000)]
  0x00000220b1dd5000 JavaThread "Reference Handler" daemon [_thread_blocked, id=7316, stack(0x0000009403000000,0x0000009403100000)]
  0x00000220b1ddc000 JavaThread "Finalizer" daemon [_thread_blocked, id=15824, stack(0x0000009403100000,0x0000009403200000)]
  0x00000220b1dfe000 JavaThread "Signal Dispatcher" daemon [_thread_blocked, id=17132, stack(0x0000009403200000,0x0000009403300000)]
  0x00000220b2664800 JavaThread "Attach Listener" daemon [_thread_blocked, id=19800, stack(0x0000009403300000,0x0000009403400000)]
  0x00000220b2666800 JavaThread "Service Thread" daemon [_thread_blocked, id=6980, stack(0x0000009403400000,0x0000009403500000)]
=>0x00000220b2667800 JavaThread "C2 CompilerThread0" daemon [_thread_in_native, id=14944, stack(0x0000009403500000,0x0000009403600000)]
  0x00000220b266a800 JavaThread "C1 CompilerThread0" daemon [_thread_in_vm, id=1872, stack(0x0000009403600000,0x0000009403700000)]
  0x00000220b266d800 JavaThread "Sweeper thread" daemon [_thread_blocked, id=16032, stack(0x0000009403700000,0x0000009403800000)]
  0x00000220b27df000 JavaThread "Common-Cleaner" daemon [_thread_blocked, id=12248, stack(0x0000009403800000,0x0000009403900000)]
  0x00000220b517b000 JavaThread "Daemon health stats" [_thread_blocked, id=16444, stack(0x0000009404100000,0x0000009404200000)]
  0x00000220b2b62800 JavaThread "Incoming local TCP Connector on port 52205" [_thread_in_native, id=20932, stack(0x0000009403a00000,0x0000009403b00000)]
  0x00000220b3b35800 JavaThread "Daemon periodic checks" [_thread_blocked, id=1560, stack(0x0000009404200000,0x0000009404300000)]
  0x00000220b5570800 JavaThread "Daemon" [_thread_blocked, id=14996, stack(0x0000009404300000,0x0000009404400000)]
  0x00000220b4b96800 JavaThread "Daemon worker" [_thread_blocked, id=11232, stack(0x0000009404700000,0x0000009404800000)]
  0x00000220b61e2800 JavaThread "Cache worker for journal cache (C:\Users\Francesco\.gradle\caches\journal-1)" [_thread_blocked, id=18836, stack(0x0000009404b00000,0x0000009404c00000)]
  0x00000220b61e0800 JavaThread "File lock request listener" [_thread_in_native, id=12072, stack(0x0000009404c00000,0x0000009404d00000)]
  0x00000220b61e1800 JavaThread "Cache worker for file hash cache (C:\Users\Francesco\.gradle\caches\7.3\fileHashes)" [_thread_in_Java, id=13352, stack(0x0000009404e00000,0x0000009404f00000)]
  0x00000220b538a800 JavaThread "File watcher server" daemon [_thread_in_native, id=6648, stack(0x0000009405000000,0x0000009405100000)]
  0x00000220b538e000 JavaThread "File watcher consumer" daemon [_thread_blocked, id=2020, stack(0x0000009405100000,0x0000009405200000)]
  0x00000220b538d000 JavaThread "jar transforms" [_thread_blocked, id=20384, stack(0x0000009405200000,0x0000009405300000)]
  0x00000220b538c800 JavaThread "jar transforms Thread 2" [_thread_blocked, id=9024, stack(0x0000009405300000,0x0000009405400000)]
  0x00000220b5389000 JavaThread "jar transforms Thread 3" [_thread_blocked, id=13136, stack(0x0000009405400000,0x0000009405500000)]
  0x00000220b5388800 JavaThread "jar transforms Thread 4" [_thread_blocked, id=14880, stack(0x0000009405500000,0x0000009405600000)]
  0x00000220b538f000 JavaThread "jar transforms Thread 5" [_thread_blocked, id=18736, stack(0x0000009405600000,0x0000009405700000)]
  0x00000220b538b800 JavaThread "jar transforms Thread 6" [_thread_blocked, id=6896, stack(0x0000009405700000,0x0000009405800000)]
  0x00000220b5391000 JavaThread "Cache worker for execution history cache (C:\Users\Francesco\.gradle\caches\7.3\executionHistory)" [_thread_blocked, id=15696, stack(0x0000009405b00000,0x0000009405c00000)]
  0x00000220b5393000 JavaThread "Cache worker for file content cache (C:\Users\Francesco\.gradle\caches\7.3\fileContent)" [_thread_blocked, id=15264, stack(0x0000009405c00000,0x0000009405d00000)]
  0x00000220b5396000 JavaThread "Cache worker for kotlin-dsl (C:\Users\Francesco\.gradle\caches\7.3\kotlin-dsl)" [_thread_blocked, id=20872, stack(0x0000009405d00000,0x0000009405e00000)]
  0x00000220ba0f9000 JavaThread "Handler for socket connection from /127.0.0.1:52205 to /127.0.0.1:52239" [_thread_in_native, id=16692, stack(0x0000009404600000,0x0000009404700000)]
  0x00000220ba0f5800 JavaThread "Cancel handler" [_thread_blocked, id=5024, stack(0x0000009404800000,0x0000009404900000)]
  0x00000220ba0f5000 JavaThread "Asynchronous log dispatcher for DefaultDaemonConnection: socket connection from /127.0.0.1:52205 to /127.0.0.1:52239" [_thread_blocked, id=7000, stack(0x0000009404900000,0x0000009404a00000)]
  0x00000220ba0f9800 JavaThread "Stdin handler" [_thread_blocked, id=14660, stack(0x0000009404a00000,0x0000009404b00000)]
  0x00000220ba0fa800 JavaThread "Daemon client event forwarder" [_thread_blocked, id=17684, stack(0x0000009404f00000,0x0000009405000000)]
  0x00000220ba0fb800 JavaThread "Cache worker for file hash cache (C:\Users\Francesco\Exercism\kotlin\hello-world\.gradle\7.3\fileHashes)" [_thread_blocked, id=21368, stack(0x0000009405800000,0x0000009405900000)]
  0x00000220ba0f6800 JavaThread "Cache worker for checksums cache (C:\Users\Francesco\Exercism\kotlin\hello-world\.gradle\7.3\checksums)" [_thread_blocked, id=21040, stack(0x0000009405a00000,0x0000009405b00000)]
  0x00000220ba0ff800 JavaThread "Cache worker for cache directory md-supplier (C:\Users\Francesco\.gradle\caches\7.3\md-supplier)" [_thread_blocked, id=16220, stack(0x0000009406000000,0x0000009406100000)]
  0x00000220ba100000 JavaThread "Cache worker for cache directory md-rule (C:\Users\Francesco\.gradle\caches\7.3\md-rule)" [_thread_blocked, id=13816, stack(0x0000009406100000,0x0000009406200000)]
  0x00000220ba0fe800 JavaThread "Cache worker for dependencies-accessors (C:\Users\Francesco\Exercism\kotlin\hello-world\.gradle\7.3\dependencies-accessors)" [_thread_blocked, id=19776, stack(0x0000009406200000,0x0000009406300000)]
  0x00000220ba101000 JavaThread "Cache worker for Build Output Cleanup Cache (C:\Users\Francesco\Exercism\kotlin\hello-world\.gradle\buildOutputCleanup)" [_thread_blocked, id=11172, stack(0x0000009406300000,0x0000009406400000)]
  0x00000220ba102000 JavaThread "Kotlin DSL Writer" [_thread_blocked, id=18388, stack(0x0000009406400000,0x0000009406500000)]
  0x00000220ba102800 JavaThread "Unconstrained build operations" [_thread_blocked, id=14492, stack(0x0000009406600000,0x0000009406700000)]
  0x00000220ba0fd000 JavaThread "Unconstrained build operations Thread 2" [_thread_blocked, id=20836, stack(0x0000009406700000,0x0000009406800000)]
  0x00000220ba103800 JavaThread "Unconstrained build operations Thread 3" [_thread_blocked, id=16944, stack(0x0000009406800000,0x0000009406900000)]
  0x00000220ba0fe000 JavaThread "Unconstrained build operations Thread 4" [_thread_blocked, id=16116, stack(0x0000009406900000,0x0000009406a00000)]
  0x00000220b538f800 JavaThread "Unconstrained build operations Thread 5" [_thread_blocked, id=17192, stack(0x0000009406a00000,0x0000009406b00000)]
  0x00000220b538a000 JavaThread "Unconstrained build operations Thread 6" [_thread_blocked, id=13928, stack(0x0000009406b00000,0x0000009406c00000)]
  0x00000220b5392000 JavaThread "Unconstrained build operations Thread 7" [_thread_blocked, id=5232, stack(0x0000009406c00000,0x0000009406d00000)]
  0x00000220b5395800 JavaThread "Unconstrained build operations Thread 8" [_thread_blocked, id=19756, stack(0x0000009406d00000,0x0000009406e00000)]
  0x00000220b61e3000 JavaThread "Unconstrained build operations Thread 9" [_thread_blocked, id=13056, stack(0x0000009406e00000,0x0000009406f00000)]
  0x00000220bb191800 JavaThread "Unconstrained build operations Thread 10" [_thread_blocked, id=1724, stack(0x0000009406f00000,0x0000009407000000)]
  0x00000220bb192800 JavaThread "Unconstrained build operations Thread 11" [_thread_blocked, id=3408, stack(0x0000009407000000,0x0000009407100000)]
  0x00000220bb193000 JavaThread "Unconstrained build operations Thread 12" [_thread_blocked, id=12324, stack(0x0000009407100000,0x0000009407200000)]
  0x00000220bb196800 JavaThread "Unconstrained build operations Thread 13" [_thread_in_Java, id=15192, stack(0x0000009407200000,0x0000009407300000)]
  0x00000220bb194000 JavaThread "Unconstrained build operations Thread 14" [_thread_blocked, id=21428, stack(0x0000009407300000,0x0000009407400000)]
  0x00000220bb195000 JavaThread "Unconstrained build operations Thread 15" [_thread_blocked, id=20244, stack(0x0000009407400000,0x0000009407500000)]
  0x00000220bb195800 JavaThread "Unconstrained build operations Thread 16" [_thread_blocked, id=3960, stack(0x0000009407500000,0x0000009407600000)]
  0x00000220bb19d000 JavaThread "Unconstrained build operations Thread 17" [_thread_blocked, id=21108, stack(0x0000009407600000,0x0000009407700000)]
  0x00000220bb19b800 JavaThread "Unconstrained build operations Thread 18" [_thread_blocked, id=8460, stack(0x0000009407700000,0x0000009407800000)]
  0x00000220bb199800 JavaThread "Unconstrained build operations Thread 19" [_thread_blocked, id=16556, stack(0x0000009407800000,0x0000009407900000)]
  0x00000220bb198000 JavaThread "Unconstrained build operations Thread 20" [_thread_blocked, id=16368, stack(0x0000009407900000,0x0000009407a00000)]
  0x00000220bb197800 JavaThread "Unconstrained build operations Thread 21" [_thread_blocked, id=17652, stack(0x0000009407a00000,0x0000009407b00000)]
  0x00000220bb19a800 JavaThread "Unconstrained build operations Thread 22" [_thread_blocked, id=13288, stack(0x0000009407b00000,0x0000009407c00000)]
  0x00000220bb19e000 JavaThread "Unconstrained build operations Thread 23" [_thread_blocked, id=5880, stack(0x0000009407c00000,0x0000009407d00000)]
  0x00000220bb19e800 JavaThread "Unconstrained build operations Thread 24" [_thread_blocked, id=5500, stack(0x0000009407d00000,0x0000009407e00000)]
  0x00000220bb199000 JavaThread "Unconstrained build operations Thread 25" [_thread_blocked, id=15684, stack(0x0000009407e00000,0x0000009407f00000)]
  0x00000220bb19f800 JavaThread "Unconstrained build operations Thread 26" [_thread_blocked, id=17444, stack(0x0000009407f00000,0x0000009408000000)]
  0x00000220ba0fc000 JavaThread "Unconstrained build operations Thread 27" [_thread_blocked, id=20068, stack(0x0000009408000000,0x0000009408100000)]
  0x00000220bb2b4800 JavaThread "Unconstrained build operations Thread 28" [_thread_blocked, id=12788, stack(0x0000009408100000,0x0000009408200000)]
  0x00000220bb2bb000 JavaThread "Unconstrained build operations Thread 29" [_thread_blocked, id=6080, stack(0x0000009408200000,0x0000009408300000)]
  0x00000220bb2ba800 JavaThread "Unconstrained build operations Thread 30" [_thread_blocked, id=9268, stack(0x0000009408300000,0x0000009408400000)]
  0x00000220bb2b8800 JavaThread "Unconstrained build operations Thread 31" [_thread_blocked, id=12480, stack(0x0000009408400000,0x0000009408500000)]
  0x00000220bb2b5800 JavaThread "Unconstrained build operations Thread 32" [_thread_blocked, id=7440, stack(0x0000009408500000,0x0000009408600000)]
  0x00000220bb2bc000 JavaThread "Unconstrained build operations Thread 33" [_thread_blocked, id=20228, stack(0x0000009408600000,0x0000009408700000)]
  0x00000220bb2b6000 JavaThread "Unconstrained build operations Thread 34" [_thread_blocked, id=19560, stack(0x0000009408700000,0x0000009408800000)]
  0x00000220bb2b9800 JavaThread "Unconstrained build operations Thread 35" [_thread_blocked, id=17020, stack(0x0000009408800000,0x0000009408900000)]
  0x00000220bb2bc800 JavaThread "Unconstrained build operations Thread 36" [_thread_blocked, id=2732, stack(0x0000009408900000,0x0000009408a00000)]
  0x00000220bb2b7000 JavaThread "Unconstrained build operations Thread 37" [_thread_blocked, id=664, stack(0x0000009408a00000,0x0000009408b00000)]
  0x00000220bb2b8000 JavaThread "Unconstrained build operations Thread 38" [_thread_blocked, id=14672, stack(0x0000009408b00000,0x0000009408c00000)]
  0x00000220bb2c2800 JavaThread "Unconstrained build operations Thread 39" [_thread_blocked, id=13544, stack(0x0000009408c00000,0x0000009408d00000)]
  0x00000220bb2be800 JavaThread "Unconstrained build operations Thread 40" [_thread_blocked, id=13664, stack(0x0000009408d00000,0x0000009408e00000)]
  0x00000220bb2c3800 JavaThread "Unconstrained build operations Thread 41" [_thread_blocked, id=16084, stack(0x0000009408e00000,0x0000009408f00000)]
  0x00000220bb2bd800 JavaThread "Unconstrained build operations Thread 42" [_thread_blocked, id=16540, stack(0x0000009408f00000,0x0000009409000000)]
  0x00000220bb2bf000 JavaThread "Unconstrained build operations Thread 43" [_thread_blocked, id=19732, stack(0x0000009409000000,0x0000009409100000)]
  0x00000220bb2c0000 JavaThread "Unconstrained build operations Thread 44" [_thread_blocked, id=7536, stack(0x0000009409100000,0x0000009409200000)]
  0x00000220bb2c1000 JavaThread "Unconstrained build operations Thread 45" [_thread_blocked, id=8308, stack(0x0000009409200000,0x0000009409300000)]
  0x00000220bb2c1800 JavaThread "Unconstrained build operations Thread 46" [_thread_blocked, id=14420, stack(0x0000009409300000,0x0000009409400000)]
  0x00000220b4e77800 JavaThread "Unconstrained build operations Thread 47" [_thread_blocked, id=5336, stack(0x0000009409400000,0x0000009409500000)]
  0x00000220b4e7a000 JavaThread "Unconstrained build operations Thread 48" [_thread_blocked, id=19704, stack(0x0000009409500000,0x0000009409600000)]
  0x00000220b4e78800 JavaThread "Unconstrained build operations Thread 49" [_thread_blocked, id=6944, stack(0x0000009409600000,0x0000009409700000)]
  0x00000220b4e79800 JavaThread "Unconstrained build operations Thread 50" [_thread_blocked, id=14324, stack(0x0000009409700000,0x0000009409800000)]
  0x00000220b4e7c000 JavaThread "Unconstrained build operations Thread 51" [_thread_blocked, id=6320, stack(0x0000009409800000,0x0000009409900000)]
  0x00000220b4e76000 JavaThread "Unconstrained build operations Thread 52" [_thread_blocked, id=2052, stack(0x0000009409900000,0x0000009409a00000)]
  0x00000220b4e7b000 JavaThread "Unconstrained build operations Thread 53" [_thread_blocked, id=5004, stack(0x0000009409a00000,0x0000009409b00000)]
  0x00000220b4e7c800 JavaThread "Unconstrained build operations Thread 54" [_thread_blocked, id=13164, stack(0x0000009409b00000,0x0000009409c00000)]
  0x00000220b4e77000 JavaThread "Unconstrained build operations Thread 55" [_thread_blocked, id=15180, stack(0x0000009409c00000,0x0000009409d00000)]
  0x00000220b4e7e000 JavaThread "Unconstrained build operations Thread 56" [_thread_blocked, id=18692, stack(0x0000009409d00000,0x0000009409e00000)]
  0x00000220b4e82800 JavaThread "Unconstrained build operations Thread 57" [_thread_blocked, id=12132, stack(0x0000009409e00000,0x0000009409f00000)]
  0x00000220b4e7d800 JavaThread "Unconstrained build operations Thread 58" [_thread_blocked, id=11624, stack(0x0000009409f00000,0x000000940a000000)]
  0x00000220b4e85000 JavaThread "Unconstrained build operations Thread 59" [_thread_blocked, id=16876, stack(0x000000940a000000,0x000000940a100000)]
  0x00000220b4e84000 JavaThread "Unconstrained build operations Thread 60" [_thread_blocked, id=6540, stack(0x000000940a100000,0x000000940a200000)]
  0x00000220b4e83000 JavaThread "build event listener" [_thread_blocked, id=10440, stack(0x000000940a200000,0x000000940a300000)]
  0x00000220b4e7f000 JavaThread "Memory manager" [_thread_blocked, id=13048, stack(0x000000940a300000,0x000000940a400000)]
  0x00000220bb19c000 JavaThread "C2 CompilerThread1" daemon [_thread_in_native, id=2100, stack(0x0000009402600000,0x0000009402700000)]

Other Threads:
  0x00000220b1dd2800 VMThread "VM Thread" [stack: 0x0000009402f00000,0x0000009403000000] [id=9752]
  0x00000220b27fe000 WatcherThread [stack: 0x0000009403900000,0x0000009403a00000] [id=6008]
  0x000002209b6aa000 GCTaskThread "GC Thread#0" [stack: 0x0000009402a00000,0x0000009402b00000] [id=12052]
  0x00000220b2cfe800 GCTaskThread "GC Thread#1" [stack: 0x0000009403b00000,0x0000009403c00000] [id=14480]
  0x00000220b2e98800 GCTaskThread "GC Thread#2" [stack: 0x0000009403c00000,0x0000009403d00000] [id=18228]
  0x00000220b384d000 GCTaskThread "GC Thread#3" [stack: 0x0000009403d00000,0x0000009403e00000] [id=4632]
  0x00000220b331e000 GCTaskThread "GC Thread#4" [stack: 0x0000009403e00000,0x0000009403f00000] [id=13644]
  0x00000220b3686800 GCTaskThread "GC Thread#5" [stack: 0x0000009403f00000,0x0000009404000000] [id=372]
  0x000002209b6bc800 ConcurrentGCThread "G1 Main Marker" [stack: 0x0000009402b00000,0x0000009402c00000] [id=21084]
  0x000002209b6be800 ConcurrentGCThread "G1 Conc#0" [stack: 0x0000009402c00000,0x0000009402d00000] [id=7252]
  0x00000220b325e800 ConcurrentGCThread "G1 Conc#1" [stack: 0x0000009404d00000,0x0000009404e00000] [id=16768]
  0x00000220b1c70800 ConcurrentGCThread "G1 Refine#0" [stack: 0x0000009402d00000,0x0000009402e00000] [id=18352]
  0x00000220b2bdf800 ConcurrentGCThread "G1 Refine#1" [stack: 0x0000009404000000,0x0000009404100000] [id=19168]
  0x00000220ba33c000 ConcurrentGCThread "G1 Refine#2" [stack: 0x0000009405e00000,0x0000009405f00000] [id=19668]
  0x00000220ba7d0800 ConcurrentGCThread "G1 Refine#3" [stack: 0x0000009405f00000,0x0000009406000000] [id=5420]
  0x00000220b1c71800 ConcurrentGCThread "G1 Young RemSet Sampling" [stack: 0x0000009402e00000,0x0000009402f00000] [id=16428]

Threads with active compile tasks:
C2 CompilerThread0  89943 22197       4       com.google.common.collect.Interners$InternerImpl::intern (50 bytes)
C1 CompilerThread0  89943 22203       3       org.gradle.internal.io.StreamByteBuffer::totalBytesUnread (52 bytes)
C2 CompilerThread1  89943 22201       4       org.gradle.cache.internal.btree.CachingBlockStore::read (56 bytes)

VM state:not at safepoint (normal execution)

VM Mutex/Monitor currently owned by a thread: None

Heap address: 0x00000000e0000000, size: 512 MB, Compressed Oops mode: 32-bit
Narrow klass base: 0x0000000000000000, Narrow klass shift: 3
Compressed class space size: 260046848 Address: 0x0000000100000000

Heap:
 garbage-first heap   total 262144K, used 164681K [0x00000000e0000000, 0x0000000100000000)
  region size 1024K, 19 young (19456K), 1 survivors (1024K)
 Metaspace       used 136139K, capacity 138924K, committed 139096K, reserved 376832K
  class space    used 16256K, capacity 17241K, committed 17280K, reserved 253952K
Heap Regions: E=young(eden), S=young(survivor), O=old, HS=humongous(starts), HC=humongous(continues), CS=collection set, F=free, A=archive, TAMS=top-at-mark-start (previous, next)
|   0|0x00000000e0000000, 0x00000000e0100000, 0x00000000e0100000|100%| O|  |TAMS 0x00000000e0100000, 0x00000000e0000000| Untracked 
|   1|0x00000000e0100000, 0x00000000e0200000, 0x00000000e0200000|100%| O|  |TAMS 0x00000000e0200000, 0x00000000e0100000| Untracked 
|   2|0x00000000e0200000, 0x00000000e0300000, 0x00000000e0300000|100%| O|  |TAMS 0x00000000e0300000, 0x00000000e0200000| Untracked 
|   3|0x00000000e0300000, 0x00000000e0400000, 0x00000000e0400000|100%|HS|  |TAMS 0x00000000e0400000, 0x00000000e0300000| Complete 
|   4|0x00000000e0400000, 0x00000000e0500000, 0x00000000e0500000|100%|HC|  |TAMS 0x00000000e0500000, 0x00000000e0400000| Complete 
|   5|0x00000000e0500000, 0x00000000e0600000, 0x00000000e0600000|100%|HC|  |TAMS 0x00000000e0600000, 0x00000000e0500000| Complete 
|   6|0x00000000e0600000, 0x00000000e0700000, 0x00000000e0700000|100%| O|  |TAMS 0x00000000e0700000, 0x00000000e0600000| Untracked 
|   7|0x00000000e0700000, 0x00000000e0800000, 0x00000000e0800000|100%| O|  |TAMS 0x00000000e0800000, 0x00000000e0700000| Untracked 
|   8|0x00000000e0800000, 0x00000000e0900000, 0x00000000e0900000|100%| O|  |TAMS 0x00000000e0900000, 0x00000000e0800000| Untracked 
|   9|0x00000000e0900000, 0x00000000e0a00000, 0x00000000e0a00000|100%| O|  |TAMS 0x00000000e0a00000, 0x00000000e0900000| Untracked 
|  10|0x00000000e0a00000, 0x00000000e0b00000, 0x00000000e0b00000|100%| O|  |TAMS 0x00000000e0b00000, 0x00000000e0a00000| Untracked 
|  11|0x00000000e0b00000, 0x00000000e0c00000, 0x00000000e0c00000|100%| O|  |TAMS 0x00000000e0c00000, 0x00000000e0b00000| Untracked 
|  12|0x00000000e0c00000, 0x00000000e0d00000, 0x00000000e0d00000|100%| O|  |TAMS 0x00000000e0d00000, 0x00000000e0c00000| Untracked 
|  13|0x00000000e0d00000, 0x00000000e0e00000, 0x00000000e0e00000|100%| O|  |TAMS 0x00000000e0e00000, 0x00000000e0d00000| Untracked 
|  14|0x00000000e0e00000, 0x00000000e0f00000, 0x00000000e0f00000|100%| O|  |TAMS 0x00000000e0f00000, 0x00000000e0e00000| Untracked 
|  15|0x00000000e0f00000, 0x00000000e1000000, 0x00000000e1000000|100%| O|  |TAMS 0x00000000e1000000, 0x00000000e0f00000| Untracked 
|  16|0x00000000e1000000, 0x00000000e1100000, 0x00000000e1100000|100%|HS|  |TAMS 0x00000000e1100000, 0x00000000e1000000| Complete 
|  17|0x00000000e1100000, 0x00000000e1200000, 0x00000000e1200000|100%|HC|  |TAMS 0x00000000e1200000, 0x00000000e1100000| Complete 
|  18|0x00000000e1200000, 0x00000000e1300000, 0x00000000e1300000|100%|HS|  |TAMS 0x00000000e1300000, 0x00000000e1200000| Complete 
|  19|0x00000000e1300000, 0x00000000e1400000, 0x00000000e1400000|100%|HC|  |TAMS 0x00000000e1400000, 0x00000000e1300000| Complete 
|  20|0x00000000e1400000, 0x00000000e1500000, 0x00000000e1500000|100%|HC|  |TAMS 0x00000000e1500000, 0x00000000e1400000| Complete 
|  21|0x00000000e1500000, 0x00000000e1600000, 0x00000000e1600000|100%|HS|  |TAMS 0x00000000e1600000, 0x00000000e1500000| Complete 
|  22|0x00000000e1600000, 0x00000000e1700000, 0x00000000e1700000|100%|HC|  |TAMS 0x00000000e1700000, 0x00000000e1600000| Complete 
|  23|0x00000000e1700000, 0x00000000e1800000, 0x00000000e1800000|100%|HC|  |TAMS 0x00000000e1800000, 0x00000000e1700000| Complete 
|  24|0x00000000e1800000, 0x00000000e1900000, 0x00000000e1900000|100%|HC|  |TAMS 0x00000000e1900000, 0x00000000e1800000| Complete 
|  25|0x00000000e1900000, 0x00000000e1a00000, 0x00000000e1a00000|100%| O|  |TAMS 0x00000000e1a00000, 0x00000000e1900000| Untracked 
|  26|0x00000000e1a00000, 0x00000000e1b00000, 0x00000000e1b00000|100%| O|  |TAMS 0x00000000e1b00000, 0x00000000e1a00000| Untracked 
|  27|0x00000000e1b00000, 0x00000000e1c00000, 0x00000000e1c00000|100%| O|  |TAMS 0x00000000e1c00000, 0x00000000e1b00000| Untracked 
|  28|0x00000000e1c00000, 0x00000000e1d00000, 0x00000000e1d00000|100%|HS|  |TAMS 0x00000000e1d00000, 0x00000000e1c00000| Complete 
|  29|0x00000000e1d00000, 0x00000000e1e00000, 0x00000000e1e00000|100%|HC|  |TAMS 0x00000000e1e00000, 0x00000000e1d00000| Complete 
|  30|0x00000000e1e00000, 0x00000000e1f00000, 0x00000000e1f00000|100%|HC|  |TAMS 0x00000000e1f00000, 0x00000000e1e00000| Complete 
|  31|0x00000000e1f00000, 0x00000000e2000000, 0x00000000e2000000|100%| O|  |TAMS 0x00000000e2000000, 0x00000000e1f00000| Untracked 
|  32|0x00000000e2000000, 0x00000000e2100000, 0x00000000e2100000|100%| O|  |TAMS 0x00000000e2100000, 0x00000000e2000000| Untracked 
|  33|0x00000000e2100000, 0x00000000e2200000, 0x00000000e2200000|100%| O|  |TAMS 0x00000000e2200000, 0x00000000e2100000| Untracked 
|  34|0x00000000e2200000, 0x00000000e2300000, 0x00000000e2300000|100%| O|  |TAMS 0x00000000e2300000, 0x00000000e2200000| Untracked 
|  35|0x00000000e2300000, 0x00000000e2400000, 0x00000000e2400000|100%| O|  |TAMS 0x00000000e2400000, 0x00000000e2300000| Untracked 
|  36|0x00000000e2400000, 0x00000000e2500000, 0x00000000e2500000|100%| O|  |TAMS 0x00000000e2500000, 0x00000000e2400000| Untracked 
|  37|0x00000000e2500000, 0x00000000e2600000, 0x00000000e2600000|100%| O|  |TAMS 0x00000000e2600000, 0x00000000e2500000| Untracked 
|  38|0x00000000e2600000, 0x00000000e2700000, 0x00000000e2700000|100%| O|  |TAMS 0x00000000e2700000, 0x00000000e2600000| Untracked 
|  39|0x00000000e2700000, 0x00000000e2800000, 0x00000000e2800000|100%| O|  |TAMS 0x00000000e2800000, 0x00000000e2700000| Untracked 
|  40|0x00000000e2800000, 0x00000000e2900000, 0x00000000e2900000|100%| O|  |TAMS 0x00000000e2900000, 0x00000000e2800000| Untracked 
|  41|0x00000000e2900000, 0x00000000e2a00000, 0x00000000e2a00000|100%| O|  |TAMS 0x00000000e2a00000, 0x00000000e2900000| Untracked 
|  42|0x00000000e2a00000, 0x00000000e2b00000, 0x00000000e2b00000|100%| O|  |TAMS 0x00000000e2b00000, 0x00000000e2a00000| Untracked 
|  43|0x00000000e2b00000, 0x00000000e2c00000, 0x00000000e2c00000|100%| O|  |TAMS 0x00000000e2c00000, 0x00000000e2b00000| Untracked 
|  44|0x00000000e2c00000, 0x00000000e2d00000, 0x00000000e2d00000|100%| O|  |TAMS 0x00000000e2d00000, 0x00000000e2c00000| Untracked 
|  45|0x00000000e2d00000, 0x00000000e2e00000, 0x00000000e2e00000|100%| O|  |TAMS 0x00000000e2e00000, 0x00000000e2d00000| Untracked 
|  46|0x00000000e2e00000, 0x00000000e2f00000, 0x00000000e2f00000|100%| O|  |TAMS 0x00000000e2f00000, 0x00000000e2e00000| Untracked 
|  47|0x00000000e2f00000, 0x00000000e3000000, 0x00000000e3000000|100%| O|  |TAMS 0x00000000e3000000, 0x00000000e2f00000| Untracked 
|  48|0x00000000e3000000, 0x00000000e3100000, 0x00000000e3100000|100%| O|  |TAMS 0x00000000e3100000, 0x00000000e3000000| Untracked 
|  49|0x00000000e3100000, 0x00000000e3200000, 0x00000000e3200000|100%| O|  |TAMS 0x00000000e3200000, 0x00000000e3100000| Untracked 
|  50|0x00000000e3200000, 0x00000000e3300000, 0x00000000e3300000|100%|HS|  |TAMS 0x00000000e3300000, 0x00000000e3200000| Complete 
|  51|0x00000000e3300000, 0x00000000e3400000, 0x00000000e3400000|100%|HC|  |TAMS 0x00000000e3400000, 0x00000000e3300000| Complete 
|  52|0x00000000e3400000, 0x00000000e3500000, 0x00000000e3500000|100%|HC|  |TAMS 0x00000000e3500000, 0x00000000e3400000| Complete 
|  53|0x00000000e3500000, 0x00000000e3600000, 0x00000000e3600000|100%|HS|  |TAMS 0x00000000e3600000, 0x00000000e3500000| Complete 
|  54|0x00000000e3600000, 0x00000000e3700000, 0x00000000e3700000|100%|HC|  |TAMS 0x00000000e3700000, 0x00000000e3600000| Complete 
|  55|0x00000000e3700000, 0x00000000e3800000, 0x00000000e3800000|100%|HC|  |TAMS 0x00000000e3800000, 0x00000000e3700000| Complete 
|  56|0x00000000e3800000, 0x00000000e38d2400, 0x00000000e3900000| 82%| O|  |TAMS 0x00000000e3800000, 0x00000000e3800000| Untracked 
|  57|0x00000000e3900000, 0x00000000e3a00000, 0x00000000e3a00000|100%| O|  |TAMS 0x00000000e3a00000, 0x00000000e3900000| Untracked 
|  58|0x00000000e3a00000, 0x00000000e3b00000, 0x00000000e3b00000|100%| O|  |TAMS 0x00000000e3b00000, 0x00000000e3a00000| Untracked 
|  59|0x00000000e3b00000, 0x00000000e3c00000, 0x00000000e3c00000|100%| O|  |TAMS 0x00000000e3c00000, 0x00000000e3b00000| Untracked 
|  60|0x00000000e3c00000, 0x00000000e3d00000, 0x00000000e3d00000|100%| O|  |TAMS 0x00000000e3d00000, 0x00000000e3c00000| Untracked 
|  61|0x00000000e3d00000, 0x00000000e3e00000, 0x00000000e3e00000|100%| O|  |TAMS 0x00000000e3e00000, 0x00000000e3d00000| Untracked 
|  62|0x00000000e3e00000, 0x00000000e3f00000, 0x00000000e3f00000|100%| O|  |TAMS 0x00000000e3f00000, 0x00000000e3e00000| Untracked 
|  63|0x00000000e3f00000, 0x00000000e4000000, 0x00000000e4000000|100%| O|  |TAMS 0x00000000e4000000, 0x00000000e3f00000| Untracked 
|  64|0x00000000e4000000, 0x00000000e4100000, 0x00000000e4100000|100%| O|  |TAMS 0x00000000e4100000, 0x00000000e4000000| Untracked 
|  65|0x00000000e4100000, 0x00000000e4200000, 0x00000000e4200000|100%| O|  |TAMS 0x00000000e4200000, 0x00000000e4100000| Untracked 
|  66|0x00000000e4200000, 0x00000000e4300000, 0x00000000e4300000|100%| O|  |TAMS 0x00000000e4300000, 0x00000000e4200000| Untracked 
|  67|0x00000000e4300000, 0x00000000e4400000, 0x00000000e4400000|100%| O|  |TAMS 0x00000000e4400000, 0x00000000e4300000| Untracked 
|  68|0x00000000e4400000, 0x00000000e4500000, 0x00000000e4500000|100%| O|  |TAMS 0x00000000e4500000, 0x00000000e4400000| Untracked 
|  69|0x00000000e4500000, 0x00000000e4600000, 0x00000000e4600000|100%| O|  |TAMS 0x00000000e4600000, 0x00000000e4500000| Untracked 
|  70|0x00000000e4600000, 0x00000000e4700000, 0x00000000e4700000|100%| O|  |TAMS 0x00000000e4700000, 0x00000000e4600000| Untracked 
|  71|0x00000000e4700000, 0x00000000e4800000, 0x00000000e4800000|100%| O|  |TAMS 0x00000000e4800000, 0x00000000e4700000| Untracked 
|  72|0x00000000e4800000, 0x00000000e4900000, 0x00000000e4900000|100%| O|  |TAMS 0x00000000e4900000, 0x00000000e4800000| Untracked 
|  73|0x00000000e4900000, 0x00000000e4a00000, 0x00000000e4a00000|100%| O|  |TAMS 0x00000000e4a00000, 0x00000000e4900000| Untracked 
|  74|0x00000000e4a00000, 0x00000000e4b00000, 0x00000000e4b00000|100%| O|  |TAMS 0x00000000e4b00000, 0x00000000e4a00000| Untracked 
|  75|0x00000000e4b00000, 0x00000000e4c00000, 0x00000000e4c00000|100%| O|  |TAMS 0x00000000e4c00000, 0x00000000e4b00000| Untracked 
|  76|0x00000000e4c00000, 0x00000000e4c00000, 0x00000000e4d00000|  0%| F|  |TAMS 0x00000000e4c00000, 0x00000000e4c00000| Untracked 
|  77|0x00000000e4d00000, 0x00000000e4d00000, 0x00000000e4e00000|  0%| F|  |TAMS 0x00000000e4d00000, 0x00000000e4d00000| Untracked 
|  78|0x00000000e4e00000, 0x00000000e4f00000, 0x00000000e4f00000|100%|HS|  |TAMS 0x00000000e4f00000, 0x00000000e4e00000| Complete 
|  79|0x00000000e4f00000, 0x00000000e5000000, 0x00000000e5000000|100%| O|  |TAMS 0x00000000e5000000, 0x00000000e4f00000| Untracked 
|  80|0x00000000e5000000, 0x00000000e5000000, 0x00000000e5100000|  0%| F|  |TAMS 0x00000000e5000000, 0x00000000e5000000| Untracked 
|  81|0x00000000e5100000, 0x00000000e5200000, 0x00000000e5200000|100%| O|  |TAMS 0x00000000e5200000, 0x00000000e5100000| Untracked 
|  82|0x00000000e5200000, 0x00000000e5300000, 0x00000000e5300000|100%| O|  |TAMS 0x00000000e5300000, 0x00000000e5200000| Untracked 
|  83|0x00000000e5300000, 0x00000000e5300000, 0x00000000e5400000|  0%| F|  |TAMS 0x00000000e5300000, 0x00000000e5300000| Untracked 
|  84|0x00000000e5400000, 0x00000000e5500000, 0x00000000e5500000|100%| O|  |TAMS 0x00000000e5500000, 0x00000000e5400000| Untracked 
|  85|0x00000000e5500000, 0x00000000e5500000, 0x00000000e5600000|  0%| F|  |TAMS 0x00000000e5500000, 0x00000000e5500000| Untracked 
|  86|0x00000000e5600000, 0x00000000e5700000, 0x00000000e5700000|100%| O|  |TAMS 0x00000000e5700000, 0x00000000e5600000| Untracked 
|  87|0x00000000e5700000, 0x00000000e5800000, 0x00000000e5800000|100%| O|  |TAMS 0x00000000e5800000, 0x00000000e5700000| Untracked 
|  88|0x00000000e5800000, 0x00000000e5900000, 0x00000000e5900000|100%| O|  |TAMS 0x00000000e5900000, 0x00000000e5800000| Untracked 
|  89|0x00000000e5900000, 0x00000000e5a00000, 0x00000000e5a00000|100%| O|  |TAMS 0x00000000e5a00000, 0x00000000e5900000| Untracked 
|  90|0x00000000e5a00000, 0x00000000e5b00000, 0x00000000e5b00000|100%| O|  |TAMS 0x00000000e5b00000, 0x00000000e5a00000| Untracked 
|  91|0x00000000e5b00000, 0x00000000e5c00000, 0x00000000e5c00000|100%| O|  |TAMS 0x00000000e5c00000, 0x00000000e5b00000| Untracked 
|  92|0x00000000e5c00000, 0x00000000e5d00000, 0x00000000e5d00000|100%| O|  |TAMS 0x00000000e5d00000, 0x00000000e5c00000| Untracked 
|  93|0x00000000e5d00000, 0x00000000e5e00000, 0x00000000e5e00000|100%| O|  |TAMS 0x00000000e5e00000, 0x00000000e5d00000| Untracked 
|  94|0x00000000e5e00000, 0x00000000e5e00000, 0x00000000e5f00000|  0%| F|  |TAMS 0x00000000e5e00000, 0x00000000e5e00000| Untracked 
|  95|0x00000000e5f00000, 0x00000000e6000000, 0x00000000e6000000|100%|HS|  |TAMS 0x00000000e6000000, 0x00000000e5f00000| Complete 
|  96|0x00000000e6000000, 0x00000000e6100000, 0x00000000e6100000|100%|HC|  |TAMS 0x00000000e6100000, 0x00000000e6000000| Complete 
|  97|0x00000000e6100000, 0x00000000e6200000, 0x00000000e6200000|100%|HC|  |TAMS 0x00000000e6200000, 0x00000000e6100000| Complete 
|  98|0x00000000e6200000, 0x00000000e6300000, 0x00000000e6300000|100%| O|  |TAMS 0x00000000e6300000, 0x00000000e6200000| Untracked 
|  99|0x00000000e6300000, 0x00000000e6300000, 0x00000000e6400000|  0%| F|  |TAMS 0x00000000e6300000, 0x00000000e6300000| Untracked 
| 100|0x00000000e6400000, 0x00000000e6500000, 0x00000000e6500000|100%| O|  |TAMS 0x00000000e6400000, 0x00000000e6400000| Untracked 
| 101|0x00000000e6500000, 0x00000000e6500000, 0x00000000e6600000|  0%| F|  |TAMS 0x00000000e6500000, 0x00000000e6500000| Untracked 
| 102|0x00000000e6600000, 0x00000000e6700000, 0x00000000e6700000|100%| O|  |TAMS 0x00000000e6600000, 0x00000000e6600000| Untracked 
| 103|0x00000000e6700000, 0x00000000e6800000, 0x00000000e6800000|100%| O|  |TAMS 0x00000000e6800000, 0x00000000e6700000| Untracked 
| 104|0x00000000e6800000, 0x00000000e6900000, 0x00000000e6900000|100%| O|  |TAMS 0x00000000e6800000, 0x00000000e6800000| Untracked 
| 105|0x00000000e6900000, 0x00000000e6a00000, 0x00000000e6a00000|100%| O|  |TAMS 0x00000000e6a00000, 0x00000000e6900000| Untracked 
| 106|0x00000000e6a00000, 0x00000000e6a00000, 0x00000000e6b00000|  0%| F|  |TAMS 0x00000000e6a00000, 0x00000000e6a00000| Untracked 
| 107|0x00000000e6b00000, 0x00000000e6b00000, 0x00000000e6c00000|  0%| F|  |TAMS 0x00000000e6b00000, 0x00000000e6b00000| Untracked 
| 108|0x00000000e6c00000, 0x00000000e6d00000, 0x00000000e6d00000|100%| O|  |TAMS 0x00000000e6d00000, 0x00000000e6c00000| Untracked 
| 109|0x00000000e6d00000, 0x00000000e6e00000, 0x00000000e6e00000|100%|HS|  |TAMS 0x00000000e6d00000, 0x00000000e6d00000| Complete 
| 110|0x00000000e6e00000, 0x00000000e6f00000, 0x00000000e6f00000|100%|HC|  |TAMS 0x00000000e6e00000, 0x00000000e6e00000| Complete 
| 111|0x00000000e6f00000, 0x00000000e7000000, 0x00000000e7000000|100%|HC|  |TAMS 0x00000000e6f00000, 0x00000000e6f00000| Complete 
| 112|0x00000000e7000000, 0x00000000e7100000, 0x00000000e7100000|100%|HC|  |TAMS 0x00000000e7000000, 0x00000000e7000000| Complete 
| 113|0x00000000e7100000, 0x00000000e7200000, 0x00000000e7200000|100%|HC|  |TAMS 0x00000000e7100000, 0x00000000e7100000| Complete 
| 114|0x00000000e7200000, 0x00000000e7300000, 0x00000000e7300000|100%| O|  |TAMS 0x00000000e7300000, 0x00000000e7200000| Untracked 
| 115|0x00000000e7300000, 0x00000000e7400000, 0x00000000e7400000|100%| O|  |TAMS 0x00000000e7400000, 0x00000000e7300000| Untracked 
| 116|0x00000000e7400000, 0x00000000e7500000, 0x00000000e7500000|100%| O|  |TAMS 0x00000000e7500000, 0x00000000e7400000| Untracked 
| 117|0x00000000e7500000, 0x00000000e7600000, 0x00000000e7600000|100%| O|  |TAMS 0x00000000e7600000, 0x00000000e7500000| Untracked 
| 118|0x00000000e7600000, 0x00000000e7700000, 0x00000000e7700000|100%| O|  |TAMS 0x00000000e7700000, 0x00000000e7600000| Untracked 
| 119|0x00000000e7700000, 0x00000000e7800000, 0x00000000e7800000|100%| O|  |TAMS 0x00000000e7800000, 0x00000000e7700000| Untracked 
| 120|0x00000000e7800000, 0x00000000e7900000, 0x00000000e7900000|100%| O|  |TAMS 0x00000000e7900000, 0x00000000e7800000| Untracked 
| 121|0x00000000e7900000, 0x00000000e7a00000, 0x00000000e7a00000|100%| O|  |TAMS 0x00000000e7a00000, 0x00000000e7900000| Untracked 
| 122|0x00000000e7a00000, 0x00000000e7b00000, 0x00000000e7b00000|100%| O|  |TAMS 0x00000000e7b00000, 0x00000000e7a00000| Untracked 
| 123|0x00000000e7b00000, 0x00000000e7b00000, 0x00000000e7c00000|  0%| F|  |TAMS 0x00000000e7b00000, 0x00000000e7b00000| Untracked 
| 124|0x00000000e7c00000, 0x00000000e7d00000, 0x00000000e7d00000|100%| O|  |TAMS 0x00000000e7d00000, 0x00000000e7c00000| Untracked 
| 125|0x00000000e7d00000, 0x00000000e7e00000, 0x00000000e7e00000|100%|HS|  |TAMS 0x00000000e7e00000, 0x00000000e7d00000| Complete 
| 126|0x00000000e7e00000, 0x00000000e7f00000, 0x00000000e7f00000|100%|HC|  |TAMS 0x00000000e7f00000, 0x00000000e7e00000| Complete 
| 127|0x00000000e7f00000, 0x00000000e8000000, 0x00000000e8000000|100%|HS|  |TAMS 0x00000000e8000000, 0x00000000e7f00000| Complete 
| 128|0x00000000e8000000, 0x00000000e8100000, 0x00000000e8100000|100%|HC|  |TAMS 0x00000000e8100000, 0x00000000e8000000| Complete 
| 129|0x00000000e8100000, 0x00000000e8200000, 0x00000000e8200000|100%|HC|  |TAMS 0x00000000e8200000, 0x00000000e8100000| Complete 
| 130|0x00000000e8200000, 0x00000000e8300000, 0x00000000e8300000|100%|HS|  |TAMS 0x00000000e8300000, 0x00000000e8200000| Complete 
| 131|0x00000000e8300000, 0x00000000e8400000, 0x00000000e8400000|100%|HC|  |TAMS 0x00000000e8400000, 0x00000000e8300000| Complete 
| 132|0x00000000e8400000, 0x00000000e8500000, 0x00000000e8500000|100%|HC|  |TAMS 0x00000000e8500000, 0x00000000e8400000| Complete 
| 133|0x00000000e8500000, 0x00000000e8600000, 0x00000000e8600000|100%|HC|  |TAMS 0x00000000e8600000, 0x00000000e8500000| Complete 
| 134|0x00000000e8600000, 0x00000000e8700000, 0x00000000e8700000|100%| O|  |TAMS 0x00000000e8700000, 0x00000000e8600000| Untracked 
| 135|0x00000000e8700000, 0x00000000e8800000, 0x00000000e8800000|100%| O|  |TAMS 0x00000000e8800000, 0x00000000e8700000| Untracked 
| 136|0x00000000e8800000, 0x00000000e8900000, 0x00000000e8900000|100%| O|  |TAMS 0x00000000e8900000, 0x00000000e8800000| Untracked 
| 137|0x00000000e8900000, 0x00000000e8900000, 0x00000000e8a00000|  0%| F|  |TAMS 0x00000000e8900000, 0x00000000e8900000| Untracked 
| 138|0x00000000e8a00000, 0x00000000e8b00000, 0x00000000e8b00000|100%| O|  |TAMS 0x00000000e8b00000, 0x00000000e8a00000| Untracked 
| 139|0x00000000e8b00000, 0x00000000e8c00000, 0x00000000e8c00000|100%| O|  |TAMS 0x00000000e8c00000, 0x00000000e8b00000| Untracked 
| 140|0x00000000e8c00000, 0x00000000e8c00000, 0x00000000e8d00000|  0%| F|  |TAMS 0x00000000e8c00000, 0x00000000e8c00000| Untracked 
| 141|0x00000000e8d00000, 0x00000000e8e00000, 0x00000000e8e00000|100%|HS|  |TAMS 0x00000000e8e00000, 0x00000000e8d00000| Complete 
| 142|0x00000000e8e00000, 0x00000000e8f00000, 0x00000000e8f00000|100%|HC|  |TAMS 0x00000000e8f00000, 0x00000000e8e00000| Complete 
| 143|0x00000000e8f00000, 0x00000000e9000000, 0x00000000e9000000|100%|HC|  |TAMS 0x00000000e9000000, 0x00000000e8f00000| Complete 
| 144|0x00000000e9000000, 0x00000000e9100000, 0x00000000e9100000|100%|HC|  |TAMS 0x00000000e9100000, 0x00000000e9000000| Complete 
| 145|0x00000000e9100000, 0x00000000e9200000, 0x00000000e9200000|100%| O|  |TAMS 0x00000000e9200000, 0x00000000e9100000| Untracked 
| 146|0x00000000e9200000, 0x00000000e9300000, 0x00000000e9300000|100%| O|  |TAMS 0x00000000e9300000, 0x00000000e9200000| Untracked 
| 147|0x00000000e9300000, 0x00000000e9400000, 0x00000000e9400000|100%| O|  |TAMS 0x00000000e9400000, 0x00000000e9300000| Untracked 
| 148|0x00000000e9400000, 0x00000000e9500000, 0x00000000e9500000|100%| O|  |TAMS 0x00000000e9500000, 0x00000000e9400000| Untracked 
| 149|0x00000000e9500000, 0x00000000e9600000, 0x00000000e9600000|100%| O|  |TAMS 0x00000000e9600000, 0x00000000e9500000| Untracked 
| 150|0x00000000e9600000, 0x00000000e9600000, 0x00000000e9700000|  0%| F|  |TAMS 0x00000000e9600000, 0x00000000e9600000| Untracked 
| 151|0x00000000e9700000, 0x00000000e9700000, 0x00000000e9800000|  0%| F|  |TAMS 0x00000000e9700000, 0x00000000e9700000| Untracked 
| 152|0x00000000e9800000, 0x00000000e9800000, 0x00000000e9900000|  0%| F|  |TAMS 0x00000000e9800000, 0x00000000e9800000| Untracked 
| 153|0x00000000e9900000, 0x00000000e9900000, 0x00000000e9a00000|  0%| F|  |TAMS 0x00000000e9900000, 0x00000000e9900000| Untracked 
| 154|0x00000000e9a00000, 0x00000000e9a00000, 0x00000000e9b00000|  0%| F|  |TAMS 0x00000000e9a00000, 0x00000000e9a00000| Untracked 
| 155|0x00000000e9b00000, 0x00000000e9b00000, 0x00000000e9c00000|  0%| F|  |TAMS 0x00000000e9b00000, 0x00000000e9b00000| Untracked 
| 156|0x00000000e9c00000, 0x00000000e9c00000, 0x00000000e9d00000|  0%| F|  |TAMS 0x00000000e9c00000, 0x00000000e9c00000| Untracked 
| 157|0x00000000e9d00000, 0x00000000e9d00000, 0x00000000e9e00000|  0%| F|  |TAMS 0x00000000e9d00000, 0x00000000e9d00000| Untracked 
| 158|0x00000000e9e00000, 0x00000000e9f00000, 0x00000000e9f00000|100%| O|  |TAMS 0x00000000e9e00000, 0x00000000e9e00000| Untracked 
| 159|0x00000000e9f00000, 0x00000000ea000000, 0x00000000ea000000|100%| O|  |TAMS 0x00000000e9f00000, 0x00000000e9f00000| Untracked 
| 160|0x00000000ea000000, 0x00000000ea100000, 0x00000000ea100000|100%| O|  |TAMS 0x00000000ea000000, 0x00000000ea000000| Untracked 
| 161|0x00000000ea100000, 0x00000000ea200000, 0x00000000ea200000|100%| O|  |TAMS 0x00000000ea100000, 0x00000000ea100000| Untracked 
| 162|0x00000000ea200000, 0x00000000ea300000, 0x00000000ea300000|100%| O|  |TAMS 0x00000000ea200000, 0x00000000ea200000| Untracked 
| 163|0x00000000ea300000, 0x00000000ea300000, 0x00000000ea400000|  0%| F|  |TAMS 0x00000000ea300000, 0x00000000ea300000| Untracked 
| 164|0x00000000ea400000, 0x00000000ea500000, 0x00000000ea500000|100%| O|  |TAMS 0x00000000ea400000, 0x00000000ea400000| Untracked 
| 165|0x00000000ea500000, 0x00000000ea600000, 0x00000000ea600000|100%| O|  |TAMS 0x00000000ea500000, 0x00000000ea500000| Untracked 
| 166|0x00000000ea600000, 0x00000000ea600000, 0x00000000ea700000|  0%| F|  |TAMS 0x00000000ea600000, 0x00000000ea600000| Untracked 
| 167|0x00000000ea700000, 0x00000000ea700000, 0x00000000ea800000|  0%| F|  |TAMS 0x00000000ea700000, 0x00000000ea700000| Untracked 
| 168|0x00000000ea800000, 0x00000000ea800000, 0x00000000ea900000|  0%| F|  |TAMS 0x00000000ea800000, 0x00000000ea800000| Untracked 
| 169|0x00000000ea900000, 0x00000000ea900000, 0x00000000eaa00000|  0%| F|  |TAMS 0x00000000ea900000, 0x00000000ea900000| Untracked 
| 170|0x00000000eaa00000, 0x00000000eaa00000, 0x00000000eab00000|  0%| F|  |TAMS 0x00000000eaa00000, 0x00000000eaa00000| Untracked 
| 171|0x00000000eab00000, 0x00000000eab00000, 0x00000000eac00000|  0%| F|  |TAMS 0x00000000eab00000, 0x00000000eab00000| Untracked 
| 172|0x00000000eac00000, 0x00000000eac00000, 0x00000000ead00000|  0%| F|  |TAMS 0x00000000eac00000, 0x00000000eac00000| Untracked 
| 173|0x00000000ead00000, 0x00000000ead00000, 0x00000000eae00000|  0%| F|  |TAMS 0x00000000ead00000, 0x00000000ead00000| Untracked 
| 174|0x00000000eae00000, 0x00000000eae00000, 0x00000000eaf00000|  0%| F|  |TAMS 0x00000000eae00000, 0x00000000eae00000| Untracked 
| 175|0x00000000eaf00000, 0x00000000eaf00000, 0x00000000eb000000|  0%| F|  |TAMS 0x00000000eaf00000, 0x00000000eaf00000| Untracked 
| 176|0x00000000eb000000, 0x00000000eb000000, 0x00000000eb100000|  0%| F|  |TAMS 0x00000000eb000000, 0x00000000eb000000| Untracked 
| 177|0x00000000eb100000, 0x00000000eb100000, 0x00000000eb200000|  0%| F|  |TAMS 0x00000000eb100000, 0x00000000eb100000| Untracked 
| 178|0x00000000eb200000, 0x00000000eb200000, 0x00000000eb300000|  0%| F|  |TAMS 0x00000000eb200000, 0x00000000eb200000| Untracked 
| 179|0x00000000eb300000, 0x00000000eb300000, 0x00000000eb400000|  0%| F|  |TAMS 0x00000000eb300000, 0x00000000eb300000| Untracked 
| 180|0x00000000eb400000, 0x00000000eb400000, 0x00000000eb500000|  0%| F|  |TAMS 0x00000000eb400000, 0x00000000eb400000| Untracked 
| 181|0x00000000eb500000, 0x00000000eb600000, 0x00000000eb600000|100%| S|CS|TAMS 0x00000000eb500000, 0x00000000eb500000| Complete 
| 182|0x00000000eb600000, 0x00000000eb600000, 0x00000000eb700000|  0%| F|  |TAMS 0x00000000eb600000, 0x00000000eb600000| Untracked 
| 183|0x00000000eb700000, 0x00000000eb700000, 0x00000000eb800000|  0%| F|  |TAMS 0x00000000eb700000, 0x00000000eb700000| Untracked 
| 184|0x00000000eb800000, 0x00000000eb800000, 0x00000000eb900000|  0%| F|  |TAMS 0x00000000eb800000, 0x00000000eb800000| Untracked 
| 185|0x00000000eb900000, 0x00000000eb900000, 0x00000000eba00000|  0%| F|  |TAMS 0x00000000eb900000, 0x00000000eb900000| Untracked 
| 186|0x00000000eba00000, 0x00000000eba00000, 0x00000000ebb00000|  0%| F|  |TAMS 0x00000000eba00000, 0x00000000eba00000| Untracked 
| 187|0x00000000ebb00000, 0x00000000ebb00000, 0x00000000ebc00000|  0%| F|  |TAMS 0x00000000ebb00000, 0x00000000ebb00000| Untracked 
| 188|0x00000000ebc00000, 0x00000000ebc00000, 0x00000000ebd00000|  0%| F|  |TAMS 0x00000000ebc00000, 0x00000000ebc00000| Untracked 
| 189|0x00000000ebd00000, 0x00000000ebd00000, 0x00000000ebe00000|  0%| F|  |TAMS 0x00000000ebd00000, 0x00000000ebd00000| Untracked 
| 190|0x00000000ebe00000, 0x00000000ebe00000, 0x00000000ebf00000|  0%| F|  |TAMS 0x00000000ebe00000, 0x00000000ebe00000| Untracked 
| 191|0x00000000ebf00000, 0x00000000ebf00000, 0x00000000ec000000|  0%| F|  |TAMS 0x00000000ebf00000, 0x00000000ebf00000| Untracked 
| 192|0x00000000ec000000, 0x00000000ec000000, 0x00000000ec100000|  0%| F|  |TAMS 0x00000000ec000000, 0x00000000ec000000| Untracked 
| 193|0x00000000ec100000, 0x00000000ec100000, 0x00000000ec200000|  0%| F|  |TAMS 0x00000000ec100000, 0x00000000ec100000| Untracked 
| 194|0x00000000ec200000, 0x00000000ec200000, 0x00000000ec300000|  0%| F|  |TAMS 0x00000000ec200000, 0x00000000ec200000| Untracked 
| 195|0x00000000ec300000, 0x00000000ec300000, 0x00000000ec400000|  0%| F|  |TAMS 0x00000000ec300000, 0x00000000ec300000| Untracked 
| 196|0x00000000ec400000, 0x00000000ec400000, 0x00000000ec500000|  0%| F|  |TAMS 0x00000000ec400000, 0x00000000ec400000| Untracked 
| 197|0x00000000ec500000, 0x00000000ec500000, 0x00000000ec600000|  0%| F|  |TAMS 0x00000000ec500000, 0x00000000ec500000| Untracked 
| 198|0x00000000ec600000, 0x00000000ec600000, 0x00000000ec700000|  0%| F|  |TAMS 0x00000000ec600000, 0x00000000ec600000| Untracked 
| 199|0x00000000ec700000, 0x00000000ec700000, 0x00000000ec800000|  0%| F|  |TAMS 0x00000000ec700000, 0x00000000ec700000| Untracked 
| 200|0x00000000ec800000, 0x00000000ec800000, 0x00000000ec900000|  0%| F|  |TAMS 0x00000000ec800000, 0x00000000ec800000| Untracked 
| 201|0x00000000ec900000, 0x00000000ec900000, 0x00000000eca00000|  0%| F|  |TAMS 0x00000000ec900000, 0x00000000ec900000| Untracked 
| 202|0x00000000eca00000, 0x00000000eca00000, 0x00000000ecb00000|  0%| F|  |TAMS 0x00000000eca00000, 0x00000000eca00000| Untracked 
| 203|0x00000000ecb00000, 0x00000000ecb00000, 0x00000000ecc00000|  0%| F|  |TAMS 0x00000000ecb00000, 0x00000000ecb00000| Untracked 
| 204|0x00000000ecc00000, 0x00000000ecc00000, 0x00000000ecd00000|  0%| F|  |TAMS 0x00000000ecc00000, 0x00000000ecc00000| Untracked 
| 205|0x00000000ecd00000, 0x00000000ecd00000, 0x00000000ece00000|  0%| F|  |TAMS 0x00000000ecd00000, 0x00000000ecd00000| Untracked 
| 206|0x00000000ece00000, 0x00000000ece00000, 0x00000000ecf00000|  0%| F|  |TAMS 0x00000000ece00000, 0x00000000ece00000| Untracked 
| 207|0x00000000ecf00000, 0x00000000ecf00000, 0x00000000ed000000|  0%| F|  |TAMS 0x00000000ecf00000, 0x00000000ecf00000| Untracked 
| 208|0x00000000ed000000, 0x00000000ed000000, 0x00000000ed100000|  0%| F|  |TAMS 0x00000000ed000000, 0x00000000ed000000| Untracked 
| 209|0x00000000ed100000, 0x00000000ed100000, 0x00000000ed200000|  0%| F|  |TAMS 0x00000000ed100000, 0x00000000ed100000| Untracked 
| 210|0x00000000ed200000, 0x00000000ed200000, 0x00000000ed300000|  0%| F|  |TAMS 0x00000000ed200000, 0x00000000ed200000| Untracked 
| 211|0x00000000ed300000, 0x00000000ed300000, 0x00000000ed400000|  0%| F|  |TAMS 0x00000000ed300000, 0x00000000ed300000| Untracked 
| 212|0x00000000ed400000, 0x00000000ed400000, 0x00000000ed500000|  0%| F|  |TAMS 0x00000000ed400000, 0x00000000ed400000| Untracked 
| 213|0x00000000ed500000, 0x00000000ed500000, 0x00000000ed600000|  0%| F|  |TAMS 0x00000000ed500000, 0x00000000ed500000| Untracked 
| 214|0x00000000ed600000, 0x00000000ed600000, 0x00000000ed700000|  0%| F|  |TAMS 0x00000000ed600000, 0x00000000ed600000| Untracked 
| 215|0x00000000ed700000, 0x00000000ed700000, 0x00000000ed800000|  0%| F|  |TAMS 0x00000000ed700000, 0x00000000ed700000| Untracked 
| 216|0x00000000ed800000, 0x00000000ed800000, 0x00000000ed900000|  0%| F|  |TAMS 0x00000000ed800000, 0x00000000ed800000| Untracked 
| 217|0x00000000ed900000, 0x00000000ed900000, 0x00000000eda00000|  0%| F|  |TAMS 0x00000000ed900000, 0x00000000ed900000| Untracked 
| 218|0x00000000eda00000, 0x00000000eda00000, 0x00000000edb00000|  0%| F|  |TAMS 0x00000000eda00000, 0x00000000eda00000| Untracked 
| 219|0x00000000edb00000, 0x00000000edb00000, 0x00000000edc00000|  0%| F|  |TAMS 0x00000000edb00000, 0x00000000edb00000| Untracked 
| 220|0x00000000edc00000, 0x00000000edc00000, 0x00000000edd00000|  0%| F|  |TAMS 0x00000000edc00000, 0x00000000edc00000| Untracked 
| 221|0x00000000edd00000, 0x00000000edd00000, 0x00000000ede00000|  0%| F|  |TAMS 0x00000000edd00000, 0x00000000edd00000| Untracked 
| 222|0x00000000ede00000, 0x00000000ede00000, 0x00000000edf00000|  0%| F|  |TAMS 0x00000000ede00000, 0x00000000ede00000| Untracked 
| 223|0x00000000edf00000, 0x00000000edf00000, 0x00000000ee000000|  0%| F|  |TAMS 0x00000000edf00000, 0x00000000edf00000| Untracked 
| 224|0x00000000ee000000, 0x00000000ee000000, 0x00000000ee100000|  0%| F|  |TAMS 0x00000000ee000000, 0x00000000ee000000| Untracked 
| 225|0x00000000ee100000, 0x00000000ee100000, 0x00000000ee200000|  0%| F|  |TAMS 0x00000000ee100000, 0x00000000ee100000| Untracked 
| 226|0x00000000ee200000, 0x00000000ee200000, 0x00000000ee300000|  0%| F|  |TAMS 0x00000000ee200000, 0x00000000ee200000| Untracked 
| 227|0x00000000ee300000, 0x00000000ee300000, 0x00000000ee400000|  0%| F|  |TAMS 0x00000000ee300000, 0x00000000ee300000| Untracked 
| 228|0x00000000ee400000, 0x00000000ee400000, 0x00000000ee500000|  0%| F|  |TAMS 0x00000000ee400000, 0x00000000ee400000| Untracked 
| 229|0x00000000ee500000, 0x00000000ee500000, 0x00000000ee600000|  0%| F|  |TAMS 0x00000000ee500000, 0x00000000ee500000| Untracked 
| 230|0x00000000ee600000, 0x00000000ee600000, 0x00000000ee700000|  0%| F|  |TAMS 0x00000000ee600000, 0x00000000ee600000| Untracked 
| 231|0x00000000ee700000, 0x00000000ee700000, 0x00000000ee800000|  0%| F|  |TAMS 0x00000000ee700000, 0x00000000ee700000| Untracked 
| 232|0x00000000ee800000, 0x00000000ee800000, 0x00000000ee900000|  0%| F|  |TAMS 0x00000000ee800000, 0x00000000ee800000| Untracked 
| 233|0x00000000ee900000, 0x00000000ee900000, 0x00000000eea00000|  0%| F|  |TAMS 0x00000000ee900000, 0x00000000ee900000| Untracked 
| 234|0x00000000eea00000, 0x00000000eea00000, 0x00000000eeb00000|  0%| F|  |TAMS 0x00000000eea00000, 0x00000000eea00000| Untracked 
| 235|0x00000000eeb00000, 0x00000000eeb00000, 0x00000000eec00000|  0%| F|  |TAMS 0x00000000eeb00000, 0x00000000eeb00000| Untracked 
| 236|0x00000000eec00000, 0x00000000eec00000, 0x00000000eed00000|  0%| F|  |TAMS 0x00000000eec00000, 0x00000000eec00000| Untracked 
| 237|0x00000000eed00000, 0x00000000eed04aa8, 0x00000000eee00000|  1%| E|  |TAMS 0x00000000eed00000, 0x00000000eed00000| Complete 
| 238|0x00000000eee00000, 0x00000000eeeffe10, 0x00000000eef00000| 99%| E|  |TAMS 0x00000000eee00000, 0x00000000eee00000| Complete 
| 239|0x00000000eef00000, 0x00000000ef000000, 0x00000000ef000000|100%| E|CS|TAMS 0x00000000eef00000, 0x00000000eef00000| Complete 
| 240|0x00000000ef000000, 0x00000000ef100000, 0x00000000ef100000|100%| E|CS|TAMS 0x00000000ef000000, 0x00000000ef000000| Complete 
| 241|0x00000000ef100000, 0x00000000ef200000, 0x00000000ef200000|100%| E|CS|TAMS 0x00000000ef100000, 0x00000000ef100000| Complete 
| 242|0x00000000ef200000, 0x00000000ef300000, 0x00000000ef300000|100%| E|CS|TAMS 0x00000000ef200000, 0x00000000ef200000| Complete 
| 243|0x00000000ef300000, 0x00000000ef400000, 0x00000000ef400000|100%| E|CS|TAMS 0x00000000ef300000, 0x00000000ef300000| Complete 
| 244|0x00000000ef400000, 0x00000000ef500000, 0x00000000ef500000|100%| E|CS|TAMS 0x00000000ef400000, 0x00000000ef400000| Complete 
| 245|0x00000000ef500000, 0x00000000ef600000, 0x00000000ef600000|100%| E|CS|TAMS 0x00000000ef500000, 0x00000000ef500000| Complete 
| 246|0x00000000ef600000, 0x00000000ef700000, 0x00000000ef700000|100%| E|CS|TAMS 0x00000000ef600000, 0x00000000ef600000| Complete 
| 247|0x00000000ef700000, 0x00000000ef800000, 0x00000000ef800000|100%| E|CS|TAMS 0x00000000ef700000, 0x00000000ef700000| Complete 
| 248|0x00000000ef800000, 0x00000000ef900000, 0x00000000ef900000|100%| E|CS|TAMS 0x00000000ef800000, 0x00000000ef800000| Complete 
| 249|0x00000000ef900000, 0x00000000efa00000, 0x00000000efa00000|100%| E|CS|TAMS 0x00000000ef900000, 0x00000000ef900000| Complete 
| 250|0x00000000efa00000, 0x00000000efb00000, 0x00000000efb00000|100%| E|CS|TAMS 0x00000000efa00000, 0x00000000efa00000| Complete 
| 251|0x00000000efb00000, 0x00000000efc00000, 0x00000000efc00000|100%| E|CS|TAMS 0x00000000efb00000, 0x00000000efb00000| Complete 
| 252|0x00000000efc00000, 0x00000000efd00000, 0x00000000efd00000|100%| E|CS|TAMS 0x00000000efc00000, 0x00000000efc00000| Complete 
| 253|0x00000000efd00000, 0x00000000efe00000, 0x00000000efe00000|100%| E|CS|TAMS 0x00000000efd00000, 0x00000000efd00000| Complete 
| 254|0x00000000efe00000, 0x00000000eff00000, 0x00000000eff00000|100%| E|CS|TAMS 0x00000000efe00000, 0x00000000efe00000| Complete 
| 255|0x00000000eff00000, 0x00000000f0000000, 0x00000000f0000000|100%| E|CS|TAMS 0x00000000eff00000, 0x00000000eff00000| Complete 

Card table byte_map: [0x00000220ae3a0000,0x00000220ae4a0000] _byte_map_base: 0x00000220adca0000

Marking Bits (Prev, Next): (CMBitMap*) 0x000002209b6b9a50, (CMBitMap*) 0x000002209b6b9a18
 Prev Bits: [0x00000220aeda0000, 0x00000220af5a0000)
 Next Bits: [0x00000220ae5a0000, 0x00000220aeda0000)

Polling page: 0x000002209ae70000

Metaspace:

Usage:
  Non-class:    118.83 MB capacity,   117.07 MB ( 99%) used,     1.43 MB (  1%) free+waste,   331.50 KB ( <1%) overhead. 
      Class:     16.84 MB capacity,    15.88 MB ( 94%) used,   835.38 KB (  5%) free+waste,   149.06 KB ( <1%) overhead. 
       Both:    135.67 MB capacity,   132.95 MB ( 98%) used,     2.25 MB (  2%) free+waste,   480.56 KB ( <1%) overhead. 

Virtual space:
  Non-class space:      120.00 MB reserved,     118.96 MB (>99%) committed 
      Class space:      248.00 MB reserved,      16.88 MB (  7%) committed 
             Both:      368.00 MB reserved,     135.84 MB ( 37%) committed 

Chunk freelists:
   Non-Class:  5.00 KB
       Class:  7.00 KB
        Both:  12.00 KB

MaxMetaspaceSize: 256.00 MB
CompressedClassSpaceSize: 248.00 MB

CodeHeap 'non-profiled nmethods': size=120064Kb used=14002Kb max_used=14002Kb free=106061Kb
 bounds [0x00000220a6c50000, 0x00000220a7a00000, 0x00000220ae190000]
CodeHeap 'profiled nmethods': size=120000Kb used=49692Kb max_used=49692Kb free=70307Kb
 bounds [0x000002209f720000, 0x00000220a27d0000, 0x00000220a6c50000]
CodeHeap 'non-nmethods': size=5696Kb used=2379Kb max_used=2440Kb free=3316Kb
 bounds [0x000002209f190000, 0x000002209f410000, 0x000002209f720000]
 total_blobs=20355 nmethods=19340 adapters=924
 compilation: enabled
              stopped_count=0, restarted_count=0
 full_count=0

Compilation events (20 events):
Event: 89.879 Thread 0x00000220b266a800 nmethod 22191 0x00000220a27c7e10 code [0x00000220a27c8000, 0x00000220a27c85d8]
Event: 89.881 Thread 0x00000220b266a800 22192       3       org.gradle.internal.snapshot.impl.DirectorySnapshotter$PathVisitor::doPostVisitDirectory (60 bytes)
Event: 89.882 Thread 0x00000220b266a800 nmethod 22192 0x00000220a27c8790 code [0x00000220a27c8ac0, 0x00000220a27c9eb8]
Event: 89.882 Thread 0x00000220b266a800 22193       3       org.gradle.internal.snapshot.impl.DirectorySnapshotter$PathVisitor::isNotFileSystemLoopException (17 bytes)
Event: 89.882 Thread 0x00000220b2667800 nmethod 22184 0x00000220a79fbe90 code [0x00000220a79fc080, 0x00000220a79fc510]
Event: 89.882 Thread 0x00000220b266a800 nmethod 22193 0x00000220a27ca510 code [0x00000220a27ca6c0, 0x00000220a27ca998]
Event: 89.882 Thread 0x00000220b266a800 22194       3       org.gradle.internal.snapshot.MerkleDirectorySnapshotBuilder::leaveDirectory (29 bytes)
Event: 89.882 Thread 0x00000220b266a800 nmethod 22194 0x00000220a27caa90 code [0x00000220a27cac80, 0x00000220a27cb008]
Event: 89.882 Thread 0x00000220b266a800 22195       3       java.util.ArrayDeque::removeLast (19 bytes)
Event: 89.882 Thread 0x00000220b266a800 nmethod 22195 0x00000220a27cb190 code [0x00000220a27cb360, 0x00000220a27cb598]
Event: 89.893 Thread 0x00000220bb19c000 22196       4       java.nio.file.Files$AcceptAllFilter::accept (9 bytes)
Event: 89.894 Thread 0x00000220bb19c000 nmethod 22196 0x00000220a79fc910 code [0x00000220a79fcaa0, 0x00000220a79fcb78]
Event: 89.904 Thread 0x00000220b2667800 22197       4       com.google.common.collect.Interners$InternerImpl::intern (50 bytes)
Event: 89.904 Thread 0x00000220bb19c000 22198       4       com.google.common.cache.LocalCache$Segment::evictEntries (106 bytes)
Event: 89.905 Thread 0x00000220bb19c000 nmethod 22198 0x00000220a79fcc10 code [0x00000220a79fcdc0, 0x00000220a79fcf28]
Event: 89.905 Thread 0x00000220bb19c000 22199       4       java.util.concurrent.ConcurrentLinkedQueue::offer (120 bytes)
Event: 89.910 Thread 0x00000220bb19c000 nmethod 22199 0x00000220a79fd110 code [0x00000220a79fd2c0, 0x00000220a79fd678]
Event: 89.910 Thread 0x00000220bb19c000 22200       4       sun.nio.fs.WindowsFileAttributes::<init> (57 bytes)
Event: 89.910 Thread 0x00000220bb19c000 nmethod 22200 0x00000220a79fd810 code [0x00000220a79fd9a0, 0x00000220a79fda38]
Event: 89.911 Thread 0x00000220bb19c000 22201       4       org.gradle.cache.internal.btree.CachingBlockStore::read (56 bytes)

GC Heap History (20 events):
Event: 50.731 GC heap before
{Heap before GC invocations=111 (full 0):
 garbage-first heap   total 262144K, used 230803K [0x00000000e0000000, 0x0000000100000000)
  region size 1024K, 83 young (84992K), 12 survivors (12288K)
 Metaspace       used 132354K, capacity 134989K, committed 135256K, reserved 372736K
  class space    used 15751K, capacity 16712K, committed 16768K, reserved 253952K
}
Event: 50.740 GC heap after
{Heap after GC invocations=112 (full 0):
 garbage-first heap   total 262144K, used 163815K [0x00000000e0000000, 0x0000000100000000)
  region size 1024K, 10 young (10240K), 10 survivors (10240K)
 Metaspace       used 132354K, capacity 134989K, committed 135256K, reserved 372736K
  class space    used 15751K, capacity 16712K, committed 16768K, reserved 253952K
}
Event: 51.959 GC heap before
{Heap before GC invocations=112 (full 0):
 garbage-first heap   total 262144K, used 222183K [0x00000000e0000000, 0x0000000100000000)
  region size 1024K, 67 young (68608K), 10 survivors (10240K)
 Metaspace       used 134484K, capacity 137242K, committed 137432K, reserved 374784K
  class space    used 16041K, capacity 17046K, committed 17152K, reserved 253952K
}
Event: 51.965 GC heap after
{Heap after GC invocations=113 (full 0):
 garbage-first heap   total 262144K, used 168051K [0x00000000e0000000, 0x0000000100000000)
  region size 1024K, 4 young (4096K), 4 survivors (4096K)
 Metaspace       used 134484K, capacity 137242K, committed 137432K, reserved 374784K
  class space    used 16041K, capacity 17046K, committed 17152K, reserved 253952K
}
Event: 53.352 GC heap before
{Heap before GC invocations=114 (full 0):
 garbage-first heap   total 262144K, used 217896K [0x00000000e0000000, 0x0000000100000000)
  region size 1024K, 58 young (59392K), 4 survivors (4096K)
 Metaspace       used 135922K, capacity 138615K, committed 138840K, reserved 376832K
  class space    used 16224K, capacity 17181K, committed 17280K, reserved 253952K
}
Event: 53.354 GC heap after
{Heap after GC invocations=115 (full 0):
 garbage-first heap   total 262144K, used 163527K [0x00000000e0000000, 0x0000000100000000)
  region size 1024K, 4 young (4096K), 4 survivors (4096K)
 Metaspace       used 135922K, capacity 138615K, committed 138840K, reserved 376832K
  class space    used 16224K, capacity 17181K, committed 17280K, reserved 253952K
}
Event: 53.478 GC heap before
{Heap before GC invocations=115 (full 0):
 garbage-first heap   total 262144K, used 170695K [0x00000000e0000000, 0x0000000100000000)
  region size 1024K, 12 young (12288K), 4 survivors (4096K)
 Metaspace       used 135922K, capacity 138615K, committed 138840K, reserved 376832K
  class space    used 16224K, capacity 17181K, committed 17280K, reserved 253952K
}
Event: 53.484 GC heap after
{Heap after GC invocations=116 (full 0):
 garbage-first heap   total 262144K, used 143824K [0x00000000e0000000, 0x0000000100000000)
  region size 1024K, 1 young (1024K), 1 survivors (1024K)
 Metaspace       used 135922K, capacity 138615K, committed 138840K, reserved 376832K
  class space    used 16224K, capacity 17181K, committed 17280K, reserved 253952K
}
Event: 53.654 GC heap before
{Heap before GC invocations=116 (full 0):
 garbage-first heap   total 262144K, used 154064K [0x00000000e0000000, 0x0000000100000000)
  region size 1024K, 12 young (12288K), 1 survivors (1024K)
 Metaspace       used 135922K, capacity 138615K, committed 138840K, reserved 376832K
  class space    used 16224K, capacity 17181K, committed 17280K, reserved 253952K
}
Event: 53.659 GC heap after
{Heap after GC invocations=117 (full 0):
 garbage-first heap   total 262144K, used 142716K [0x00000000e0000000, 0x0000000100000000)
  region size 1024K, 1 young (1024K), 1 survivors (1024K)
 Metaspace       used 135922K, capacity 138615K, committed 138840K, reserved 376832K
  class space    used 16224K, capacity 17181K, committed 17280K, reserved 253952K
}
Event: 58.422 GC heap before
{Heap before GC invocations=117 (full 0):
 garbage-first heap   total 262144K, used 221564K [0x00000000e0000000, 0x0000000100000000)
  region size 1024K, 74 young (75776K), 1 survivors (1024K)
 Metaspace       used 136066K, capacity 138746K, committed 138840K, reserved 376832K
  class space    used 16249K, capacity 17204K, committed 17280K, reserved 253952K
}
Event: 58.423 GC heap after
{Heap after GC invocations=118 (full 0):
 garbage-first heap   total 262144K, used 148420K [0x00000000e0000000, 0x0000000100000000)
  region size 1024K, 2 young (2048K), 2 survivors (2048K)
 Metaspace       used 136066K, capacity 138746K, committed 138840K, reserved 376832K
  class space    used 16249K, capacity 17204K, committed 17280K, reserved 253952K
}
Event: 64.288 GC heap before
{Heap before GC invocations=118 (full 0):
 garbage-first heap   total 262144K, used 221124K [0x00000000e0000000, 0x0000000100000000)
  region size 1024K, 73 young (74752K), 2 survivors (2048K)
 Metaspace       used 136066K, capacity 138746K, committed 138840K, reserved 376832K
  class space    used 16249K, capacity 17204K, committed 17280K, reserved 253952K
}
Event: 64.289 GC heap after
{Heap after GC invocations=119 (full 0):
 garbage-first heap   total 262144K, used 148285K [0x00000000e0000000, 0x0000000100000000)
  region size 1024K, 1 young (1024K), 1 survivors (1024K)
 Metaspace       used 136066K, capacity 138746K, committed 138840K, reserved 376832K
  class space    used 16249K, capacity 17204K, committed 17280K, reserved 253952K
}
Event: 74.649 GC heap before
{Heap before GC invocations=119 (full 0):
 garbage-first heap   total 262144K, used 223037K [0x00000000e0000000, 0x0000000100000000)
  region size 1024K, 74 young (75776K), 1 survivors (1024K)
 Metaspace       used 136070K, capacity 138810K, committed 139096K, reserved 376832K
  class space    used 16249K, capacity 17204K, committed 17280K, reserved 253952K
}
Event: 74.650 GC heap after
{Heap after GC invocations=120 (full 0):
 garbage-first heap   total 262144K, used 148273K [0x00000000e0000000, 0x0000000100000000)
  region size 1024K, 1 young (1024K), 1 survivors (1024K)
 Metaspace       used 136070K, capacity 138810K, committed 139096K, reserved 376832K
  class space    used 16249K, capacity 17204K, committed 17280K, reserved 253952K
}
Event: 81.884 GC heap before
{Heap before GC invocations=120 (full 0):
 garbage-first heap   total 262144K, used 224049K [0x00000000e0000000, 0x0000000100000000)
  region size 1024K, 75 young (76800K), 1 survivors (1024K)
 Metaspace       used 136073K, capacity 138813K, committed 139096K, reserved 376832K
  class space    used 16250K, capacity 17205K, committed 17280K, reserved 253952K
}
Event: 81.885 GC heap after
{Heap after GC invocations=121 (full 0):
 garbage-first heap   total 262144K, used 148313K [0x00000000e0000000, 0x0000000100000000)
  region size 1024K, 2 young (2048K), 2 survivors (2048K)
 Metaspace       used 136073K, capacity 138813K, committed 139096K, reserved 376832K
  class space    used 16250K, capacity 17205K, committed 17280K, reserved 253952K
}
Event: 89.317 GC heap before
{Heap before GC invocations=121 (full 0):
 garbage-first heap   total 262144K, used 224089K [0x00000000e0000000, 0x0000000100000000)
  region size 1024K, 76 young (77824K), 2 survivors (2048K)
 Metaspace       used 136081K, capacity 138819K, committed 139096K, reserved 376832K
  class space    used 16250K, capacity 17206K, committed 17280K, reserved 253952K
}
Event: 89.318 GC heap after
{Heap after GC invocations=122 (full 0):
 garbage-first heap   total 262144K, used 148297K [0x00000000e0000000, 0x0000000100000000)
  region size 1024K, 1 young (1024K), 1 survivors (1024K)
 Metaspace       used 136081K, capacity 138819K, committed 139096K, reserved 376832K
  class space    used 16250K, capacity 17206K, committed 17280K, reserved 253952K
}

Deoptimization events (20 events):
Event: 52.398 Thread 0x00000220bb196800 DEOPT PACKING pc=0x00000220a7401a60 sp=0x00000094072fc430
Event: 52.398 Thread 0x00000220bb196800 DEOPT UNPACKING pc=0x000002209f1b662f sp=0x00000094072fc3c0 mode 2
Event: 52.443 Thread 0x00000220bb196800 Uncommon trap: trap_request=0xffffff4d fr.pc=0x00000220a76b37dc relative=0x000000000000043c
Event: 52.443 Thread 0x00000220bb196800 Uncommon trap: reason=unstable_if action=reinterpret pc=0x00000220a76b37dc method=org.apache.http.impl.io.SessionInputBufferImpl.read([BII)I @ 10 c2
Event: 52.443 Thread 0x00000220bb196800 DEOPT PACKING pc=0x00000220a76b37dc sp=0x00000094072fc970
Event: 52.443 Thread 0x00000220bb196800 DEOPT UNPACKING pc=0x000002209f1b662f sp=0x00000094072fc7a8 mode 2
Event: 56.507 Thread 0x00000220bb196800 Uncommon trap: trap_request=0xffffff4d fr.pc=0x00000220a79cb340 relative=0x0000000000000960
Event: 56.507 Thread 0x00000220bb196800 Uncommon trap: reason=unstable_if action=reinterpret pc=0x00000220a79cb340 method=java.io.WinNTFileSystem.parentOrNull(Ljava/lang/String;)Ljava/lang/String; @ 96 c2
Event: 56.507 Thread 0x00000220bb196800 DEOPT PACKING pc=0x00000220a79cb340 sp=0x00000094072fb460
Event: 56.507 Thread 0x00000220bb196800 DEOPT UNPACKING pc=0x000002209f1b662f sp=0x00000094072fb3f8 mode 2
Event: 77.438 Thread 0x00000220bb196800 DEOPT PACKING pc=0x00000220a2793072 sp=0x00000094072fb590
Event: 77.438 Thread 0x00000220bb196800 DEOPT UNPACKING pc=0x000002209f1b6dde sp=0x00000094072faa28 mode 0
Event: 89.763 Thread 0x00000220bb196800 Uncommon trap: trap_request=0xffffff4d fr.pc=0x00000220a6ca86bc relative=0x00000000000004fc
Event: 89.763 Thread 0x00000220bb196800 Uncommon trap: reason=unstable_if action=reinterpret pc=0x00000220a6ca86bc method=java.lang.StringLatin1.compareToCI([B[B)I @ 68 c2
Event: 89.763 Thread 0x00000220bb196800 DEOPT PACKING pc=0x00000220a6ca86bc sp=0x00000094072fb130
Event: 89.763 Thread 0x00000220bb196800 DEOPT UNPACKING pc=0x000002209f1b662f sp=0x00000094072fb028 mode 2
Event: 89.793 Thread 0x00000220bb196800 Uncommon trap: trap_request=0xffffff4d fr.pc=0x00000220a6ca5f48 relative=0x0000000000000488
Event: 89.793 Thread 0x00000220bb196800 Uncommon trap: reason=unstable_if action=reinterpret pc=0x00000220a6ca5f48 method=java.lang.StringLatin1.compareToCI([B[B)I @ 68 c2
Event: 89.793 Thread 0x00000220bb196800 DEOPT PACKING pc=0x00000220a6ca5f48 sp=0x00000094072fb1a0
Event: 89.793 Thread 0x00000220bb196800 DEOPT UNPACKING pc=0x000002209f1b662f sp=0x00000094072fb118 mode 2

Classes redefined (0 events):
No events

Internal exceptions (20 events):
Event: 51.931 Thread 0x00000220b4b96800 Exception <a 'java/lang/ClassNotFoundException'{0x00000000ecc5bd80}: java/util/HashSetCustomizer> (0x00000000ecc5bd80) thrown at [./src/hotspot/share/classfile/systemDictionary.cpp, line 231]
Event: 51.932 Thread 0x00000220b4b96800 Exception <a 'java/lang/ClassNotFoundException'{0x00000000ecc6dab0}: java/util/LinkedHashSetCustomizer> (0x00000000ecc6dab0) thrown at [./src/hotspot/share/classfile/systemDictionary.cpp, line 231]
Event: 51.934 Thread 0x00000220b4b96800 Exception <a 'java/lang/ClassNotFoundException'{0x00000000ecb394e8}: org/gradle/api/tasks/testing/Test_DecoratedBeanInfo> (0x00000000ecb394e8) thrown at [./src/hotspot/share/classfile/systemDictionary.cpp, line 231]
Event: 51.934 Thread 0x00000220b4b96800 Exception <a 'java/lang/ClassNotFoundException'{0x00000000ecb57b68}: org/gradle/api/tasks/testing/TestBeanInfo> (0x00000000ecb57b68) thrown at [./src/hotspot/share/classfile/systemDictionary.cpp, line 231]
Event: 51.935 Thread 0x00000220b4b96800 Exception <a 'java/lang/ClassNotFoundException'{0x00000000ecb79c88}: org/gradle/api/tasks/testing/AbstractTestTaskBeanInfo> (0x00000000ecb79c88) thrown at [./src/hotspot/share/classfile/systemDictionary.cpp, line 231]
Event: 51.935 Thread 0x00000220b4b96800 Exception <a 'java/lang/ClassNotFoundException'{0x00000000ecb8fe60}: org/gradle/api/internal/ConventionTaskBeanInfo> (0x00000000ecb8fe60) thrown at [./src/hotspot/share/classfile/systemDictionary.cpp, line 231]
Event: 51.935 Thread 0x00000220b4b96800 Exception <a 'java/lang/ClassNotFoundException'{0x00000000ecba3ff0}: org/gradle/api/DefaultTaskBeanInfo> (0x00000000ecba3ff0) thrown at [./src/hotspot/share/classfile/systemDictionary.cpp, line 231]
Event: 51.935 Thread 0x00000220b4b96800 Exception <a 'java/lang/ClassNotFoundException'{0x00000000ecbb9dc0}: org/gradle/api/internal/AbstractTaskBeanInfo> (0x00000000ecbb9dc0) thrown at [./src/hotspot/share/classfile/systemDictionary.cpp, line 231]
Event: 51.936 Thread 0x00000220b4b96800 Exception <a 'java/lang/ClassNotFoundException'{0x00000000ecbcfd20}: org/gradle/api/internal/AbstractTaskCustomizer> (0x00000000ecbcfd20) thrown at [./src/hotspot/share/classfile/systemDictionary.cpp, line 231]
Event: 51.937 Thread 0x00000220b4b96800 Exception <a 'java/lang/ClassNotFoundException'{0x00000000eca2d8c0}: org/gradle/api/DefaultTaskCustomizer> (0x00000000eca2d8c0) thrown at [./src/hotspot/share/classfile/systemDictionary.cpp, line 231]
Event: 51.938 Thread 0x00000220b4b96800 Exception <a 'java/lang/ClassNotFoundException'{0x00000000eca98cd0}: org/gradle/api/internal/ConventionTaskCustomizer> (0x00000000eca98cd0) thrown at [./src/hotspot/share/classfile/systemDictionary.cpp, line 231]
Event: 51.938 Thread 0x00000220b4b96800 Exception <a 'java/lang/ClassNotFoundException'{0x00000000ecaca810}: org/gradle/api/tasks/testing/AbstractTestTaskCustomizer> (0x00000000ecaca810) thrown at [./src/hotspot/share/classfile/systemDictionary.cpp, line 231]
Event: 51.939 Thread 0x00000220b4b96800 Exception <a 'java/lang/ClassNotFoundException'{0x00000000ec908bf0}: org/gradle/api/tasks/testing/TestCustomizer> (0x00000000ec908bf0) thrown at [./src/hotspot/share/classfile/systemDictionary.cpp, line 231]
Event: 51.941 Thread 0x00000220b4b96800 Exception <a 'java/lang/ClassNotFoundException'{0x00000000ec9ba058}: org/gradle/api/tasks/testing/Test_DecoratedCustomizer> (0x00000000ec9ba058) thrown at [./src/hotspot/share/classfile/systemDictionary.cpp, line 231]
Event: 51.953 Thread 0x00000220b4b96800 Exception <a 'java/lang/NoSuchMethodError'{0x00000000ec73da88}: <clinit>> (0x00000000ec73da88) thrown at [./src/hotspot/share/prims/jni.cpp, line 1362]
Event: 51.954 Thread 0x00000220b4b96800 Exception <a 'java/lang/NoSuchMethodError'{0x00000000ec7601a0}: <clinit>> (0x00000000ec7601a0) thrown at [./src/hotspot/share/prims/jni.cpp, line 1362]
Event: 51.954 Thread 0x00000220b4b96800 Exception <a 'java/lang/NoSuchMethodError'{0x00000000ec76d090}: <clinit>> (0x00000000ec76d090) thrown at [./src/hotspot/share/prims/jni.cpp, line 1362]
Event: 51.954 Thread 0x00000220b4b96800 Exception <a 'java/lang/NoSuchMethodError'{0x00000000ec77ad50}: <clinit>> (0x00000000ec77ad50) thrown at [./src/hotspot/share/prims/jni.cpp, line 1362]
Event: 51.955 Thread 0x00000220b4b96800 Exception <a 'java/lang/NoSuchMethodError'{0x00000000ec788c88}: <clinit>> (0x00000000ec788c88) thrown at [./src/hotspot/share/prims/jni.cpp, line 1362]
Event: 54.642 Thread 0x00000220bb196800 Exception <a 'java/lang/NoSuchMethodError'{0x00000000eddbe168}: 'java.lang.Object java.lang.invoke.DirectMethodHandle$Holder.invokeSpecialIFC(java.lang.Object, java.lang.Object, java.lang.Object)'> (0x00000000eddbe168) thrown at [./src/hotspot/share/interpreter/linkResolver.cpp, line 773]

Events (20 events):
Event: 89.746 loading class org/gradle/api/internal/artifacts/transform/TransformationResult$Builder done
Event: 89.747 loading class org/gradle/api/internal/artifacts/transform/TransformationResultSerializer
Event: 89.747 loading class org/gradle/api/internal/artifacts/transform/TransformationResultSerializer done
Event: 89.747 loading class org/gradle/api/internal/artifacts/transform/TransformationResult$Builder$ProducedOutput
Event: 89.747 loading class org/gradle/api/internal/artifacts/transform/TransformationResult$Builder$ProducedOutput done
Event: 89.747 loading class org/gradle/api/internal/artifacts/transform/TransformationResult$Builder$TransformationOutput
Event: 89.747 loading class org/gradle/api/internal/artifacts/transform/TransformationResult$Builder$TransformationOutput done
Event: 89.748 loading class org/gradle/api/internal/artifacts/transform/TransformationResult$Builder$AlreadyResolvedTransformationResult
Event: 89.748 loading class org/gradle/api/internal/artifacts/transform/TransformationResult$Builder$AlreadyResolvedTransformationResult done
Event: 89.748 loading class com/google/common/collect/ImmutableList$Builder
Event: 89.748 loading class com/google/common/collect/ImmutableList$Builder done
Event: 89.748 loading class org/gradle/api/internal/artifacts/transform/TransformationResult$Builder$TransformationOutput
Event: 89.748 loading class org/gradle/api/internal/artifacts/transform/TransformationResult$Builder$TransformationOutput done
Event: 89.748 loading class com/google/common/collect/ImmutableList$Builder
Event: 89.748 loading class com/google/common/collect/ImmutableList$Builder done
Event: 89.748 loading class org/gradle/api/internal/artifacts/transform/DefaultTransformerInvocationFactory$AbstractTransformerExecution$2
Event: 89.748 loading class org/gradle/api/internal/artifacts/transform/DefaultTransformerInvocationFactory$AbstractTransformerExecution$2 done
Event: 89.802 Thread 0x00000220bb19c000 Thread added: 0x00000220bb19c000
Event: 89.824 Loaded shared library C:\Program Files\Android\Android Studio\jre\bin\nio.dll
Event: 89.840 Loaded shared library C:\Program Files\Android\Android Studio\jre\bin\nio.dll


Dynamic libraries:
0x00007ff6caed0000 - 0x00007ff6caeda000 	C:\Program Files\Android\Android Studio\jre\bin\java.exe
0x00007fff40830000 - 0x00007fff40a25000 	C:\WINDOWS\SYSTEM32\ntdll.dll
0x00007fff3e920000 - 0x00007fff3e9de000 	C:\WINDOWS\System32\KERNEL32.DLL
0x00007fff3e0a0000 - 0x00007fff3e368000 	C:\WINDOWS\System32\KERNELBASE.dll
0x00007fff3e5f0000 - 0x00007fff3e6f0000 	C:\WINDOWS\System32\ucrtbase.dll
0x00007fff34500000 - 0x00007fff34519000 	C:\Program Files\Android\Android Studio\jre\bin\jli.dll
0x00007fff300f0000 - 0x00007fff30107000 	C:\Program Files\Android\Android Studio\jre\bin\VCRUNTIME140.dll
0x00007fff40120000 - 0x00007fff402c0000 	C:\WINDOWS\System32\USER32.dll
0x00007fff3e410000 - 0x00007fff3e432000 	C:\WINDOWS\System32\win32u.dll
0x00007fff2d450000 - 0x00007fff2d6ea000 	C:\WINDOWS\WinSxS\amd64_microsoft.windows.common-controls_6595b64144ccf1df_6.0.19041.1110_none_60b5254171f9507e\COMCTL32.dll
0x00007fff3ecf0000 - 0x00007fff3ed1b000 	C:\WINDOWS\System32\GDI32.dll
0x00007fff3eb20000 - 0x00007fff3ebbe000 	C:\WINDOWS\System32\msvcrt.dll
0x00007fff3e740000 - 0x00007fff3e84d000 	C:\WINDOWS\System32\gdi32full.dll
0x00007fff3e370000 - 0x00007fff3e40d000 	C:\WINDOWS\System32\msvcp_win.dll
0x00007fff3fbf0000 - 0x00007fff3fc20000 	C:\WINDOWS\System32\IMM32.DLL
0x00007fff1bd80000 - 0x00007fff1be1d000 	C:\Program Files\Android\Android Studio\jre\bin\msvcp140.dll
0x00007fff04710000 - 0x00007fff051e5000 	C:\Program Files\Android\Android Studio\jre\bin\server\jvm.dll
0x00007fff3fc20000 - 0x00007fff3fcce000 	C:\WINDOWS\System32\ADVAPI32.dll
0x00007fff3e880000 - 0x00007fff3e91c000 	C:\WINDOWS\System32\sechost.dll
0x00007fff3ebc0000 - 0x00007fff3ece5000 	C:\WINDOWS\System32\RPCRT4.dll
0x00007fff40110000 - 0x00007fff40118000 	C:\WINDOWS\System32\PSAPI.DLL
0x00007fff2e070000 - 0x00007fff2e079000 	C:\WINDOWS\SYSTEM32\WSOCK32.dll
0x00007fff38d10000 - 0x00007fff38d1a000 	C:\WINDOWS\SYSTEM32\VERSION.dll
0x00007fff34190000 - 0x00007fff341b7000 	C:\WINDOWS\SYSTEM32\WINMM.dll
0x00007fff3fe80000 - 0x00007fff3feeb000 	C:\WINDOWS\System32\WS2_32.dll
0x00007fff3be30000 - 0x00007fff3be42000 	C:\WINDOWS\SYSTEM32\kernel.appcore.dll
0x00007fff39b00000 - 0x00007fff39b11000 	C:\Program Files\Android\Android Studio\jre\bin\verify.dll
0x00007fff316f0000 - 0x00007fff318d4000 	C:\WINDOWS\SYSTEM32\DBGHELP.DLL
0x00007fff2e080000 - 0x00007fff2e0ac000 	C:\WINDOWS\SYSTEM32\dbgcore.DLL
0x00007fff3e4b0000 - 0x00007fff3e532000 	C:\WINDOWS\System32\bcryptPrimitives.dll
0x00007fff382d0000 - 0x00007fff382f9000 	C:\Program Files\Android\Android Studio\jre\bin\java.dll
0x00007fff39c10000 - 0x00007fff39c1b000 	C:\Program Files\Android\Android Studio\jre\bin\jimage.dll
0x00007fff37e50000 - 0x00007fff37e68000 	C:\Program Files\Android\Android Studio\jre\bin\zip.dll
0x00007fff3eec0000 - 0x00007fff3f604000 	C:\WINDOWS\System32\SHELL32.dll
0x00007fff3c030000 - 0x00007fff3c7c4000 	C:\WINDOWS\SYSTEM32\windows.storage.dll
0x00007fff3f7b0000 - 0x00007fff3fb05000 	C:\WINDOWS\System32\combase.dll
0x00007fff3d990000 - 0x00007fff3d9be000 	C:\WINDOWS\SYSTEM32\Wldp.dll
0x00007fff3ee00000 - 0x00007fff3eead000 	C:\WINDOWS\System32\SHCORE.dll
0x00007fff3f630000 - 0x00007fff3f685000 	C:\WINDOWS\System32\shlwapi.dll
0x00007fff3de80000 - 0x00007fff3de9f000 	C:\WINDOWS\SYSTEM32\profapi.dll
0x00007fff37e30000 - 0x00007fff37e4a000 	C:\Program Files\Android\Android Studio\jre\bin\net.dll
0x00007fff385b0000 - 0x00007fff386bc000 	C:\WINDOWS\SYSTEM32\WINHTTP.dll
0x00007fff3d6f0000 - 0x00007fff3d75a000 	C:\WINDOWS\system32\mswsock.dll
0x00007fff372c0000 - 0x00007fff372d4000 	C:\Program Files\Android\Android Studio\jre\bin\nio.dll
0x00007fff2e700000 - 0x00007fff2e727000 	C:\Users\Francesco\.gradle\native\e1d6ef7f7dcc3fd88c89a11ec53ec762bb8ba0a96d01ffa2cd45eb1d1d8dd5c5\windows-amd64\native-platform.dll
0x00007fff17ba0000 - 0x00007fff17ce4000 	C:\Users\Francesco\.gradle\native\5664cfc778a61ccfe75a443a1ab52a65af34e5dc3c78e0209fed803814484fcb\windows-amd64\native-platform-file-events.dll
0x00007fff39b90000 - 0x00007fff39b9a000 	C:\Program Files\Android\Android Studio\jre\bin\management.dll
0x00007fff39340000 - 0x00007fff3934d000 	C:\Program Files\Android\Android Studio\jre\bin\management_ext.dll
0x00007fff3d8e0000 - 0x00007fff3d8f8000 	C:\WINDOWS\SYSTEM32\CRYPTSP.dll
0x00007fff3d000000 - 0x00007fff3d034000 	C:\WINDOWS\system32\rsaenh.dll
0x00007fff3e850000 - 0x00007fff3e877000 	C:\WINDOWS\System32\bcrypt.dll
0x00007fff3de40000 - 0x00007fff3de6e000 	C:\WINDOWS\SYSTEM32\USERENV.dll
0x00007fff3d900000 - 0x00007fff3d90c000 	C:\WINDOWS\SYSTEM32\CRYPTBASE.dll
0x00007fff3d390000 - 0x00007fff3d3cb000 	C:\WINDOWS\SYSTEM32\IPHLPAPI.DLL
0x00007fff3ed20000 - 0x00007fff3ed28000 	C:\WINDOWS\System32\NSI.dll
0x00007fff38bf0000 - 0x00007fff38c07000 	C:\WINDOWS\SYSTEM32\dhcpcsvc6.DLL
0x00007fff38bd0000 - 0x00007fff38bed000 	C:\WINDOWS\SYSTEM32\dhcpcsvc.DLL
0x00007fff3d3d0000 - 0x00007fff3d49b000 	C:\WINDOWS\SYSTEM32\DNSAPI.dll
0x00007fff2f9e0000 - 0x00007fff2fa07000 	C:\Program Files\Android\Android Studio\jre\bin\sunec.dll
0x00007fff37b70000 - 0x00007fff37b7a000 	C:\Windows\System32\rasadhlp.dll
0x00007fff37800000 - 0x00007fff3787f000 	C:\WINDOWS\System32\fwpuclnt.dll

dbghelp: loaded successfully - version: 4.0.5 - missing functions: none
symbol engine: initialized successfully - sym options: 0x614 - pdb path: .;C:\Program Files\Android\Android Studio\jre\bin;C:\WINDOWS\SYSTEM32;C:\WINDOWS\WinSxS\amd64_microsoft.windows.common-controls_6595b64144ccf1df_6.0.19041.1110_none_60b5254171f9507e;C:\Program Files\Android\Android Studio\jre\bin\server;C:\Users\Francesco\.gradle\native\e1d6ef7f7dcc3fd88c89a11ec53ec762bb8ba0a96d01ffa2cd45eb1d1d8dd5c5\windows-amd64;C:\Users\Francesco\.gradle\native\5664cfc778a61ccfe75a443a1ab52a65af34e5dc3c78e0209fed803814484fcb\windows-amd64

VM Arguments:
jvm_args: -XX:MaxMetaspaceSize=256m -XX:+HeapDumpOnOutOfMemoryError --add-opens=java.base/java.util=ALL-UNNAMED --add-opens=java.base/java.lang=ALL-UNNAMED --add-opens=java.base/java.lang.invoke=ALL-UNNAMED --add-opens=java.base/java.util=ALL-UNNAMED --add-opens=java.prefs/java.util.prefs=ALL-UNNAMED --add-opens=java.prefs/java.util.prefs=ALL-UNNAMED --add-opens=java.base/java.nio.charset=ALL-UNNAMED --add-opens=java.base/java.net=ALL-UNNAMED --add-opens=java.base/java.util.concurrent.atomic=ALL-UNNAMED -Xms256m -Xmx512m -Dfile.encoding=windows-1252 -Duser.country=IT -Duser.language=it -Duser.variant 
java_command: org.gradle.launcher.daemon.bootstrap.GradleDaemon 7.3
java_class_path (initial): C:\Users\Francesco\.gradle\wrapper\dists\gradle-7.3-bin\ddwl0k7mt9g6ak16i1m905vyv\gradle-7.3\lib\gradle-launcher-7.3.jar
Launcher Type: SUN_STANDARD

[Global flags]
     intx CICompilerCount                          = 3                                         {product} {ergonomic}
   size_t CompressedClassSpaceSize                 = 260046848                                 {product} {ergonomic}
     uint ConcGCThreads                            = 2                                         {product} {ergonomic}
     uint G1ConcRefinementThreads                  = 6                                         {product} {ergonomic}
   size_t G1HeapRegionSize                         = 1048576                                   {product} {ergonomic}
    uintx GCDrainStackTargetSize                   = 64                                        {product} {ergonomic}
     bool HeapDumpOnOutOfMemoryError               = true                                   {manageable} {command line}
   size_t InitialHeapSize                          = 268435456                                 {product} {command line}
   size_t MarkStackSize                            = 4194304                                   {product} {ergonomic}
   size_t MaxHeapSize                              = 536870912                                 {product} {command line}
   size_t MaxMetaspaceSize                         = 268435456                                 {product} {command line}
   size_t MaxNewSize                               = 321912832                                 {product} {ergonomic}
   size_t MinHeapDeltaBytes                        = 1048576                                   {product} {ergonomic}
    uintx NonNMethodCodeHeapSize                   = 5830732                                {pd product} {ergonomic}
    uintx NonProfiledCodeHeapSize                  = 122913754                              {pd product} {ergonomic}
    uintx ProfiledCodeHeapSize                     = 122913754                              {pd product} {ergonomic}
    uintx ReservedCodeCacheSize                    = 251658240                              {pd product} {ergonomic}
     bool SegmentedCodeCache                       = true                                      {product} {ergonomic}
     bool UseCompressedClassPointers               = true                                 {lp64_product} {ergonomic}
     bool UseCompressedOops                        = true                                 {lp64_product} {ergonomic}
     bool UseG1GC                                  = true                                      {product} {ergonomic}
     bool UseLargePagesIndividualAllocation        = false                                  {pd product} {ergonomic}

Logging:
Log output configuration:
 #0: stdout all=warning uptime,level,tags
 #1: stderr all=off uptime,level,tags

Environment Variables:
PATH=C:\Users\Francesco\gcc\bin;C:\Users\Francesco\gcc\libexec\gcc\x86_64-pc-mingw32\4.7.0;C:\Program Files (x86)\Common Files\Oracle\Java\javapath;C:\Program Files (x86)\Intel\Intel(R) Management Engine Components\iCLS\;C:\Program Files\Intel\Intel(R) Management Engine Components\iCLS\;C:\Windows\system32;C:\Windows;C:\Windows\System32\Wbem;C:\Windows\System32\WindowsPowerShell\v1.0\;C:\Windows\System32\OpenSSH\;C:\Program Files (x86)\Intel\Intel(R) Management Engine Components\DAL;C:\Program Files\Intel\Intel(R) Management Engine Components\DAL;C:\Program Files (x86)\Intel\Intel(R) Management Engine Components\IPT;C:\Program Files\Intel\Intel(R) Management Engine Components\IPT;C:\Program Files (x86)\NVIDIA Corporation\PhysX\Common;C:\Program Files\NVIDIA Corporation\NVIDIA NvDLISR;C:\WINDOWS\system32;C:\WINDOWS;C:\WINDOWS\System32\Wbem;C:\WINDOWS\System32\WindowsPowerShell\v1.0\;C:\WINDOWS\System32\OpenSSH\;C:\Program Files\dotnet\;C:\Program Files\Microsoft SQL Server\130\Tools\Binn\;C:\Program Files\Microsoft SQL Server\Client SDK\ODBC\170\Tools\Binn\;C:\Program Files\Git\cmd;C:\Program Files (x86)\nodejs\;C:\sqlite3;%USERPROFILE%\AppData\Local\Microsoft\WindowsApps;%USERPROFILE%\.dotnet\tools;;C:\Users\Francesco\AppData\Local\Programs\Microsoft VS Code\bin;C:\Users\Francesco\AppData\Roaming\npm;C:\Exercism
USERNAME=Francesco
OS=Windows_NT
PROCESSOR_IDENTIFIER=Intel64 Family 6 Model 158 Stepping 10, GenuineIntel



---------------  S Y S T E M  ---------------

OS: Windows 10 , 64 bit Build 19041 (10.0.19041.1503)
OS uptime: 8 days 21:25 hours

CPU:total 6 (initial active 6) (6 cores per cpu, 1 threads per core) family 6 model 158 stepping 10 microcode 0xb4, cmov, cx8, fxsr, mmx, sse, sse2, sse3, ssse3, sse4.1, sse4.2, popcnt, avx, avx2, aes, clmul, erms, 3dnowpref, lzcnt, tsc, tscinvbit, bmi1, bmi2, adx, fma

Memory: 4k page, system-wide physical 16297M (7934M free)
TotalPageFile size 45971M (AvailPageFile size 3M)
current process WorkingSet (physical memory assigned to process): 601M, peak: 644M
current process commit charge ("private bytes"): 631M, peak: 674M

vm_info: OpenJDK 64-Bit Server VM (11.0.11+9-b60-7590822) for windows-amd64 JRE (11.0.11+9-b60-7590822), built on Jul 29 2021 21:43:44 by "builder" with MS VC++ 14.0 (VS2015)

END.
