#
# There is insufficient memory for the Java Runtime Environment to continue.
# Native memory allocation (malloc) failed to allocate 1446576 bytes for Chunk::new
# Possible reasons:
#   The system is out of physical RAM or swap space
#   The process is running with CompressedOops enabled, and the Java Heap may be blocking the growth of the native heap
# Possible solutions:
#   Reduce memory load on the system
#   Increase physical memory or swap space
#   Check if swap backing store is full
#   Decrease Java heap size (-Xmx/-Xms)
#   Decrease number of Java threads
#   Decrease Java thread stack sizes (-Xss)
#   Set larger code cache with -XX:ReservedCodeCacheSize=
#   JVM is running with Unscaled Compressed Oops mode in which the Java heap is
#     placed in the first 4GB address space. The Java Heap base address is the
#     maximum limit for the native heap growth. Please use -XX:HeapBaseMinAddress
#     to set the Java Heap base and to place the Java Heap above 4GB virtual address.
# This output file may be truncated or incomplete.
#
#  Out of Memory Error (./src/hotspot/share/memory/arena.cpp:197), pid=18616, tid=18336
#
# JRE version: OpenJDK Runtime Environment (11.0.11+9) (build 11.0.11+9-b60-7590822)
# Java VM: OpenJDK 64-Bit Server VM (11.0.11+9-b60-7590822, mixed mode, tiered, compressed oops, g1 gc, windows-amd64)
# No core dump will be written. Minidumps are not enabled by default on client versions of Windows
#

---------------  S U M M A R Y ------------

Command Line: -XX:MaxMetaspaceSize=256m -XX:+HeapDumpOnOutOfMemoryError --add-opens=java.base/java.util=ALL-UNNAMED --add-opens=java.base/java.lang=ALL-UNNAMED --add-opens=java.base/java.lang.invoke=ALL-UNNAMED --add-opens=java.base/java.util=ALL-UNNAMED --add-opens=java.prefs/java.util.prefs=ALL-UNNAMED --add-opens=java.prefs/java.util.prefs=ALL-UNNAMED --add-opens=java.base/java.nio.charset=ALL-UNNAMED --add-opens=java.base/java.net=ALL-UNNAMED --add-opens=java.base/java.util.concurrent.atomic=ALL-UNNAMED -Xms256m -Xmx512m -Dfile.encoding=windows-1252 -Duser.country=IT -Duser.language=it -Duser.variant org.gradle.launcher.daemon.bootstrap.GradleDaemon 7.3

Host: Intel(R) Core(TM) i5-8400 CPU @ 2.80GHz, 6 cores, 15G,  Windows 10 , 64 bit Build 19041 (10.0.19041.1503)
Time: Tue Mar  8 11:16:09 2022 ora solare Europa occidentale elapsed time: 13.140026 seconds (0d 0h 0m 13s)

---------------  T H R E A D  ---------------

Current thread (0x000001561ade1000):  JavaThread "C2 CompilerThread0" daemon [_thread_in_native, id=18336, stack(0x000000300fe00000,0x000000300ff00000)]


Current CompileTask:
C2:  13140 11720       4       org.jetbrains.kotlin.resolve.calls.components.ClassicTypeSystemContextForCS::typeDepth (9 bytes)

Stack: [0x000000300fe00000,0x000000300ff00000]
Native frames: (J=compiled Java code, j=interpreted, Vv=VM code, C=native code)
V  [jvm.dll+0x5f214a]
V  [jvm.dll+0x726fb5]
V  [jvm.dll+0x7285cd]
V  [jvm.dll+0x728c83]
V  [jvm.dll+0x243278]
V  [jvm.dll+0xbc53c]
V  [jvm.dll+0xbca3c]
V  [jvm.dll+0x353e7d]
V  [jvm.dll+0x321893]
V  [jvm.dll+0x320d8a]
V  [jvm.dll+0x1fc1e2]
V  [jvm.dll+0x1fb3d4]
V  [jvm.dll+0x183d6c]
V  [jvm.dll+0x209a57]
V  [jvm.dll+0x2082a1]
V  [jvm.dll+0x6ef58f]
V  [jvm.dll+0x6e80b5]
V  [jvm.dll+0x5f1036]
C  [ucrtbase.dll+0x21bb2]
C  [KERNEL32.DLL+0x17034]
C  [ntdll.dll+0x52651]


---------------  P R O C E S S  ---------------

Threads class SMR info:
_java_thread_list=0x000001561f4c3dd0, length=39, elements={
0x000001560466f000, 0x000001561adb6000, 0x000001561adbb800, 0x000001561add9000,
0x000001561addb800, 0x000001561addf800, 0x000001561ade1000, 0x000001561b760800,
0x000001561b765000, 0x000001561b8d6000, 0x000001561d939000, 0x000001561b995800,
0x000001561ce94000, 0x000001561cc40000, 0x000001561cc5a000, 0x000001561def4800,
0x000001561d1f3800, 0x000001561e1b8800, 0x000001561e99b000, 0x000001561e447800,
0x000001561e448000, 0x000001561e449000, 0x000001561e446800, 0x000001561f18b800,
0x000001561f188800, 0x000001561f18c800, 0x000001561f189000, 0x000001561f190000,
0x000001561f18f000, 0x000001561f18d800, 0x000001561f18e000, 0x000001561f18a000,
0x000001561f190800, 0x000001561f18b000, 0x000001561f193000, 0x000001561f195800,
0x000001561f197000, 0x000001561f0e9000, 0x000001562280b000
}

Java Threads: ( => current thread )
  0x000001560466f000 JavaThread "main" [_thread_blocked, id=11128, stack(0x000000300f200000,0x000000300f300000)]
  0x000001561adb6000 JavaThread "Reference Handler" daemon [_thread_blocked, id=18708, stack(0x000000300f900000,0x000000300fa00000)]
  0x000001561adbb800 JavaThread "Finalizer" daemon [_thread_blocked, id=6744, stack(0x000000300fa00000,0x000000300fb00000)]
  0x000001561add9000 JavaThread "Signal Dispatcher" daemon [_thread_blocked, id=4084, stack(0x000000300fb00000,0x000000300fc00000)]
  0x000001561addb800 JavaThread "Attach Listener" daemon [_thread_blocked, id=15004, stack(0x000000300fc00000,0x000000300fd00000)]
  0x000001561addf800 JavaThread "Service Thread" daemon [_thread_blocked, id=11908, stack(0x000000300fd00000,0x000000300fe00000)]
=>0x000001561ade1000 JavaThread "C2 CompilerThread0" daemon [_thread_in_native, id=18336, stack(0x000000300fe00000,0x000000300ff00000)]
  0x000001561b760800 JavaThread "C1 CompilerThread0" daemon [_thread_in_native, id=6512, stack(0x000000300ff00000,0x0000003010000000)]
  0x000001561b765000 JavaThread "Sweeper thread" daemon [_thread_blocked, id=7248, stack(0x0000003010000000,0x0000003010100000)]
  0x000001561b8d6000 JavaThread "Common-Cleaner" daemon [_thread_blocked, id=19656, stack(0x0000003010100000,0x0000003010200000)]
  0x000001561d939000 JavaThread "Daemon health stats" [_thread_blocked, id=3276, stack(0x0000003010900000,0x0000003010a00000)]
  0x000001561b995800 JavaThread "Incoming local TCP Connector on port 53101" [_thread_in_native, id=10564, stack(0x0000003010300000,0x0000003010400000)]
  0x000001561ce94000 JavaThread "Daemon periodic checks" [_thread_blocked, id=12828, stack(0x0000003010a00000,0x0000003010b00000)]
  0x000001561cc40000 JavaThread "Daemon" [_thread_blocked, id=10604, stack(0x0000003010b00000,0x0000003010c00000)]
  0x000001561cc5a000 JavaThread "Handler for socket connection from /127.0.0.1:53101 to /127.0.0.1:53102" [_thread_in_native, id=6792, stack(0x0000003010c00000,0x0000003010d00000)]
  0x000001561def4800 JavaThread "Cancel handler" [_thread_blocked, id=16252, stack(0x0000003010e00000,0x0000003010f00000)]
  0x000001561d1f3800 JavaThread "Daemon worker" [_thread_in_Java, id=20408, stack(0x0000003010f00000,0x0000003011000000)]
  0x000001561e1b8800 JavaThread "Asynchronous log dispatcher for DefaultDaemonConnection: socket connection from /127.0.0.1:53101 to /127.0.0.1:53102" [_thread_blocked, id=17520, stack(0x0000003011000000,0x0000003011100000)]
  0x000001561e99b000 JavaThread "Stdin handler" [_thread_blocked, id=17236, stack(0x0000003011100000,0x0000003011200000)]
  0x000001561e447800 JavaThread "Daemon client event forwarder" [_thread_blocked, id=20436, stack(0x0000003011200000,0x0000003011300000)]
  0x000001561e448000 JavaThread "Cache worker for journal cache (C:\Users\Francesco\.gradle\caches\journal-1)" [_thread_blocked, id=18364, stack(0x0000003011300000,0x0000003011400000)]
  0x000001561e449000 JavaThread "File lock request listener" [_thread_in_native, id=12228, stack(0x0000003011400000,0x0000003011500000)]
  0x000001561e446800 JavaThread "Cache worker for file hash cache (C:\Users\Francesco\.gradle\caches\7.3\fileHashes)" [_thread_blocked, id=18484, stack(0x0000003011600000,0x0000003011700000)]
  0x000001561f18b800 JavaThread "Cache worker for file hash cache (C:\Users\Francesco\Exercism\kotlin\hello-world\.gradle\7.3\fileHashes)" [_thread_blocked, id=8184, stack(0x0000003011700000,0x0000003011800000)]
  0x000001561f188800 JavaThread "File watcher server" daemon [_thread_in_native, id=15196, stack(0x0000003011800000,0x0000003011900000)]
  0x000001561f18c800 JavaThread "File watcher consumer" daemon [_thread_blocked, id=6216, stack(0x0000003011900000,0x0000003011a00000)]
  0x000001561f189000 JavaThread "jar transforms" [_thread_blocked, id=21288, stack(0x0000003011a00000,0x0000003011b00000)]
  0x000001561f190000 JavaThread "jar transforms Thread 2" [_thread_blocked, id=14300, stack(0x0000003011b00000,0x0000003011c00000)]
  0x000001561f18f000 JavaThread "jar transforms Thread 3" [_thread_blocked, id=18460, stack(0x0000003011c00000,0x0000003011d00000)]
  0x000001561f18d800 JavaThread "jar transforms Thread 4" [_thread_blocked, id=8120, stack(0x0000003011d00000,0x0000003011e00000)]
  0x000001561f18e000 JavaThread "jar transforms Thread 5" [_thread_blocked, id=16340, stack(0x0000003011e00000,0x0000003011f00000)]
  0x000001561f18a000 JavaThread "jar transforms Thread 6" [_thread_blocked, id=17320, stack(0x0000003011f00000,0x0000003012000000)]
  0x000001561f190800 JavaThread "Cache worker for checksums cache (C:\Users\Francesco\Exercism\kotlin\hello-world\.gradle\7.3\checksums)" [_thread_blocked, id=19060, stack(0x0000003012000000,0x0000003012100000)]
  0x000001561f18b000 JavaThread "Cache worker for cache directory md-supplier (C:\Users\Francesco\.gradle\caches\7.3\md-supplier)" [_thread_blocked, id=15628, stack(0x0000003012100000,0x0000003012200000)]
  0x000001561f193000 JavaThread "Cache worker for cache directory md-rule (C:\Users\Francesco\.gradle\caches\7.3\md-rule)" [_thread_blocked, id=17316, stack(0x0000003012200000,0x0000003012300000)]
  0x000001561f195800 JavaThread "Cache worker for execution history cache (C:\Users\Francesco\.gradle\caches\7.3\executionHistory)" [_thread_blocked, id=12380, stack(0x0000003012300000,0x0000003012400000)]
  0x000001561f197000 JavaThread "Cache worker for file content cache (C:\Users\Francesco\.gradle\caches\7.3\fileContent)" [_thread_blocked, id=17876, stack(0x0000003012400000,0x0000003012500000)]
  0x000001561f0e9000 JavaThread "Cache worker for kotlin-dsl (C:\Users\Francesco\.gradle\caches\7.3\kotlin-dsl)" [_thread_blocked, id=2548, stack(0x0000003012500000,0x0000003012600000)]
  0x000001562280b000 JavaThread "C2 CompilerThread1" daemon [_thread_in_native, id=18488, stack(0x0000003010d00000,0x0000003010e00000)]

Other Threads:
  0x000001561ad94000 VMThread "VM Thread" [stack: 0x000000300f800000,0x000000300f900000] [id=19284]
  0x000001561b8e6000 WatcherThread [stack: 0x0000003010200000,0x0000003010300000] [id=11536]
  0x0000015604688000 GCTaskThread "GC Thread#0" [stack: 0x000000300f300000,0x000000300f400000] [id=19820]
  0x000001561c4e6800 GCTaskThread "GC Thread#1" [stack: 0x0000003010400000,0x0000003010500000] [id=3948]
  0x000001561c4e7000 GCTaskThread "GC Thread#2" [stack: 0x0000003010500000,0x0000003010600000] [id=13856]
  0x000001561c13f000 GCTaskThread "GC Thread#3" [stack: 0x0000003010600000,0x0000003010700000] [id=19492]
  0x000001561c140000 GCTaskThread "GC Thread#4" [stack: 0x0000003010700000,0x0000003010800000] [id=13268]
  0x000001561c0e7800 GCTaskThread "GC Thread#5" [stack: 0x0000003010800000,0x0000003010900000] [id=412]
  0x000001560469a800 ConcurrentGCThread "G1 Main Marker" [stack: 0x000000300f400000,0x000000300f500000] [id=16896]
  0x000001560469b800 ConcurrentGCThread "G1 Conc#0" [stack: 0x000000300f500000,0x000000300f600000] [id=20848]
  0x000001561da39800 ConcurrentGCThread "G1 Conc#1" [stack: 0x0000003011500000,0x0000003011600000] [id=3100]
  0x000001561ac34800 ConcurrentGCThread "G1 Refine#0" [stack: 0x000000300f600000,0x000000300f700000] [id=15532]
  0x0000015629b6e800 ConcurrentGCThread "G1 Refine#1" [stack: 0x0000003012600000,0x0000003012700000] [id=4608]
  0x000001562251c800 ConcurrentGCThread "G1 Refine#2" [stack: 0x0000003012700000,0x0000003012800000] [id=3064]
  0x000001561ec38000 ConcurrentGCThread "G1 Refine#3" [stack: 0x0000003012800000,0x0000003012900000] [id=16820]
  0x000001561ac35000 ConcurrentGCThread "G1 Young RemSet Sampling" [stack: 0x000000300f700000,0x000000300f800000] [id=19736]

Threads with active compile tasks:
C2 CompilerThread0  13157 11720       4       org.jetbrains.kotlin.resolve.calls.components.ClassicTypeSystemContextForCS::typeDepth (9 bytes)
C1 CompilerThread0  13157 11836       2       org.jetbrains.kotlin.resolve.calls.components.KotlinCallCompleter::checkSamWithVararg (201 bytes)
C2 CompilerThread1  13158 11721       4       org.jetbrains.kotlin.types.model.TypeSystemCommonSuperTypesContext$DefaultImpls::typeDepth (114 bytes)

VM state:not at safepoint (normal execution)

VM Mutex/Monitor currently owned by a thread: None

Heap address: 0x00000000e0000000, size: 512 MB, Compressed Oops mode: 32-bit
Narrow klass base: 0x0000000000000000, Narrow klass shift: 3
Compressed class space size: 260046848 Address: 0x0000000100000000

Heap:
 garbage-first heap   total 262144K, used 124257K [0x00000000e0000000, 0x0000000100000000)
  region size 1024K, 37 young (37888K), 16 survivors (16384K)
 Metaspace       used 89728K, capacity 91390K, committed 91596K, reserved 335872K
  class space    used 10778K, capacity 11383K, committed 11468K, reserved 253952K
Heap Regions: E=young(eden), S=young(survivor), O=old, HS=humongous(starts), HC=humongous(continues), CS=collection set, F=free, A=archive, TAMS=top-at-mark-start (previous, next)
|   0|0x00000000e0000000, 0x00000000e0100000, 0x00000000e0100000|100%| O|  |TAMS 0x00000000e0100000, 0x00000000e0000000| Untracked 
|   1|0x00000000e0100000, 0x00000000e0200000, 0x00000000e0200000|100%| O|  |TAMS 0x00000000e0200000, 0x00000000e0100000| Untracked 
|   2|0x00000000e0200000, 0x00000000e0300000, 0x00000000e0300000|100%| O|  |TAMS 0x00000000e0300000, 0x00000000e0200000| Untracked 
|   3|0x00000000e0300000, 0x00000000e0400000, 0x00000000e0400000|100%|HS|  |TAMS 0x00000000e0400000, 0x00000000e0300000| Complete 
|   4|0x00000000e0400000, 0x00000000e0500000, 0x00000000e0500000|100%|HC|  |TAMS 0x00000000e0500000, 0x00000000e0400000| Complete 
|   5|0x00000000e0500000, 0x00000000e0600000, 0x00000000e0600000|100%|HC|  |TAMS 0x00000000e0600000, 0x00000000e0500000| Complete 
|   6|0x00000000e0600000, 0x00000000e0700000, 0x00000000e0700000|100%| O|  |TAMS 0x00000000e0700000, 0x00000000e0600000| Untracked 
|   7|0x00000000e0700000, 0x00000000e0800000, 0x00000000e0800000|100%| O|  |TAMS 0x00000000e0800000, 0x00000000e0700000| Untracked 
|   8|0x00000000e0800000, 0x00000000e0900000, 0x00000000e0900000|100%| O|  |TAMS 0x00000000e0900000, 0x00000000e0800000| Untracked 
|   9|0x00000000e0900000, 0x00000000e0a00000, 0x00000000e0a00000|100%| O|  |TAMS 0x00000000e0a00000, 0x00000000e0900000| Untracked 
|  10|0x00000000e0a00000, 0x00000000e0b00000, 0x00000000e0b00000|100%| O|  |TAMS 0x00000000e0b00000, 0x00000000e0a00000| Untracked 
|  11|0x00000000e0b00000, 0x00000000e0c00000, 0x00000000e0c00000|100%| O|  |TAMS 0x00000000e0c00000, 0x00000000e0b00000| Untracked 
|  12|0x00000000e0c00000, 0x00000000e0d00000, 0x00000000e0d00000|100%| O|  |TAMS 0x00000000e0d00000, 0x00000000e0c00000| Untracked 
|  13|0x00000000e0d00000, 0x00000000e0e00000, 0x00000000e0e00000|100%| O|  |TAMS 0x00000000e0e00000, 0x00000000e0d00000| Untracked 
|  14|0x00000000e0e00000, 0x00000000e0f00000, 0x00000000e0f00000|100%| O|  |TAMS 0x00000000e0f00000, 0x00000000e0e00000| Untracked 
|  15|0x00000000e0f00000, 0x00000000e1000000, 0x00000000e1000000|100%| O|  |TAMS 0x00000000e1000000, 0x00000000e0f00000| Untracked 
|  16|0x00000000e1000000, 0x00000000e1100000, 0x00000000e1100000|100%|HS|  |TAMS 0x00000000e1100000, 0x00000000e1000000| Complete 
|  17|0x00000000e1100000, 0x00000000e1200000, 0x00000000e1200000|100%|HC|  |TAMS 0x00000000e1200000, 0x00000000e1100000| Complete 
|  18|0x00000000e1200000, 0x00000000e1300000, 0x00000000e1300000|100%|HS|  |TAMS 0x00000000e1300000, 0x00000000e1200000| Complete 
|  19|0x00000000e1300000, 0x00000000e1400000, 0x00000000e1400000|100%|HC|  |TAMS 0x00000000e1400000, 0x00000000e1300000| Complete 
|  20|0x00000000e1400000, 0x00000000e1500000, 0x00000000e1500000|100%|HC|  |TAMS 0x00000000e1500000, 0x00000000e1400000| Complete 
|  21|0x00000000e1500000, 0x00000000e1600000, 0x00000000e1600000|100%|HS|  |TAMS 0x00000000e1600000, 0x00000000e1500000| Complete 
|  22|0x00000000e1600000, 0x00000000e1700000, 0x00000000e1700000|100%|HC|  |TAMS 0x00000000e1700000, 0x00000000e1600000| Complete 
|  23|0x00000000e1700000, 0x00000000e1800000, 0x00000000e1800000|100%|HC|  |TAMS 0x00000000e1800000, 0x00000000e1700000| Complete 
|  24|0x00000000e1800000, 0x00000000e1900000, 0x00000000e1900000|100%|HC|  |TAMS 0x00000000e1900000, 0x00000000e1800000| Complete 
|  25|0x00000000e1900000, 0x00000000e1a00000, 0x00000000e1a00000|100%| O|  |TAMS 0x00000000e1a00000, 0x00000000e1900000| Untracked 
|  26|0x00000000e1a00000, 0x00000000e1b00000, 0x00000000e1b00000|100%| O|  |TAMS 0x00000000e1b00000, 0x00000000e1a00000| Untracked 
|  27|0x00000000e1b00000, 0x00000000e1c00000, 0x00000000e1c00000|100%| O|  |TAMS 0x00000000e1c00000, 0x00000000e1b00000| Untracked 
|  28|0x00000000e1c00000, 0x00000000e1d00000, 0x00000000e1d00000|100%|HS|  |TAMS 0x00000000e1d00000, 0x00000000e1c00000| Complete 
|  29|0x00000000e1d00000, 0x00000000e1e00000, 0x00000000e1e00000|100%|HC|  |TAMS 0x00000000e1e00000, 0x00000000e1d00000| Complete 
|  30|0x00000000e1e00000, 0x00000000e1f00000, 0x00000000e1f00000|100%|HC|  |TAMS 0x00000000e1f00000, 0x00000000e1e00000| Complete 
|  31|0x00000000e1f00000, 0x00000000e2000000, 0x00000000e2000000|100%| O|  |TAMS 0x00000000e2000000, 0x00000000e1f00000| Untracked 
|  32|0x00000000e2000000, 0x00000000e2100000, 0x00000000e2100000|100%| O|  |TAMS 0x00000000e2100000, 0x00000000e2000000| Untracked 
|  33|0x00000000e2100000, 0x00000000e2200000, 0x00000000e2200000|100%| O|  |TAMS 0x00000000e2200000, 0x00000000e2100000| Untracked 
|  34|0x00000000e2200000, 0x00000000e2300000, 0x00000000e2300000|100%| O|  |TAMS 0x00000000e2300000, 0x00000000e2200000| Untracked 
|  35|0x00000000e2300000, 0x00000000e2400000, 0x00000000e2400000|100%| O|  |TAMS 0x00000000e2400000, 0x00000000e2300000| Untracked 
|  36|0x00000000e2400000, 0x00000000e2500000, 0x00000000e2500000|100%| O|  |TAMS 0x00000000e2500000, 0x00000000e2400000| Untracked 
|  37|0x00000000e2500000, 0x00000000e2600000, 0x00000000e2600000|100%| O|  |TAMS 0x00000000e2600000, 0x00000000e2500000| Untracked 
|  38|0x00000000e2600000, 0x00000000e2700000, 0x00000000e2700000|100%| O|  |TAMS 0x00000000e2700000, 0x00000000e2600000| Untracked 
|  39|0x00000000e2700000, 0x00000000e2800000, 0x00000000e2800000|100%| O|  |TAMS 0x00000000e2800000, 0x00000000e2700000| Untracked 
|  40|0x00000000e2800000, 0x00000000e2900000, 0x00000000e2900000|100%| O|  |TAMS 0x00000000e2900000, 0x00000000e2800000| Untracked 
|  41|0x00000000e2900000, 0x00000000e2a00000, 0x00000000e2a00000|100%| O|  |TAMS 0x00000000e2a00000, 0x00000000e2900000| Untracked 
|  42|0x00000000e2a00000, 0x00000000e2b00000, 0x00000000e2b00000|100%| O|  |TAMS 0x00000000e2b00000, 0x00000000e2a00000| Untracked 
|  43|0x00000000e2b00000, 0x00000000e2c00000, 0x00000000e2c00000|100%| O|  |TAMS 0x00000000e2c00000, 0x00000000e2b00000| Untracked 
|  44|0x00000000e2c00000, 0x00000000e2d00000, 0x00000000e2d00000|100%| O|  |TAMS 0x00000000e2d00000, 0x00000000e2c00000| Untracked 
|  45|0x00000000e2d00000, 0x00000000e2e00000, 0x00000000e2e00000|100%| O|  |TAMS 0x00000000e2e00000, 0x00000000e2d00000| Untracked 
|  46|0x00000000e2e00000, 0x00000000e2f00000, 0x00000000e2f00000|100%| O|  |TAMS 0x00000000e2f00000, 0x00000000e2e00000| Untracked 
|  47|0x00000000e2f00000, 0x00000000e3000000, 0x00000000e3000000|100%| O|  |TAMS 0x00000000e3000000, 0x00000000e2f00000| Untracked 
|  48|0x00000000e3000000, 0x00000000e3100000, 0x00000000e3100000|100%| O|  |TAMS 0x00000000e30e5e00, 0x00000000e3000000| Untracked 
|  49|0x00000000e3100000, 0x00000000e3200000, 0x00000000e3200000|100%|HS|  |TAMS 0x00000000e3200000, 0x00000000e3100000| Complete 
|  50|0x00000000e3200000, 0x00000000e3300000, 0x00000000e3300000|100%|HC|  |TAMS 0x00000000e3300000, 0x00000000e3200000| Complete 
|  51|0x00000000e3300000, 0x00000000e3400000, 0x00000000e3400000|100%|HC|  |TAMS 0x00000000e3400000, 0x00000000e3300000| Complete 
|  52|0x00000000e3400000, 0x00000000e3500000, 0x00000000e3500000|100%|HS|  |TAMS 0x00000000e3500000, 0x00000000e3400000| Complete 
|  53|0x00000000e3500000, 0x00000000e3600000, 0x00000000e3600000|100%|HC|  |TAMS 0x00000000e3600000, 0x00000000e3500000| Complete 
|  54|0x00000000e3600000, 0x00000000e3700000, 0x00000000e3700000|100%|HC|  |TAMS 0x00000000e3700000, 0x00000000e3600000| Complete 
|  55|0x00000000e3700000, 0x00000000e3800000, 0x00000000e3800000|100%| O|  |TAMS 0x00000000e3700000, 0x00000000e3700000| Untracked 
|  56|0x00000000e3800000, 0x00000000e3900000, 0x00000000e3900000|100%| O|  |TAMS 0x00000000e3800000, 0x00000000e3800000| Untracked 
|  57|0x00000000e3900000, 0x00000000e3a00000, 0x00000000e3a00000|100%| O|  |TAMS 0x00000000e3900000, 0x00000000e3900000| Untracked 
|  58|0x00000000e3a00000, 0x00000000e3b00000, 0x00000000e3b00000|100%| O|  |TAMS 0x00000000e3a00000, 0x00000000e3a00000| Untracked 
|  59|0x00000000e3b00000, 0x00000000e3c00000, 0x00000000e3c00000|100%| O|  |TAMS 0x00000000e3b00000, 0x00000000e3b00000| Untracked 
|  60|0x00000000e3c00000, 0x00000000e3d00000, 0x00000000e3d00000|100%| O|  |TAMS 0x00000000e3c00000, 0x00000000e3c00000| Untracked 
|  61|0x00000000e3d00000, 0x00000000e3e00000, 0x00000000e3e00000|100%| O|  |TAMS 0x00000000e3d00000, 0x00000000e3d00000| Untracked 
|  62|0x00000000e3e00000, 0x00000000e3f00000, 0x00000000e3f00000|100%| O|  |TAMS 0x00000000e3e00000, 0x00000000e3e00000| Untracked 
|  63|0x00000000e3f00000, 0x00000000e4000000, 0x00000000e4000000|100%| O|  |TAMS 0x00000000e3f00000, 0x00000000e3f00000| Untracked 
|  64|0x00000000e4000000, 0x00000000e4100000, 0x00000000e4100000|100%| O|  |TAMS 0x00000000e4000000, 0x00000000e4000000| Untracked 
|  65|0x00000000e4100000, 0x00000000e4200000, 0x00000000e4200000|100%| O|  |TAMS 0x00000000e4100000, 0x00000000e4100000| Untracked 
|  66|0x00000000e4200000, 0x00000000e4300000, 0x00000000e4300000|100%| O|  |TAMS 0x00000000e4200000, 0x00000000e4200000| Untracked 
|  67|0x00000000e4300000, 0x00000000e4400000, 0x00000000e4400000|100%| O|  |TAMS 0x00000000e4300000, 0x00000000e4300000| Untracked 
|  68|0x00000000e4400000, 0x00000000e4500000, 0x00000000e4500000|100%| O|  |TAMS 0x00000000e4400000, 0x00000000e4400000| Untracked 
|  69|0x00000000e4500000, 0x00000000e4600000, 0x00000000e4600000|100%| O|  |TAMS 0x00000000e4500000, 0x00000000e4500000| Untracked 
|  70|0x00000000e4600000, 0x00000000e4700000, 0x00000000e4700000|100%| O|  |TAMS 0x00000000e4600000, 0x00000000e4600000| Untracked 
|  71|0x00000000e4700000, 0x00000000e4800000, 0x00000000e4800000|100%| O|  |TAMS 0x00000000e4700000, 0x00000000e4700000| Untracked 
|  72|0x00000000e4800000, 0x00000000e4900000, 0x00000000e4900000|100%| O|  |TAMS 0x00000000e4800000, 0x00000000e4800000| Untracked 
|  73|0x00000000e4900000, 0x00000000e4a00000, 0x00000000e4a00000|100%| O|  |TAMS 0x00000000e4900000, 0x00000000e4900000| Untracked 
|  74|0x00000000e4a00000, 0x00000000e4b00000, 0x00000000e4b00000|100%| O|  |TAMS 0x00000000e4a00000, 0x00000000e4a00000| Untracked 
|  75|0x00000000e4b00000, 0x00000000e4c00000, 0x00000000e4c00000|100%| O|  |TAMS 0x00000000e4b00000, 0x00000000e4b00000| Untracked 
|  76|0x00000000e4c00000, 0x00000000e4d00000, 0x00000000e4d00000|100%| O|  |TAMS 0x00000000e4c00000, 0x00000000e4c00000| Untracked 
|  77|0x00000000e4d00000, 0x00000000e4e00000, 0x00000000e4e00000|100%| O|  |TAMS 0x00000000e4d00000, 0x00000000e4d00000| Untracked 
|  78|0x00000000e4e00000, 0x00000000e4f00000, 0x00000000e4f00000|100%| O|  |TAMS 0x00000000e4e00000, 0x00000000e4e00000| Untracked 
|  79|0x00000000e4f00000, 0x00000000e5000000, 0x00000000e5000000|100%|HS|  |TAMS 0x00000000e4f00000, 0x00000000e4f00000| Complete 
|  80|0x00000000e5000000, 0x00000000e5100000, 0x00000000e5100000|100%|HC|  |TAMS 0x00000000e5000000, 0x00000000e5000000| Complete 
|  81|0x00000000e5100000, 0x00000000e5200000, 0x00000000e5200000|100%| O|  |TAMS 0x00000000e5100000, 0x00000000e5100000| Untracked 
|  82|0x00000000e5200000, 0x00000000e5300000, 0x00000000e5300000|100%| O|  |TAMS 0x00000000e5200000, 0x00000000e5200000| Untracked 
|  83|0x00000000e5300000, 0x00000000e5400000, 0x00000000e5400000|100%| O|  |TAMS 0x00000000e5300000, 0x00000000e5300000| Untracked 
|  84|0x00000000e5400000, 0x00000000e5500000, 0x00000000e5500000|100%| O|  |TAMS 0x00000000e5400000, 0x00000000e5400000| Untracked 
|  85|0x00000000e5500000, 0x00000000e5600000, 0x00000000e5600000|100%| O|  |TAMS 0x00000000e5500000, 0x00000000e5500000| Untracked 
|  86|0x00000000e5600000, 0x00000000e5600000, 0x00000000e5700000|  0%| F|  |TAMS 0x00000000e5600000, 0x00000000e5600000| Untracked 
|  87|0x00000000e5700000, 0x00000000e5700000, 0x00000000e5800000|  0%| F|  |TAMS 0x00000000e5700000, 0x00000000e5700000| Untracked 
|  88|0x00000000e5800000, 0x00000000e5800000, 0x00000000e5900000|  0%| F|  |TAMS 0x00000000e5800000, 0x00000000e5800000| Untracked 
|  89|0x00000000e5900000, 0x00000000e5900000, 0x00000000e5a00000|  0%| F|  |TAMS 0x00000000e5900000, 0x00000000e5900000| Untracked 
|  90|0x00000000e5a00000, 0x00000000e5a00000, 0x00000000e5b00000|  0%| F|  |TAMS 0x00000000e5a00000, 0x00000000e5a00000| Untracked 
|  91|0x00000000e5b00000, 0x00000000e5b00000, 0x00000000e5c00000|  0%| F|  |TAMS 0x00000000e5b00000, 0x00000000e5b00000| Untracked 
|  92|0x00000000e5c00000, 0x00000000e5c00000, 0x00000000e5d00000|  0%| F|  |TAMS 0x00000000e5c00000, 0x00000000e5c00000| Untracked 
|  93|0x00000000e5d00000, 0x00000000e5d00000, 0x00000000e5e00000|  0%| F|  |TAMS 0x00000000e5d00000, 0x00000000e5d00000| Untracked 
|  94|0x00000000e5e00000, 0x00000000e5e00000, 0x00000000e5f00000|  0%| F|  |TAMS 0x00000000e5e00000, 0x00000000e5e00000| Untracked 
|  95|0x00000000e5f00000, 0x00000000e5f00000, 0x00000000e6000000|  0%| F|  |TAMS 0x00000000e5f00000, 0x00000000e5f00000| Untracked 
|  96|0x00000000e6000000, 0x00000000e6000000, 0x00000000e6100000|  0%| F|  |TAMS 0x00000000e6000000, 0x00000000e6000000| Untracked 
|  97|0x00000000e6100000, 0x00000000e6100000, 0x00000000e6200000|  0%| F|  |TAMS 0x00000000e6100000, 0x00000000e6100000| Untracked 
|  98|0x00000000e6200000, 0x00000000e6200000, 0x00000000e6300000|  0%| F|  |TAMS 0x00000000e6200000, 0x00000000e6200000| Untracked 
|  99|0x00000000e6300000, 0x00000000e6300000, 0x00000000e6400000|  0%| F|  |TAMS 0x00000000e6300000, 0x00000000e6300000| Untracked 
| 100|0x00000000e6400000, 0x00000000e6400000, 0x00000000e6500000|  0%| F|  |TAMS 0x00000000e6400000, 0x00000000e6400000| Untracked 
| 101|0x00000000e6500000, 0x00000000e6500000, 0x00000000e6600000|  0%| F|  |TAMS 0x00000000e6500000, 0x00000000e6500000| Untracked 
| 102|0x00000000e6600000, 0x00000000e6600000, 0x00000000e6700000|  0%| F|  |TAMS 0x00000000e6600000, 0x00000000e6600000| Untracked 
| 103|0x00000000e6700000, 0x00000000e6700000, 0x00000000e6800000|  0%| F|  |TAMS 0x00000000e6700000, 0x00000000e6700000| Untracked 
| 104|0x00000000e6800000, 0x00000000e6800000, 0x00000000e6900000|  0%| F|  |TAMS 0x00000000e6800000, 0x00000000e6800000| Untracked 
| 105|0x00000000e6900000, 0x00000000e6900000, 0x00000000e6a00000|  0%| F|  |TAMS 0x00000000e6900000, 0x00000000e6900000| Untracked 
| 106|0x00000000e6a00000, 0x00000000e6a00000, 0x00000000e6b00000|  0%| F|  |TAMS 0x00000000e6a00000, 0x00000000e6a00000| Untracked 
| 107|0x00000000e6b00000, 0x00000000e6b00000, 0x00000000e6c00000|  0%| F|  |TAMS 0x00000000e6b00000, 0x00000000e6b00000| Untracked 
| 108|0x00000000e6c00000, 0x00000000e6c00000, 0x00000000e6d00000|  0%| F|  |TAMS 0x00000000e6c00000, 0x00000000e6c00000| Untracked 
| 109|0x00000000e6d00000, 0x00000000e6d00000, 0x00000000e6e00000|  0%| F|  |TAMS 0x00000000e6d00000, 0x00000000e6d00000| Untracked 
| 110|0x00000000e6e00000, 0x00000000e6e00000, 0x00000000e6f00000|  0%| F|  |TAMS 0x00000000e6e00000, 0x00000000e6e00000| Untracked 
| 111|0x00000000e6f00000, 0x00000000e6f00000, 0x00000000e7000000|  0%| F|  |TAMS 0x00000000e6f00000, 0x00000000e6f00000| Untracked 
| 112|0x00000000e7000000, 0x00000000e7000000, 0x00000000e7100000|  0%| F|  |TAMS 0x00000000e7000000, 0x00000000e7000000| Untracked 
| 113|0x00000000e7100000, 0x00000000e7100000, 0x00000000e7200000|  0%| F|  |TAMS 0x00000000e7100000, 0x00000000e7100000| Untracked 
| 114|0x00000000e7200000, 0x00000000e72585a8, 0x00000000e7300000| 34%| S|CS|TAMS 0x00000000e7200000, 0x00000000e7200000| Complete 
| 115|0x00000000e7300000, 0x00000000e7400000, 0x00000000e7400000|100%| S|CS|TAMS 0x00000000e7300000, 0x00000000e7300000| Complete 
| 116|0x00000000e7400000, 0x00000000e7500000, 0x00000000e7500000|100%| S|CS|TAMS 0x00000000e7400000, 0x00000000e7400000| Complete 
| 117|0x00000000e7500000, 0x00000000e7600000, 0x00000000e7600000|100%| S|CS|TAMS 0x00000000e7500000, 0x00000000e7500000| Complete 
| 118|0x00000000e7600000, 0x00000000e7700000, 0x00000000e7700000|100%| S|CS|TAMS 0x00000000e7600000, 0x00000000e7600000| Complete 
| 119|0x00000000e7700000, 0x00000000e7800000, 0x00000000e7800000|100%| S|CS|TAMS 0x00000000e7700000, 0x00000000e7700000| Complete 
| 120|0x00000000e7800000, 0x00000000e7900000, 0x00000000e7900000|100%| S|CS|TAMS 0x00000000e7800000, 0x00000000e7800000| Complete 
| 121|0x00000000e7900000, 0x00000000e7900000, 0x00000000e7a00000|  0%| F|  |TAMS 0x00000000e7900000, 0x00000000e7900000| Untracked 
| 122|0x00000000e7a00000, 0x00000000e7a00000, 0x00000000e7b00000|  0%| F|  |TAMS 0x00000000e7a00000, 0x00000000e7a00000| Untracked 
| 123|0x00000000e7b00000, 0x00000000e7b00000, 0x00000000e7c00000|  0%| F|  |TAMS 0x00000000e7b00000, 0x00000000e7b00000| Untracked 
| 124|0x00000000e7c00000, 0x00000000e7c00000, 0x00000000e7d00000|  0%| F|  |TAMS 0x00000000e7c00000, 0x00000000e7c00000| Untracked 
| 125|0x00000000e7d00000, 0x00000000e7d00000, 0x00000000e7e00000|  0%| F|  |TAMS 0x00000000e7d00000, 0x00000000e7d00000| Untracked 
| 126|0x00000000e7e00000, 0x00000000e7e00000, 0x00000000e7f00000|  0%| F|  |TAMS 0x00000000e7e00000, 0x00000000e7e00000| Untracked 
| 127|0x00000000e7f00000, 0x00000000e7f00000, 0x00000000e8000000|  0%| F|  |TAMS 0x00000000e7f00000, 0x00000000e7f00000| Untracked 
| 128|0x00000000e8000000, 0x00000000e8000000, 0x00000000e8100000|  0%| F|  |TAMS 0x00000000e8000000, 0x00000000e8000000| Untracked 
| 129|0x00000000e8100000, 0x00000000e8100000, 0x00000000e8200000|  0%| F|  |TAMS 0x00000000e8100000, 0x00000000e8100000| Untracked 
| 130|0x00000000e8200000, 0x00000000e8200000, 0x00000000e8300000|  0%| F|  |TAMS 0x00000000e8200000, 0x00000000e8200000| Untracked 
| 131|0x00000000e8300000, 0x00000000e8400000, 0x00000000e8400000|100%| S|CS|TAMS 0x00000000e8300000, 0x00000000e8300000| Complete 
| 132|0x00000000e8400000, 0x00000000e8500000, 0x00000000e8500000|100%| S|CS|TAMS 0x00000000e8400000, 0x00000000e8400000| Complete 
| 133|0x00000000e8500000, 0x00000000e8600000, 0x00000000e8600000|100%| S|CS|TAMS 0x00000000e8500000, 0x00000000e8500000| Complete 
| 134|0x00000000e8600000, 0x00000000e8700000, 0x00000000e8700000|100%| S|CS|TAMS 0x00000000e8600000, 0x00000000e8600000| Complete 
| 135|0x00000000e8700000, 0x00000000e8800000, 0x00000000e8800000|100%| S|CS|TAMS 0x00000000e8700000, 0x00000000e8700000| Complete 
| 136|0x00000000e8800000, 0x00000000e8900000, 0x00000000e8900000|100%| S|CS|TAMS 0x00000000e8800000, 0x00000000e8800000| Complete 
| 137|0x00000000e8900000, 0x00000000e8a00000, 0x00000000e8a00000|100%| S|CS|TAMS 0x00000000e8900000, 0x00000000e8900000| Complete 
| 138|0x00000000e8a00000, 0x00000000e8a00000, 0x00000000e8b00000|  0%| F|  |TAMS 0x00000000e8a00000, 0x00000000e8a00000| Untracked 
| 139|0x00000000e8b00000, 0x00000000e8b00000, 0x00000000e8c00000|  0%| F|  |TAMS 0x00000000e8b00000, 0x00000000e8b00000| Untracked 
| 140|0x00000000e8c00000, 0x00000000e8d00000, 0x00000000e8d00000|100%| S|CS|TAMS 0x00000000e8c00000, 0x00000000e8c00000| Complete 
| 141|0x00000000e8d00000, 0x00000000e8e00000, 0x00000000e8e00000|100%| S|CS|TAMS 0x00000000e8d00000, 0x00000000e8d00000| Complete 
| 142|0x00000000e8e00000, 0x00000000e8e00000, 0x00000000e8f00000|  0%| F|  |TAMS 0x00000000e8e00000, 0x00000000e8e00000| Untracked 
| 143|0x00000000e8f00000, 0x00000000e8f00000, 0x00000000e9000000|  0%| F|  |TAMS 0x00000000e8f00000, 0x00000000e8f00000| Untracked 
| 144|0x00000000e9000000, 0x00000000e9000000, 0x00000000e9100000|  0%| F|  |TAMS 0x00000000e9000000, 0x00000000e9000000| Untracked 
| 145|0x00000000e9100000, 0x00000000e9100000, 0x00000000e9200000|  0%| F|  |TAMS 0x00000000e9100000, 0x00000000e9100000| Untracked 
| 146|0x00000000e9200000, 0x00000000e9200000, 0x00000000e9300000|  0%| F|  |TAMS 0x00000000e9200000, 0x00000000e9200000| Untracked 
| 147|0x00000000e9300000, 0x00000000e9300000, 0x00000000e9400000|  0%| F|  |TAMS 0x00000000e9300000, 0x00000000e9300000| Untracked 
| 148|0x00000000e9400000, 0x00000000e9400000, 0x00000000e9500000|  0%| F|  |TAMS 0x00000000e9400000, 0x00000000e9400000| Untracked 
| 149|0x00000000e9500000, 0x00000000e9500000, 0x00000000e9600000|  0%| F|  |TAMS 0x00000000e9500000, 0x00000000e9500000| Untracked 
| 150|0x00000000e9600000, 0x00000000e9600000, 0x00000000e9700000|  0%| F|  |TAMS 0x00000000e9600000, 0x00000000e9600000| Untracked 
| 151|0x00000000e9700000, 0x00000000e9700000, 0x00000000e9800000|  0%| F|  |TAMS 0x00000000e9700000, 0x00000000e9700000| Untracked 
| 152|0x00000000e9800000, 0x00000000e9800000, 0x00000000e9900000|  0%| F|  |TAMS 0x00000000e9800000, 0x00000000e9800000| Untracked 
| 153|0x00000000e9900000, 0x00000000e9900000, 0x00000000e9a00000|  0%| F|  |TAMS 0x00000000e9900000, 0x00000000e9900000| Untracked 
| 154|0x00000000e9a00000, 0x00000000e9a00000, 0x00000000e9b00000|  0%| F|  |TAMS 0x00000000e9a00000, 0x00000000e9a00000| Untracked 
| 155|0x00000000e9b00000, 0x00000000e9b00000, 0x00000000e9c00000|  0%| F|  |TAMS 0x00000000e9b00000, 0x00000000e9b00000| Untracked 
| 156|0x00000000e9c00000, 0x00000000e9c00000, 0x00000000e9d00000|  0%| F|  |TAMS 0x00000000e9c00000, 0x00000000e9c00000| Untracked 
| 157|0x00000000e9d00000, 0x00000000e9d00000, 0x00000000e9e00000|  0%| F|  |TAMS 0x00000000e9d00000, 0x00000000e9d00000| Untracked 
| 158|0x00000000e9e00000, 0x00000000e9e00000, 0x00000000e9f00000|  0%| F|  |TAMS 0x00000000e9e00000, 0x00000000e9e00000| Untracked 
| 159|0x00000000e9f00000, 0x00000000e9f00000, 0x00000000ea000000|  0%| F|  |TAMS 0x00000000e9f00000, 0x00000000e9f00000| Untracked 
| 160|0x00000000ea000000, 0x00000000ea000000, 0x00000000ea100000|  0%| F|  |TAMS 0x00000000ea000000, 0x00000000ea000000| Untracked 
| 161|0x00000000ea100000, 0x00000000ea100000, 0x00000000ea200000|  0%| F|  |TAMS 0x00000000ea100000, 0x00000000ea100000| Untracked 
| 162|0x00000000ea200000, 0x00000000ea200000, 0x00000000ea300000|  0%| F|  |TAMS 0x00000000ea200000, 0x00000000ea200000| Untracked 
| 163|0x00000000ea300000, 0x00000000ea300000, 0x00000000ea400000|  0%| F|  |TAMS 0x00000000ea300000, 0x00000000ea300000| Untracked 
| 164|0x00000000ea400000, 0x00000000ea400000, 0x00000000ea500000|  0%| F|  |TAMS 0x00000000ea400000, 0x00000000ea400000| Untracked 
| 165|0x00000000ea500000, 0x00000000ea500000, 0x00000000ea600000|  0%| F|  |TAMS 0x00000000ea500000, 0x00000000ea500000| Untracked 
| 166|0x00000000ea600000, 0x00000000ea600000, 0x00000000ea700000|  0%| F|  |TAMS 0x00000000ea600000, 0x00000000ea600000| Untracked 
| 167|0x00000000ea700000, 0x00000000ea700000, 0x00000000ea800000|  0%| F|  |TAMS 0x00000000ea700000, 0x00000000ea700000| Untracked 
| 168|0x00000000ea800000, 0x00000000ea800000, 0x00000000ea900000|  0%| F|  |TAMS 0x00000000ea800000, 0x00000000ea800000| Untracked 
| 169|0x00000000ea900000, 0x00000000ea900000, 0x00000000eaa00000|  0%| F|  |TAMS 0x00000000ea900000, 0x00000000ea900000| Untracked 
| 170|0x00000000eaa00000, 0x00000000eaa00000, 0x00000000eab00000|  0%| F|  |TAMS 0x00000000eaa00000, 0x00000000eaa00000| Untracked 
| 171|0x00000000eab00000, 0x00000000eab00000, 0x00000000eac00000|  0%| F|  |TAMS 0x00000000eab00000, 0x00000000eab00000| Untracked 
| 172|0x00000000eac00000, 0x00000000eac00000, 0x00000000ead00000|  0%| F|  |TAMS 0x00000000eac00000, 0x00000000eac00000| Untracked 
| 173|0x00000000ead00000, 0x00000000ead00000, 0x00000000eae00000|  0%| F|  |TAMS 0x00000000ead00000, 0x00000000ead00000| Untracked 
| 174|0x00000000eae00000, 0x00000000eae00000, 0x00000000eaf00000|  0%| F|  |TAMS 0x00000000eae00000, 0x00000000eae00000| Untracked 
| 175|0x00000000eaf00000, 0x00000000eaf00000, 0x00000000eb000000|  0%| F|  |TAMS 0x00000000eaf00000, 0x00000000eaf00000| Untracked 
| 176|0x00000000eb000000, 0x00000000eb000000, 0x00000000eb100000|  0%| F|  |TAMS 0x00000000eb000000, 0x00000000eb000000| Untracked 
| 177|0x00000000eb100000, 0x00000000eb100000, 0x00000000eb200000|  0%| F|  |TAMS 0x00000000eb100000, 0x00000000eb100000| Untracked 
| 178|0x00000000eb200000, 0x00000000eb200000, 0x00000000eb300000|  0%| F|  |TAMS 0x00000000eb200000, 0x00000000eb200000| Untracked 
| 179|0x00000000eb300000, 0x00000000eb300000, 0x00000000eb400000|  0%| F|  |TAMS 0x00000000eb300000, 0x00000000eb300000| Untracked 
| 180|0x00000000eb400000, 0x00000000eb400000, 0x00000000eb500000|  0%| F|  |TAMS 0x00000000eb400000, 0x00000000eb400000| Untracked 
| 181|0x00000000eb500000, 0x00000000eb500000, 0x00000000eb600000|  0%| F|  |TAMS 0x00000000eb500000, 0x00000000eb500000| Untracked 
| 182|0x00000000eb600000, 0x00000000eb600000, 0x00000000eb700000|  0%| F|  |TAMS 0x00000000eb600000, 0x00000000eb600000| Untracked 
| 183|0x00000000eb700000, 0x00000000eb700000, 0x00000000eb800000|  0%| F|  |TAMS 0x00000000eb700000, 0x00000000eb700000| Untracked 
| 184|0x00000000eb800000, 0x00000000eb800000, 0x00000000eb900000|  0%| F|  |TAMS 0x00000000eb800000, 0x00000000eb800000| Untracked 
| 185|0x00000000eb900000, 0x00000000eb900000, 0x00000000eba00000|  0%| F|  |TAMS 0x00000000eb900000, 0x00000000eb900000| Untracked 
| 186|0x00000000eba00000, 0x00000000eba00000, 0x00000000ebb00000|  0%| F|  |TAMS 0x00000000eba00000, 0x00000000eba00000| Untracked 
| 187|0x00000000ebb00000, 0x00000000ebb00000, 0x00000000ebc00000|  0%| F|  |TAMS 0x00000000ebb00000, 0x00000000ebb00000| Untracked 
| 188|0x00000000ebc00000, 0x00000000ebc00000, 0x00000000ebd00000|  0%| F|  |TAMS 0x00000000ebc00000, 0x00000000ebc00000| Untracked 
| 189|0x00000000ebd00000, 0x00000000ebd00000, 0x00000000ebe00000|  0%| F|  |TAMS 0x00000000ebd00000, 0x00000000ebd00000| Untracked 
| 190|0x00000000ebe00000, 0x00000000ebe00000, 0x00000000ebf00000|  0%| F|  |TAMS 0x00000000ebe00000, 0x00000000ebe00000| Untracked 
| 191|0x00000000ebf00000, 0x00000000ebf00000, 0x00000000ec000000|  0%| F|  |TAMS 0x00000000ebf00000, 0x00000000ebf00000| Untracked 
| 192|0x00000000ec000000, 0x00000000ec000000, 0x00000000ec100000|  0%| F|  |TAMS 0x00000000ec000000, 0x00000000ec000000| Untracked 
| 193|0x00000000ec100000, 0x00000000ec100000, 0x00000000ec200000|  0%| F|  |TAMS 0x00000000ec100000, 0x00000000ec100000| Untracked 
| 194|0x00000000ec200000, 0x00000000ec200000, 0x00000000ec300000|  0%| F|  |TAMS 0x00000000ec200000, 0x00000000ec200000| Untracked 
| 195|0x00000000ec300000, 0x00000000ec300000, 0x00000000ec400000|  0%| F|  |TAMS 0x00000000ec300000, 0x00000000ec300000| Untracked 
| 196|0x00000000ec400000, 0x00000000ec400000, 0x00000000ec500000|  0%| F|  |TAMS 0x00000000ec400000, 0x00000000ec400000| Untracked 
| 197|0x00000000ec500000, 0x00000000ec500000, 0x00000000ec600000|  0%| F|  |TAMS 0x00000000ec500000, 0x00000000ec500000| Untracked 
| 198|0x00000000ec600000, 0x00000000ec600000, 0x00000000ec700000|  0%| F|  |TAMS 0x00000000ec600000, 0x00000000ec600000| Untracked 
| 199|0x00000000ec700000, 0x00000000ec700000, 0x00000000ec800000|  0%| F|  |TAMS 0x00000000ec700000, 0x00000000ec700000| Untracked 
| 200|0x00000000ec800000, 0x00000000ec800000, 0x00000000ec900000|  0%| F|  |TAMS 0x00000000ec800000, 0x00000000ec800000| Untracked 
| 201|0x00000000ec900000, 0x00000000ec900000, 0x00000000eca00000|  0%| F|  |TAMS 0x00000000ec900000, 0x00000000ec900000| Untracked 
| 202|0x00000000eca00000, 0x00000000eca00000, 0x00000000ecb00000|  0%| F|  |TAMS 0x00000000eca00000, 0x00000000eca00000| Untracked 
| 203|0x00000000ecb00000, 0x00000000ecb00000, 0x00000000ecc00000|  0%| F|  |TAMS 0x00000000ecb00000, 0x00000000ecb00000| Untracked 
| 204|0x00000000ecc00000, 0x00000000ecc00000, 0x00000000ecd00000|  0%| F|  |TAMS 0x00000000ecc00000, 0x00000000ecc00000| Untracked 
| 205|0x00000000ecd00000, 0x00000000ecd00000, 0x00000000ece00000|  0%| F|  |TAMS 0x00000000ecd00000, 0x00000000ecd00000| Untracked 
| 206|0x00000000ece00000, 0x00000000ece00000, 0x00000000ecf00000|  0%| F|  |TAMS 0x00000000ece00000, 0x00000000ece00000| Untracked 
| 207|0x00000000ecf00000, 0x00000000ecf00000, 0x00000000ed000000|  0%| F|  |TAMS 0x00000000ecf00000, 0x00000000ecf00000| Untracked 
| 208|0x00000000ed000000, 0x00000000ed000000, 0x00000000ed100000|  0%| F|  |TAMS 0x00000000ed000000, 0x00000000ed000000| Untracked 
| 209|0x00000000ed100000, 0x00000000ed100000, 0x00000000ed200000|  0%| F|  |TAMS 0x00000000ed100000, 0x00000000ed100000| Untracked 
| 210|0x00000000ed200000, 0x00000000ed200000, 0x00000000ed300000|  0%| F|  |TAMS 0x00000000ed200000, 0x00000000ed200000| Untracked 
| 211|0x00000000ed300000, 0x00000000ed300000, 0x00000000ed400000|  0%| F|  |TAMS 0x00000000ed300000, 0x00000000ed300000| Untracked 
| 212|0x00000000ed400000, 0x00000000ed400000, 0x00000000ed500000|  0%| F|  |TAMS 0x00000000ed400000, 0x00000000ed400000| Untracked 
| 213|0x00000000ed500000, 0x00000000ed500000, 0x00000000ed600000|  0%| F|  |TAMS 0x00000000ed500000, 0x00000000ed500000| Untracked 
| 214|0x00000000ed600000, 0x00000000ed600000, 0x00000000ed700000|  0%| F|  |TAMS 0x00000000ed600000, 0x00000000ed600000| Untracked 
| 215|0x00000000ed700000, 0x00000000ed700000, 0x00000000ed800000|  0%| F|  |TAMS 0x00000000ed700000, 0x00000000ed700000| Untracked 
| 216|0x00000000ed800000, 0x00000000ed800000, 0x00000000ed900000|  0%| F|  |TAMS 0x00000000ed800000, 0x00000000ed800000| Untracked 
| 217|0x00000000ed900000, 0x00000000ed900000, 0x00000000eda00000|  0%| F|  |TAMS 0x00000000ed900000, 0x00000000ed900000| Untracked 
| 218|0x00000000eda00000, 0x00000000eda00000, 0x00000000edb00000|  0%| F|  |TAMS 0x00000000eda00000, 0x00000000eda00000| Untracked 
| 219|0x00000000edb00000, 0x00000000edb00000, 0x00000000edc00000|  0%| F|  |TAMS 0x00000000edb00000, 0x00000000edb00000| Untracked 
| 220|0x00000000edc00000, 0x00000000edc00000, 0x00000000edd00000|  0%| F|  |TAMS 0x00000000edc00000, 0x00000000edc00000| Untracked 
| 221|0x00000000edd00000, 0x00000000edd00000, 0x00000000ede00000|  0%| F|  |TAMS 0x00000000edd00000, 0x00000000edd00000| Untracked 
| 222|0x00000000ede00000, 0x00000000ede00000, 0x00000000edf00000|  0%| F|  |TAMS 0x00000000ede00000, 0x00000000ede00000| Untracked 
| 223|0x00000000edf00000, 0x00000000edf00000, 0x00000000ee000000|  0%| F|  |TAMS 0x00000000edf00000, 0x00000000edf00000| Untracked 
| 224|0x00000000ee000000, 0x00000000ee000000, 0x00000000ee100000|  0%| F|  |TAMS 0x00000000ee000000, 0x00000000ee000000| Untracked 
| 225|0x00000000ee100000, 0x00000000ee100000, 0x00000000ee200000|  0%| F|  |TAMS 0x00000000ee100000, 0x00000000ee100000| Untracked 
| 226|0x00000000ee200000, 0x00000000ee200000, 0x00000000ee300000|  0%| F|  |TAMS 0x00000000ee200000, 0x00000000ee200000| Untracked 
| 227|0x00000000ee300000, 0x00000000ee300000, 0x00000000ee400000|  0%| F|  |TAMS 0x00000000ee300000, 0x00000000ee300000| Untracked 
| 228|0x00000000ee400000, 0x00000000ee400000, 0x00000000ee500000|  0%| F|  |TAMS 0x00000000ee400000, 0x00000000ee400000| Untracked 
| 229|0x00000000ee500000, 0x00000000ee500000, 0x00000000ee600000|  0%| F|  |TAMS 0x00000000ee500000, 0x00000000ee500000| Untracked 
| 230|0x00000000ee600000, 0x00000000ee600000, 0x00000000ee700000|  0%| F|  |TAMS 0x00000000ee600000, 0x00000000ee600000| Untracked 
| 231|0x00000000ee700000, 0x00000000ee700000, 0x00000000ee800000|  0%| F|  |TAMS 0x00000000ee700000, 0x00000000ee700000| Untracked 
| 232|0x00000000ee800000, 0x00000000ee800000, 0x00000000ee900000|  0%| F|  |TAMS 0x00000000ee800000, 0x00000000ee800000| Untracked 
| 233|0x00000000ee900000, 0x00000000ee900000, 0x00000000eea00000|  0%| F|  |TAMS 0x00000000ee900000, 0x00000000ee900000| Untracked 
| 234|0x00000000eea00000, 0x00000000eea00000, 0x00000000eeb00000|  0%| F|  |TAMS 0x00000000eea00000, 0x00000000eea00000| Untracked 
| 235|0x00000000eeb00000, 0x00000000eec00000, 0x00000000eec00000|100%| E|  |TAMS 0x00000000eeb00000, 0x00000000eeb00000| Complete 
| 236|0x00000000eec00000, 0x00000000eed00000, 0x00000000eed00000|100%| E|CS|TAMS 0x00000000eec00000, 0x00000000eec00000| Complete 
| 237|0x00000000eed00000, 0x00000000eee00000, 0x00000000eee00000|100%| E|CS|TAMS 0x00000000eed00000, 0x00000000eed00000| Complete 
| 238|0x00000000eee00000, 0x00000000eef00000, 0x00000000eef00000|100%| E|CS|TAMS 0x00000000eee00000, 0x00000000eee00000| Complete 
| 239|0x00000000eef00000, 0x00000000ef000000, 0x00000000ef000000|100%| E|CS|TAMS 0x00000000eef00000, 0x00000000eef00000| Complete 
| 240|0x00000000ef000000, 0x00000000ef100000, 0x00000000ef100000|100%| E|CS|TAMS 0x00000000ef000000, 0x00000000ef000000| Complete 
| 241|0x00000000ef100000, 0x00000000ef200000, 0x00000000ef200000|100%| E|CS|TAMS 0x00000000ef100000, 0x00000000ef100000| Complete 
| 242|0x00000000ef200000, 0x00000000ef300000, 0x00000000ef300000|100%| E|CS|TAMS 0x00000000ef200000, 0x00000000ef200000| Complete 
| 243|0x00000000ef300000, 0x00000000ef400000, 0x00000000ef400000|100%| E|CS|TAMS 0x00000000ef300000, 0x00000000ef300000| Complete 
| 244|0x00000000ef400000, 0x00000000ef500000, 0x00000000ef500000|100%| E|CS|TAMS 0x00000000ef400000, 0x00000000ef400000| Complete 
| 245|0x00000000ef500000, 0x00000000ef600000, 0x00000000ef600000|100%| E|CS|TAMS 0x00000000ef500000, 0x00000000ef500000| Complete 
| 246|0x00000000ef600000, 0x00000000ef700000, 0x00000000ef700000|100%| E|CS|TAMS 0x00000000ef600000, 0x00000000ef600000| Complete 
| 247|0x00000000ef700000, 0x00000000ef800000, 0x00000000ef800000|100%| E|CS|TAMS 0x00000000ef700000, 0x00000000ef700000| Complete 
| 248|0x00000000ef800000, 0x00000000ef900000, 0x00000000ef900000|100%| E|CS|TAMS 0x00000000ef800000, 0x00000000ef800000| Complete 
| 249|0x00000000ef900000, 0x00000000efa00000, 0x00000000efa00000|100%| E|CS|TAMS 0x00000000ef900000, 0x00000000ef900000| Complete 
| 250|0x00000000efa00000, 0x00000000efb00000, 0x00000000efb00000|100%| E|CS|TAMS 0x00000000efa00000, 0x00000000efa00000| Complete 
| 251|0x00000000efb00000, 0x00000000efc00000, 0x00000000efc00000|100%| E|CS|TAMS 0x00000000efb00000, 0x00000000efb00000| Complete 
| 252|0x00000000efc00000, 0x00000000efd00000, 0x00000000efd00000|100%| E|CS|TAMS 0x00000000efc00000, 0x00000000efc00000| Complete 
| 253|0x00000000efd00000, 0x00000000efe00000, 0x00000000efe00000|100%| E|CS|TAMS 0x00000000efd00000, 0x00000000efd00000| Complete 
| 254|0x00000000efe00000, 0x00000000eff00000, 0x00000000eff00000|100%| E|CS|TAMS 0x00000000efe00000, 0x00000000efe00000| Complete 
| 255|0x00000000eff00000, 0x00000000f0000000, 0x00000000f0000000|100%| E|CS|TAMS 0x00000000eff00000, 0x00000000eff00000| Complete 

Card table byte_map: [0x0000015617380000,0x0000015617480000] _byte_map_base: 0x0000015616c80000

Marking Bits (Prev, Next): (CMBitMap*) 0x0000015604697dd0, (CMBitMap*) 0x0000015604697d98
 Prev Bits: [0x0000015617d80000, 0x0000015618580000)
 Next Bits: [0x0000015617580000, 0x0000015617d80000)

Polling page: 0x0000015603e50000

Metaspace:

Usage:
  Non-class:     78.13 MB capacity,    77.10 MB ( 99%) used,   861.58 KB (  1%) free+waste,   190.69 KB ( <1%) overhead. 
      Class:     11.12 MB capacity,    10.53 MB ( 95%) used,   516.84 KB (  5%) free+waste,    87.25 KB ( <1%) overhead. 
       Both:     89.25 MB capacity,    87.63 MB ( 98%) used,     1.35 MB (  2%) free+waste,   277.94 KB ( <1%) overhead. 

Virtual space:
  Non-class space:       80.00 MB reserved,      78.25 MB ( 98%) committed 
      Class space:      248.00 MB reserved,      11.20 MB (  5%) committed 
             Both:      328.00 MB reserved,      89.45 MB ( 27%) committed 

Chunk freelists:
   Non-Class:  57.00 KB
       Class:  9.00 KB
        Both:  66.00 KB

MaxMetaspaceSize: 256.00 MB
CompressedClassSpaceSize: 248.00 MB

CodeHeap 'non-profiled nmethods': size=120064Kb used=6989Kb max_used=6989Kb free=113074Kb
 bounds [0x000001560fc30000, 0x0000015610310000, 0x0000015617170000]
CodeHeap 'profiled nmethods': size=120000Kb used=29141Kb max_used=29141Kb free=90858Kb
 bounds [0x0000015608700000, 0x000001560a380000, 0x000001560fc30000]
CodeHeap 'non-nmethods': size=5696Kb used=2304Kb max_used=2369Kb free=3391Kb
 bounds [0x0000015608170000, 0x00000156083e0000, 0x0000015608700000]
 total_blobs=12677 nmethods=11764 adapters=823
 compilation: enabled
              stopped_count=0, restarted_count=0
 full_count=0

Compilation events (20 events):
Event: 13.131 Thread 0x000001561b760800 11802       2       org.jetbrains.kotlin.descriptors.impl.VariableDescriptorImpl::setOutType (37 bytes)
Event: 13.131 Thread 0x000001561b760800 nmethod 11802 0x000001560a34e610 code [0x000001560a34e7c0, 0x000001560a34e8f8]
Event: 13.131 Thread 0x000001561b760800 11803       2       org.jetbrains.kotlin.descriptors.impl.PropertyDescriptorImpl::initialize (22 bytes)
Event: 13.131 Thread 0x000001561b760800 nmethod 11803 0x000001560a34e990 code [0x000001560a34eb40, 0x000001560a34edb8]
Event: 13.131 Thread 0x000001561b760800 11804       2       org.jetbrains.kotlin.descriptors.impl.PropertyGetterDescriptorImpl::<init> (118 bytes)
Event: 13.131 Thread 0x000001561b760800 nmethod 11804 0x000001560a34ee90 code [0x000001560a34f100, 0x000001560a34f6e8]
Event: 13.131 Thread 0x000001561b760800 11805       2       org.jetbrains.kotlin.descriptors.impl.PropertyAccessorDescriptorImpl::<init> (112 bytes)
Event: 13.132 Thread 0x000001561b760800 nmethod 11805 0x000001560a34fa90 code [0x000001560a34fca0, 0x000001560a350118]
Event: 13.132 Thread 0x000001561b760800 11806       2       org.jetbrains.kotlin.descriptors.impl.PropertyGetterDescriptorImpl::initialize (22 bytes)
Event: 13.132 Thread 0x000001561b760800 nmethod 11806 0x000001560a350290 code [0x000001560a350460, 0x000001560a350638]
Event: 13.135 Thread 0x000001561b760800 11808       2       org.jetbrains.kotlin.load.java.descriptors.UtilKt::getImplClassNameForDeserialized (42 bytes)
Event: 13.135 Thread 0x000001561b760800 nmethod 11808 0x000001560a350710 code [0x000001560a350920, 0x000001560a350c48]
Event: 13.137 Thread 0x000001561b760800 11809       1       org.jetbrains.kotlin.load.kotlin.JvmPackagePartSource::getIncompatibility (5 bytes)
Event: 13.137 Thread 0x000001561b760800 nmethod 11809 0x0000015610302e10 code [0x0000015610302fc0, 0x0000015610303078]
Event: 13.137 Thread 0x000001561b760800 11810       1       org.jetbrains.kotlin.load.kotlin.JvmPackagePartSource::isPreReleaseInvisible (5 bytes)
Event: 13.137 Thread 0x000001561b760800 nmethod 11810 0x0000015610303110 code [0x00000156103032c0, 0x0000015610303378]
Event: 13.137 Thread 0x000001561b760800 11811       1       org.jetbrains.kotlin.load.kotlin.VirtualFileKotlinClass::getFile (5 bytes)
Event: 13.137 Thread 0x000001561b760800 nmethod 11811 0x0000015610303410 code [0x00000156103035c0, 0x0000015610303678]
Event: 13.138 Thread 0x000001561b760800 11813       2       org.jetbrains.kotlin.resolve.calls.inference.model.NewConstraintSystemImpl::typeSubstitutorByTypeConstructor (18 bytes)
Event: 13.139 Thread 0x000001561b760800 nmethod 11813 0x000001560a350e90 code [0x000001560a351080, 0x000001560a351348]

GC Heap History (20 events):
Event: 7.678 GC heap before
{Heap before GC invocations=28 (full 0):
 garbage-first heap   total 262144K, used 204308K [0x00000000e0000000, 0x0000000100000000)
  region size 1024K, 153 young (156672K), 6 survivors (6144K)
 Metaspace       used 49543K, capacity 50834K, committed 50944K, reserved 299008K
  class space    used 6189K, capacity 6655K, committed 6656K, reserved 253952K
}
Event: 7.680 GC heap after
{Heap after GC invocations=29 (full 0):
 garbage-first heap   total 262144K, used 53806K [0x00000000e0000000, 0x0000000100000000)
  region size 1024K, 6 young (6144K), 6 survivors (6144K)
 Metaspace       used 49543K, capacity 50834K, committed 50944K, reserved 299008K
  class space    used 6189K, capacity 6655K, committed 6656K, reserved 253952K
}
Event: 7.868 GC heap before
{Heap before GC invocations=29 (full 0):
 garbage-first heap   total 262144K, used 204334K [0x00000000e0000000, 0x0000000100000000)
  region size 1024K, 153 young (156672K), 6 survivors (6144K)
 Metaspace       used 49546K, capacity 50898K, committed 50944K, reserved 299008K
  class space    used 6189K, capacity 6655K, committed 6656K, reserved 253952K
}
Event: 7.870 GC heap after
{Heap after GC invocations=30 (full 0):
 garbage-first heap   total 262144K, used 54250K [0x00000000e0000000, 0x0000000100000000)
  region size 1024K, 6 young (6144K), 6 survivors (6144K)
 Metaspace       used 49546K, capacity 50898K, committed 50944K, reserved 299008K
  class space    used 6189K, capacity 6655K, committed 6656K, reserved 253952K
}
Event: 8.054 GC heap before
{Heap before GC invocations=30 (full 0):
 garbage-first heap   total 262144K, used 204778K [0x00000000e0000000, 0x0000000100000000)
  region size 1024K, 153 young (156672K), 6 survivors (6144K)
 Metaspace       used 49546K, capacity 50898K, committed 50944K, reserved 299008K
  class space    used 6189K, capacity 6655K, committed 6656K, reserved 253952K
}
Event: 8.055 GC heap after
{Heap after GC invocations=31 (full 0):
 garbage-first heap   total 262144K, used 54143K [0x00000000e0000000, 0x0000000100000000)
  region size 1024K, 6 young (6144K), 6 survivors (6144K)
 Metaspace       used 49546K, capacity 50898K, committed 50944K, reserved 299008K
  class space    used 6189K, capacity 6655K, committed 6656K, reserved 253952K
}
Event: 8.235 GC heap before
{Heap before GC invocations=31 (full 0):
 garbage-first heap   total 262144K, used 204671K [0x00000000e0000000, 0x0000000100000000)
  region size 1024K, 153 young (156672K), 6 survivors (6144K)
 Metaspace       used 49546K, capacity 50898K, committed 50944K, reserved 299008K
  class space    used 6189K, capacity 6655K, committed 6656K, reserved 253952K
}
Event: 8.237 GC heap after
{Heap after GC invocations=32 (full 0):
 garbage-first heap   total 262144K, used 54583K [0x00000000e0000000, 0x0000000100000000)
  region size 1024K, 6 young (6144K), 6 survivors (6144K)
 Metaspace       used 49546K, capacity 50898K, committed 50944K, reserved 299008K
  class space    used 6189K, capacity 6655K, committed 6656K, reserved 253952K
}
Event: 8.685 GC heap before
{Heap before GC invocations=32 (full 0):
 garbage-first heap   total 262144K, used 205111K [0x00000000e0000000, 0x0000000100000000)
  region size 1024K, 153 young (156672K), 6 survivors (6144K)
 Metaspace       used 53981K, capacity 55303K, committed 55680K, reserved 303104K
  class space    used 6711K, capacity 7169K, committed 7296K, reserved 253952K
}
Event: 8.689 GC heap after
{Heap after GC invocations=33 (full 0):
 garbage-first heap   total 262144K, used 56529K [0x00000000e0000000, 0x0000000100000000)
  region size 1024K, 7 young (7168K), 7 survivors (7168K)
 Metaspace       used 53981K, capacity 55303K, committed 55680K, reserved 303104K
  class space    used 6711K, capacity 7169K, committed 7296K, reserved 253952K
}
Event: 9.052 GC heap before
{Heap before GC invocations=33 (full 0):
 garbage-first heap   total 262144K, used 108753K [0x00000000e0000000, 0x0000000100000000)
  region size 1024K, 53 young (54272K), 7 survivors (7168K)
 Metaspace       used 58650K, capacity 60038K, committed 60160K, reserved 307200K
  class space    used 7344K, capacity 7843K, committed 7936K, reserved 253952K
}
Event: 9.057 GC heap after
{Heap after GC invocations=34 (full 0):
 garbage-first heap   total 262144K, used 63780K [0x00000000e0000000, 0x0000000100000000)
  region size 1024K, 8 young (8192K), 8 survivors (8192K)
 Metaspace       used 58650K, capacity 60038K, committed 60160K, reserved 307200K
  class space    used 7344K, capacity 7843K, committed 7936K, reserved 253952K
}
Event: 9.928 GC heap before
{Heap before GC invocations=35 (full 0):
 garbage-first heap   total 262144K, used 202020K [0x00000000e0000000, 0x0000000100000000)
  region size 1024K, 143 young (146432K), 8 survivors (8192K)
 Metaspace       used 65936K, capacity 67467K, committed 67788K, reserved 313344K
  class space    used 8515K, capacity 9051K, committed 9164K, reserved 253952K
}
Event: 9.943 GC heap after
{Heap after GC invocations=36 (full 0):
 garbage-first heap   total 262144K, used 80022K [0x00000000e0000000, 0x0000000100000000)
  region size 1024K, 18 young (18432K), 18 survivors (18432K)
 Metaspace       used 65936K, capacity 67467K, committed 67788K, reserved 313344K
  class space    used 8515K, capacity 9051K, committed 9164K, reserved 253952K
}
Event: 10.709 GC heap before
{Heap before GC invocations=36 (full 0):
 garbage-first heap   total 262144K, used 200854K [0x00000000e0000000, 0x0000000100000000)
  region size 1024K, 136 young (139264K), 18 survivors (18432K)
 Metaspace       used 75723K, capacity 77316K, committed 77516K, reserved 321536K
  class space    used 9530K, capacity 10102K, committed 10188K, reserved 253952K
}
Event: 10.727 GC heap after
{Heap after GC invocations=37 (full 0):
 garbage-first heap   total 262144K, used 87572K [0x00000000e0000000, 0x0000000100000000)
  region size 1024K, 7 young (7168K), 7 survivors (7168K)
 Metaspace       used 75723K, capacity 77316K, committed 77516K, reserved 321536K
  class space    used 9530K, capacity 10102K, committed 10188K, reserved 253952K
}
Event: 11.547 GC heap before
{Heap before GC invocations=37 (full 0):
 garbage-first heap   total 262144K, used 207380K [0x00000000e0000000, 0x0000000100000000)
  region size 1024K, 123 young (125952K), 7 survivors (7168K)
 Metaspace       used 83321K, capacity 85008K, committed 85324K, reserved 329728K
  class space    used 10363K, capacity 10974K, committed 11084K, reserved 253952K
}
Event: 11.554 GC heap after
{Heap after GC invocations=38 (full 0):
 garbage-first heap   total 262144K, used 92706K [0x00000000e0000000, 0x0000000100000000)
  region size 1024K, 12 young (12288K), 12 survivors (12288K)
 Metaspace       used 83321K, capacity 85008K, committed 85324K, reserved 329728K
  class space    used 10363K, capacity 10974K, committed 11084K, reserved 253952K
}
Event: 12.857 GC heap before
{Heap before GC invocations=38 (full 0):
 garbage-first heap   total 262144K, used 211490K [0x00000000e0000000, 0x0000000100000000)
  region size 1024K, 126 young (129024K), 12 survivors (12288K)
 Metaspace       used 89223K, capacity 90872K, committed 91084K, reserved 333824K
  class space    used 10762K, capacity 11382K, committed 11468K, reserved 253952K
}
Event: 12.871 GC heap after
{Heap after GC invocations=39 (full 0):
 garbage-first heap   total 262144K, used 103777K [0x00000000e0000000, 0x0000000100000000)
  region size 1024K, 16 young (16384K), 16 survivors (16384K)
 Metaspace       used 89223K, capacity 90872K, committed 91084K, reserved 333824K
  class space    used 10762K, capacity 11382K, committed 11468K, reserved 253952K
}

Deoptimization events (20 events):
Event: 12.983 Thread 0x000001561d1f3800 Uncommon trap: trap_request=0xffffffde fr.pc=0x00000156102bba5c relative=0x000000000000003c
Event: 12.983 Thread 0x000001561d1f3800 Uncommon trap: reason=class_check action=maybe_recompile pc=0x00000156102bba5c method=org.jetbrains.kotlin.resolve.calls.tower.PSIKotlinCallsKt.getPsiKotlinCall(Lorg/jetbrains/kotlin/resolve/calls/model/KotlinCall;)Lorg/jetbrains/kotlin/resolve/calls/towe
Event: 12.983 Thread 0x000001561d1f3800 DEOPT PACKING pc=0x00000156102bba5c sp=0x0000003010ff5cc0
Event: 12.983 Thread 0x000001561d1f3800 DEOPT UNPACKING pc=0x000001560819662f sp=0x0000003010ff5c48 mode 2
Event: 13.056 Thread 0x000001561d1f3800 Uncommon trap: trap_request=0xffffffc6 fr.pc=0x00000156102da490 relative=0x00000000000058f0
Event: 13.056 Thread 0x000001561d1f3800 Uncommon trap: reason=bimorphic_or_optimized_type_check action=maybe_recompile pc=0x00000156102da490 method=org.jetbrains.kotlin.types.TypeSubstitutor.unsafeSubstitute(Lorg/jetbrains/kotlin/types/TypeProjection;Lorg/jetbrains/kotlin/descriptors/TypeParame
Event: 13.056 Thread 0x000001561d1f3800 DEOPT PACKING pc=0x00000156102da490 sp=0x0000003010ff4d50
Event: 13.056 Thread 0x000001561d1f3800 DEOPT UNPACKING pc=0x000001560819662f sp=0x0000003010ff4d50 mode 2
Event: 13.056 Thread 0x000001561d1f3800 Uncommon trap: trap_request=0xffffffc6 fr.pc=0x00000156102da490 relative=0x00000000000058f0
Event: 13.056 Thread 0x000001561d1f3800 Uncommon trap: reason=bimorphic_or_optimized_type_check action=maybe_recompile pc=0x00000156102da490 method=org.jetbrains.kotlin.types.TypeSubstitutor.unsafeSubstitute(Lorg/jetbrains/kotlin/types/TypeProjection;Lorg/jetbrains/kotlin/descriptors/TypeParame
Event: 13.056 Thread 0x000001561d1f3800 DEOPT PACKING pc=0x00000156102da490 sp=0x0000003010ff4d50
Event: 13.056 Thread 0x000001561d1f3800 DEOPT UNPACKING pc=0x000001560819662f sp=0x0000003010ff4d50 mode 2
Event: 13.064 Thread 0x000001561d1f3800 Uncommon trap: trap_request=0xffffffde fr.pc=0x00000156102bba5c relative=0x000000000000003c
Event: 13.065 Thread 0x000001561d1f3800 Uncommon trap: reason=class_check action=maybe_recompile pc=0x00000156102bba5c method=org.jetbrains.kotlin.resolve.calls.tower.PSIKotlinCallsKt.getPsiKotlinCall(Lorg/jetbrains/kotlin/resolve/calls/model/KotlinCall;)Lorg/jetbrains/kotlin/resolve/calls/towe
Event: 13.065 Thread 0x000001561d1f3800 DEOPT PACKING pc=0x00000156102bba5c sp=0x0000003010ff5af0
Event: 13.065 Thread 0x000001561d1f3800 DEOPT UNPACKING pc=0x000001560819662f sp=0x0000003010ff5a78 mode 2
Event: 13.065 Thread 0x000001561d1f3800 Uncommon trap: trap_request=0xffffffde fr.pc=0x00000156102bba5c relative=0x000000000000003c
Event: 13.065 Thread 0x000001561d1f3800 Uncommon trap: reason=class_check action=maybe_recompile pc=0x00000156102bba5c method=org.jetbrains.kotlin.resolve.calls.tower.PSIKotlinCallsKt.getPsiKotlinCall(Lorg/jetbrains/kotlin/resolve/calls/model/KotlinCall;)Lorg/jetbrains/kotlin/resolve/calls/towe
Event: 13.065 Thread 0x000001561d1f3800 DEOPT PACKING pc=0x00000156102bba5c sp=0x0000003010ff5ae0
Event: 13.065 Thread 0x000001561d1f3800 DEOPT UNPACKING pc=0x000001560819662f sp=0x0000003010ff5a68 mode 2

Classes redefined (0 events):
No events

Internal exceptions (20 events):
Event: 3.466 Thread 0x000001561d1f3800 Exception <a 'java/lang/NoSuchMethodError'{0x00000000e85283b0}: 'java.lang.Object java.lang.invoke.DirectMethodHandle$Holder.invokeStatic(java.lang.Object, java.lang.Object, java.lang.Object, java.lang.Object, java.lang.Object, java.lang.Object, java.lang.Object, java.lang.Object, java.lang.Object, java.lang.Object, java.lang.Object, java.lang.Object, java.lang.Object, java.lang.Object, java.lang.Object)'> (0x00000000e85283b0) thrown at [./src/hotspot/share/interpreter/linkResolver.cpp, line 773]
Event: 3.467 Thread 0x000001561d1f3800 Exception <a 'java/lang/NoSuchMethodError'{0x00000000e8538740}: 'java.lang.Object java.lang.invoke.DirectMethodHandle$Holder.invokeStatic(java.lang.Object, java.lang.Object, java.lang.Object, java.lang.Object, java.lang.Object, java.lang.Object, java.lang.Object, java.lang.Object, java.lang.Object, java.lang.Object, java.lang.Object, java.lang.Object, java.lang.Object, java.lang.Object, java.lang.Object, java.lang.Object)'> (0x00000000e8538740) thrown at [./src/hotspot/share/interpreter/linkResolver.cpp, l
Event: 3.467 Thread 0x000001561d1f3800 Exception <a 'java/lang/NoSuchMethodError'{0x00000000e85489e0}: 'java.lang.Object java.lang.invoke.DelegatingMethodHandle$Holder.reinvoke_L(java.lang.Object, java.lang.Object, java.lang.Object, java.lang.Object, java.lang.Object, java.lang.Object, java.lang.Object, java.lang.Object, java.lang.Object, java.lang.Object, java.lang.Object, java.lang.Object, java.lang.Object, java.lang.Object, java.lang.Object, java.lang.Object, java.lang.Object, java.lang.Object, java.lang.Object, java.lang.Object)'> (0x000000
Event: 6.182 Thread 0x000001561d1f3800 Implicit null exception at 0x000001560fd5d98b to 0x000001560fd5da64
Event: 6.208 Thread 0x000001561d1f3800 Implicit null exception at 0x000001560fdb3eac to 0x000001560fdb405a
Event: 8.556 Thread 0x000001561d1f3800 Exception <a 'java/lang/NoSuchMethodError'{0x00000000e83f9da0}: 'java.lang.Object java.lang.invoke.DirectMethodHandle$Holder.invokeStaticInit(java.lang.Object, int)'> (0x00000000e83f9da0) thrown at [./src/hotspot/share/interpreter/linkResolver.cpp, line 773]
Event: 8.582 Thread 0x000001561d1f3800 Exception <a 'java/lang/NoSuchMethodError'{0x00000000e7e42e28}: 'long java.lang.invoke.DirectMethodHandle$Holder.invokeStatic(java.lang.Object)'> (0x00000000e7e42e28) thrown at [./src/hotspot/share/interpreter/linkResolver.cpp, line 773]
Event: 8.582 Thread 0x000001561d1f3800 Exception <a 'java/lang/NoSuchMethodError'{0x00000000e7e46c70}: 'long java.lang.invoke.DirectMethodHandle$Holder.invokeStaticInit(java.lang.Object)'> (0x00000000e7e46c70) thrown at [./src/hotspot/share/interpreter/linkResolver.cpp, line 773]
Event: 8.750 Thread 0x000001561d1f3800 Exception <a 'java/lang/NoSuchMethodError'{0x00000000ef8cb2d0}: 'java.lang.Object java.lang.invoke.DirectMethodHandle$Holder.invokeSpecial(java.lang.Object, java.lang.Object, int, int, java.lang.Object, java.lang.Object, java.lang.Object)'> (0x00000000ef8cb2d0) thrown at [./src/hotspot/share/interpreter/linkResolver.cpp, line 773]
Event: 8.750 Thread 0x000001561d1f3800 Exception <a 'java/lang/NoSuchMethodError'{0x00000000ef8cfaf8}: 'java.lang.Object java.lang.invoke.DelegatingMethodHandle$Holder.reinvoke_L(java.lang.Object, int, int, java.lang.Object, java.lang.Object, java.lang.Object)'> (0x00000000ef8cfaf8) thrown at [./src/hotspot/share/interpreter/linkResolver.cpp, line 773]
Event: 8.750 Thread 0x000001561d1f3800 Exception <a 'java/lang/NoSuchMethodError'{0x00000000ef8d4d68}: 'java.lang.Object java.lang.invoke.DirectMethodHandle$Holder.invokeStatic(java.lang.Object, java.lang.Object, java.lang.Object, java.lang.Object, int)'> (0x00000000ef8d4d68) thrown at [./src/hotspot/share/interpreter/linkResolver.cpp, line 773]
Event: 8.897 Thread 0x000001561d1f3800 Exception <a 'java/lang/NoSuchMethodError'{0x00000000ee500000}: 'void java.lang.invoke.DirectMethodHandle$Holder.invokeInterface(java.lang.Object, java.lang.Object)'> (0x00000000ee500000) thrown at [./src/hotspot/share/interpreter/linkResolver.cpp, line 773]
Event: 8.983 Thread 0x000001561d1f3800 Exception <a 'java/lang/NoSuchMethodError'{0x00000000ed80fc68}: 'void java.lang.invoke.DirectMethodHandle$Holder.invokeVirtual(java.lang.Object, java.lang.Object)'> (0x00000000ed80fc68) thrown at [./src/hotspot/share/interpreter/linkResolver.cpp, line 773]
Event: 10.706 Thread 0x000001561d1f3800 Implicit null exception at 0x00000156100be371 to 0x00000156100be534
Event: 10.826 Thread 0x000001561d1f3800 Implicit null exception at 0x00000156100c5182 to 0x00000156100cb1e8
Event: 11.078 Thread 0x000001561d1f3800 Exception <a 'java/lang/NoSuchMethodError'{0x00000000eba0a328}: 'java.lang.Object java.lang.invoke.DirectMethodHandle$Holder.invokeSpecial(java.lang.Object, java.lang.Object, java.lang.Object, java.lang.Object, java.lang.Object, int)'> (0x00000000eba0a328) thrown at [./src/hotspot/share/interpreter/linkResolver.cpp, line 773]
Event: 11.078 Thread 0x000001561d1f3800 Exception <a 'java/lang/NoSuchMethodError'{0x00000000eba0f160}: 'java.lang.Object java.lang.invoke.Invokers$Holder.linkToTargetMethod(java.lang.Object, java.lang.Object, java.lang.Object, int, java.lang.Object)'> (0x00000000eba0f160) thrown at [./src/hotspot/share/interpreter/linkResolver.cpp, line 773]
Event: 12.196 Thread 0x000001561d1f3800 Implicit null exception at 0x000001561023089e to 0x0000015610230b90
Event: 12.284 Thread 0x000001561d1f3800 Exception <a 'java/lang/NoSuchMethodError'{0x00000000eb96fd60}: 'java.lang.Object java.lang.invoke.Invokers$Holder.linkToTargetMethod(java.lang.Object, java.lang.Object, java.lang.Object, int, int, java.lang.Object)'> (0x00000000eb96fd60) thrown at [./src/hotspot/share/interpreter/linkResolver.cpp, line 773]
Event: 12.796 Thread 0x000001561d1f3800 Implicit null exception at 0x00000156102ae53c to 0x00000156102b4084

Events (20 events):
Event: 12.992 loading class org/jetbrains/kotlin/types/TypeApproximatorConfiguration$SubtypeCapturedTypesApproximation
Event: 12.992 loading class org/jetbrains/kotlin/types/TypeApproximatorConfiguration$SubtypeCapturedTypesApproximation done
Event: 13.003 Executing VM operation: ICBufferFull
Event: 13.003 Executing VM operation: ICBufferFull done
Event: 13.066 loading class org/jetbrains/kotlin/load/java/lazy/descriptors/LazyJavaScope$resolveProperty$1
Event: 13.066 loading class org/jetbrains/kotlin/load/java/lazy/descriptors/LazyJavaScope$resolveProperty$1 done
Event: 13.066 loading class org/jetbrains/kotlin/load/java/structure/impl/JavaFieldImpl
Event: 13.066 loading class org/jetbrains/kotlin/load/java/structure/impl/JavaFieldImpl done
Event: 13.067 loading class org/jetbrains/kotlin/load/java/structure/impl/JavaMemberImpl
Event: 13.067 loading class org/jetbrains/kotlin/load/java/structure/impl/JavaMemberImpl done
Event: 13.067 loading class org/jetbrains/kotlin/load/java/lazy/descriptors/JavaDescriptorUtilKt
Event: 13.067 loading class org/jetbrains/kotlin/load/java/lazy/descriptors/JavaDescriptorUtilKt done
Event: 13.068 loading class org/jetbrains/kotlin/resolve/calls/smartcasts/SmartCastUtilKt
Event: 13.068 loading class org/jetbrains/kotlin/resolve/calls/smartcasts/SmartCastUtilKt done
Event: 13.068 loading class org/jetbrains/kotlin/resolve/calls/smartcasts/SmartCastReceiverValue
Event: 13.068 loading class org/jetbrains/kotlin/resolve/calls/smartcasts/SmartCastReceiverValue done
Event: 13.068 loading class org/jetbrains/kotlin/resolve/calls/tower/VisibilityError
Event: 13.068 loading class org/jetbrains/kotlin/resolve/calls/tower/VisibilityError done
Event: 13.069 Executing VM operation: ICBufferFull
Event: 13.069 Executing VM operation: ICBufferFull done


Dynamic libraries:
0x00007ff6caed0000 - 0x00007ff6caeda000 	C:\Program Files\Android\Android Studio\jre\bin\java.exe
0x00007fff40830000 - 0x00007fff40a25000 	C:\WINDOWS\SYSTEM32\ntdll.dll
0x00007fff3e920000 - 0x00007fff3e9de000 	C:\WINDOWS\System32\KERNEL32.DLL
0x00007fff3e0a0000 - 0x00007fff3e368000 	C:\WINDOWS\System32\KERNELBASE.dll
0x00007fff3e5f0000 - 0x00007fff3e6f0000 	C:\WINDOWS\System32\ucrtbase.dll
0x00007fff2ce20000 - 0x00007fff2ce37000 	C:\Program Files\Android\Android Studio\jre\bin\VCRUNTIME140.dll
0x00007fff34500000 - 0x00007fff34519000 	C:\Program Files\Android\Android Studio\jre\bin\jli.dll
0x00007fff40120000 - 0x00007fff402c0000 	C:\WINDOWS\System32\USER32.dll
0x00007fff3e410000 - 0x00007fff3e432000 	C:\WINDOWS\System32\win32u.dll
0x00007fff2d450000 - 0x00007fff2d6ea000 	C:\WINDOWS\WinSxS\amd64_microsoft.windows.common-controls_6595b64144ccf1df_6.0.19041.1110_none_60b5254171f9507e\COMCTL32.dll
0x00007fff3ecf0000 - 0x00007fff3ed1b000 	C:\WINDOWS\System32\GDI32.dll
0x00007fff3eb20000 - 0x00007fff3ebbe000 	C:\WINDOWS\System32\msvcrt.dll
0x00007fff3e740000 - 0x00007fff3e84d000 	C:\WINDOWS\System32\gdi32full.dll
0x00007fff3e370000 - 0x00007fff3e40d000 	C:\WINDOWS\System32\msvcp_win.dll
0x00007fff3fbf0000 - 0x00007fff3fc20000 	C:\WINDOWS\System32\IMM32.DLL
0x00007fff21c90000 - 0x00007fff21d2d000 	C:\Program Files\Android\Android Studio\jre\bin\msvcp140.dll
0x00007fff04710000 - 0x00007fff051e5000 	C:\Program Files\Android\Android Studio\jre\bin\server\jvm.dll
0x00007fff3fc20000 - 0x00007fff3fcce000 	C:\WINDOWS\System32\ADVAPI32.dll
0x00007fff3e880000 - 0x00007fff3e91c000 	C:\WINDOWS\System32\sechost.dll
0x00007fff3ebc0000 - 0x00007fff3ece5000 	C:\WINDOWS\System32\RPCRT4.dll
0x00007fff40110000 - 0x00007fff40118000 	C:\WINDOWS\System32\PSAPI.DLL
0x00007fff34190000 - 0x00007fff341b7000 	C:\WINDOWS\SYSTEM32\WINMM.dll
0x00007fff2e070000 - 0x00007fff2e079000 	C:\WINDOWS\SYSTEM32\WSOCK32.dll
0x00007fff38d10000 - 0x00007fff38d1a000 	C:\WINDOWS\SYSTEM32\VERSION.dll
0x00007fff3fe80000 - 0x00007fff3feeb000 	C:\WINDOWS\System32\WS2_32.dll
0x00007fff3be30000 - 0x00007fff3be42000 	C:\WINDOWS\SYSTEM32\kernel.appcore.dll
0x00007fff39b00000 - 0x00007fff39b11000 	C:\Program Files\Android\Android Studio\jre\bin\verify.dll
0x00007fff316f0000 - 0x00007fff318d4000 	C:\WINDOWS\SYSTEM32\DBGHELP.DLL
0x00007fff2e080000 - 0x00007fff2e0ac000 	C:\WINDOWS\SYSTEM32\dbgcore.DLL
0x00007fff3e4b0000 - 0x00007fff3e532000 	C:\WINDOWS\System32\bcryptPrimitives.dll
0x00007fff382d0000 - 0x00007fff382f9000 	C:\Program Files\Android\Android Studio\jre\bin\java.dll
0x00007fff39c10000 - 0x00007fff39c1b000 	C:\Program Files\Android\Android Studio\jre\bin\jimage.dll
0x00007fff37e50000 - 0x00007fff37e68000 	C:\Program Files\Android\Android Studio\jre\bin\zip.dll
0x00007fff3eec0000 - 0x00007fff3f604000 	C:\WINDOWS\System32\SHELL32.dll
0x00007fff3c030000 - 0x00007fff3c7c4000 	C:\WINDOWS\SYSTEM32\windows.storage.dll
0x00007fff3f7b0000 - 0x00007fff3fb05000 	C:\WINDOWS\System32\combase.dll
0x00007fff3d990000 - 0x00007fff3d9be000 	C:\WINDOWS\SYSTEM32\Wldp.dll
0x00007fff3ee00000 - 0x00007fff3eead000 	C:\WINDOWS\System32\SHCORE.dll
0x00007fff3f630000 - 0x00007fff3f685000 	C:\WINDOWS\System32\shlwapi.dll
0x00007fff3de80000 - 0x00007fff3de9f000 	C:\WINDOWS\SYSTEM32\profapi.dll
0x00007fff37e30000 - 0x00007fff37e4a000 	C:\Program Files\Android\Android Studio\jre\bin\net.dll
0x00007fff385b0000 - 0x00007fff386bc000 	C:\WINDOWS\SYSTEM32\WINHTTP.dll
0x00007fff3d6f0000 - 0x00007fff3d75a000 	C:\WINDOWS\system32\mswsock.dll
0x00007fff372c0000 - 0x00007fff372d4000 	C:\Program Files\Android\Android Studio\jre\bin\nio.dll
0x00007fff2e700000 - 0x00007fff2e727000 	C:\Users\Francesco\.gradle\native\e1d6ef7f7dcc3fd88c89a11ec53ec762bb8ba0a96d01ffa2cd45eb1d1d8dd5c5\windows-amd64\native-platform.dll
0x00007fff15aa0000 - 0x00007fff15be4000 	C:\Users\Francesco\.gradle\native\5664cfc778a61ccfe75a443a1ab52a65af34e5dc3c78e0209fed803814484fcb\windows-amd64\native-platform-file-events.dll
0x00007fff39b90000 - 0x00007fff39b9a000 	C:\Program Files\Android\Android Studio\jre\bin\management.dll
0x00007fff39340000 - 0x00007fff3934d000 	C:\Program Files\Android\Android Studio\jre\bin\management_ext.dll
0x00007fff3d8e0000 - 0x00007fff3d8f8000 	C:\WINDOWS\SYSTEM32\CRYPTSP.dll
0x00007fff3d000000 - 0x00007fff3d034000 	C:\WINDOWS\system32\rsaenh.dll
0x00007fff3e850000 - 0x00007fff3e877000 	C:\WINDOWS\System32\bcrypt.dll
0x00007fff3de40000 - 0x00007fff3de6e000 	C:\WINDOWS\SYSTEM32\USERENV.dll
0x00007fff3d900000 - 0x00007fff3d90c000 	C:\WINDOWS\SYSTEM32\CRYPTBASE.dll
0x00007fff3d390000 - 0x00007fff3d3cb000 	C:\WINDOWS\SYSTEM32\IPHLPAPI.DLL
0x00007fff3ed20000 - 0x00007fff3ed28000 	C:\WINDOWS\System32\NSI.dll
0x00007fff38bf0000 - 0x00007fff38c07000 	C:\WINDOWS\SYSTEM32\dhcpcsvc6.DLL
0x00007fff38bd0000 - 0x00007fff38bed000 	C:\WINDOWS\SYSTEM32\dhcpcsvc.DLL
0x00007fff3d3d0000 - 0x00007fff3d49b000 	C:\WINDOWS\SYSTEM32\DNSAPI.dll
0x00007fff2f9e0000 - 0x00007fff2fa07000 	C:\Program Files\Android\Android Studio\jre\bin\sunec.dll

dbghelp: loaded successfully - version: 4.0.5 - missing functions: none
symbol engine: initialized successfully - sym options: 0x614 - pdb path: .;C:\Program Files\Android\Android Studio\jre\bin;C:\WINDOWS\SYSTEM32;C:\WINDOWS\WinSxS\amd64_microsoft.windows.common-controls_6595b64144ccf1df_6.0.19041.1110_none_60b5254171f9507e;C:\Program Files\Android\Android Studio\jre\bin\server;C:\Users\Francesco\.gradle\native\e1d6ef7f7dcc3fd88c89a11ec53ec762bb8ba0a96d01ffa2cd45eb1d1d8dd5c5\windows-amd64;C:\Users\Francesco\.gradle\native\5664cfc778a61ccfe75a443a1ab52a65af34e5dc3c78e0209fed803814484fcb\windows-amd64

VM Arguments:
jvm_args: -XX:MaxMetaspaceSize=256m -XX:+HeapDumpOnOutOfMemoryError --add-opens=java.base/java.util=ALL-UNNAMED --add-opens=java.base/java.lang=ALL-UNNAMED --add-opens=java.base/java.lang.invoke=ALL-UNNAMED --add-opens=java.base/java.util=ALL-UNNAMED --add-opens=java.prefs/java.util.prefs=ALL-UNNAMED --add-opens=java.prefs/java.util.prefs=ALL-UNNAMED --add-opens=java.base/java.nio.charset=ALL-UNNAMED --add-opens=java.base/java.net=ALL-UNNAMED --add-opens=java.base/java.util.concurrent.atomic=ALL-UNNAMED -Xms256m -Xmx512m -Dfile.encoding=windows-1252 -Duser.country=IT -Duser.language=it -Duser.variant 
java_command: org.gradle.launcher.daemon.bootstrap.GradleDaemon 7.3
java_class_path (initial): C:\Users\Francesco\.gradle\wrapper\dists\gradle-7.3-bin\ddwl0k7mt9g6ak16i1m905vyv\gradle-7.3\lib\gradle-launcher-7.3.jar
Launcher Type: SUN_STANDARD

[Global flags]
     intx CICompilerCount                          = 3                                         {product} {ergonomic}
   size_t CompressedClassSpaceSize                 = 260046848                                 {product} {ergonomic}
     uint ConcGCThreads                            = 2                                         {product} {ergonomic}
     uint G1ConcRefinementThreads                  = 6                                         {product} {ergonomic}
   size_t G1HeapRegionSize                         = 1048576                                   {product} {ergonomic}
    uintx GCDrainStackTargetSize                   = 64                                        {product} {ergonomic}
     bool HeapDumpOnOutOfMemoryError               = true                                   {manageable} {command line}
   size_t InitialHeapSize                          = 268435456                                 {product} {command line}
   size_t MarkStackSize                            = 4194304                                   {product} {ergonomic}
   size_t MaxHeapSize                              = 536870912                                 {product} {command line}
   size_t MaxMetaspaceSize                         = 268435456                                 {product} {command line}
   size_t MaxNewSize                               = 321912832                                 {product} {ergonomic}
   size_t MinHeapDeltaBytes                        = 1048576                                   {product} {ergonomic}
    uintx NonNMethodCodeHeapSize                   = 5830732                                {pd product} {ergonomic}
    uintx NonProfiledCodeHeapSize                  = 122913754                              {pd product} {ergonomic}
    uintx ProfiledCodeHeapSize                     = 122913754                              {pd product} {ergonomic}
    uintx ReservedCodeCacheSize                    = 251658240                              {pd product} {ergonomic}
     bool SegmentedCodeCache                       = true                                      {product} {ergonomic}
     bool UseCompressedClassPointers               = true                                 {lp64_product} {ergonomic}
     bool UseCompressedOops                        = true                                 {lp64_product} {ergonomic}
     bool UseG1GC                                  = true                                      {product} {ergonomic}
     bool UseLargePagesIndividualAllocation        = false                                  {pd product} {ergonomic}

Logging:
Log output configuration:
 #0: stdout all=warning uptime,level,tags
 #1: stderr all=off uptime,level,tags

Environment Variables:
PATH=C:\Users\Francesco\gcc\bin;C:\Users\Francesco\gcc\libexec\gcc\x86_64-pc-mingw32\4.7.0;C:\Program Files (x86)\Common Files\Oracle\Java\javapath;C:\Program Files (x86)\Intel\Intel(R) Management Engine Components\iCLS\;C:\Program Files\Intel\Intel(R) Management Engine Components\iCLS\;C:\Windows\system32;C:\Windows;C:\Windows\System32\Wbem;C:\Windows\System32\WindowsPowerShell\v1.0\;C:\Windows\System32\OpenSSH\;C:\Program Files (x86)\Intel\Intel(R) Management Engine Components\DAL;C:\Program Files\Intel\Intel(R) Management Engine Components\DAL;C:\Program Files (x86)\Intel\Intel(R) Management Engine Components\IPT;C:\Program Files\Intel\Intel(R) Management Engine Components\IPT;C:\Program Files (x86)\NVIDIA Corporation\PhysX\Common;C:\Program Files\NVIDIA Corporation\NVIDIA NvDLISR;C:\WINDOWS\system32;C:\WINDOWS;C:\WINDOWS\System32\Wbem;C:\WINDOWS\System32\WindowsPowerShell\v1.0\;C:\WINDOWS\System32\OpenSSH\;C:\Program Files\dotnet\;C:\Program Files\Microsoft SQL Server\130\Tools\Binn\;C:\Program Files\Microsoft SQL Server\Client SDK\ODBC\170\Tools\Binn\;C:\Program Files\Git\cmd;C:\Program Files (x86)\nodejs\;C:\sqlite3;%USERPROFILE%\AppData\Local\Microsoft\WindowsApps;%USERPROFILE%\.dotnet\tools;;C:\Users\Francesco\AppData\Local\Programs\Microsoft VS Code\bin;C:\Users\Francesco\AppData\Roaming\npm;C:\Exercism
USERNAME=Francesco
OS=Windows_NT
PROCESSOR_IDENTIFIER=Intel64 Family 6 Model 158 Stepping 10, GenuineIntel



---------------  S Y S T E M  ---------------

OS: Windows 10 , 64 bit Build 19041 (10.0.19041.1503)
OS uptime: 8 days 21:18 hours

CPU:total 6 (initial active 6) (6 cores per cpu, 1 threads per core) family 6 model 158 stepping 10 microcode 0xb4, cmov, cx8, fxsr, mmx, sse, sse2, sse3, ssse3, sse4.1, sse4.2, popcnt, avx, avx2, aes, clmul, erms, 3dnowpref, lzcnt, tsc, tscinvbit, bmi1, bmi2, adx, fma

Memory: 4k page, system-wide physical 16297M (8033M free)
TotalPageFile size 45971M (AvailPageFile size 8M)
current process WorkingSet (physical memory assigned to process): 533M, peak: 536M
current process commit charge ("private bytes"): 574M, peak: 578M

vm_info: OpenJDK 64-Bit Server VM (11.0.11+9-b60-7590822) for windows-amd64 JRE (11.0.11+9-b60-7590822), built on Jul 29 2021 21:43:44 by "builder" with MS VC++ 14.0 (VS2015)

END.
